------------------------------------------------------------------------------------------------------------------------

[2021-05-03 06:22:38 #1 store] 
Database 'C:\Users\Josu\Documents\ESKOLA\UNI 2\SI\workspace\Bets21Azkena\src\main\resources\bets.temp' is opened by 7500@DESKTOP-1B6RACQ

[2021-05-03 06:22:38 #2 type.registry] 
New type domain.Apustua

[2021-05-03 06:22:38 #3 type] 
Type domain.Apustua is not enhanced.

[2021-05-03 06:22:38 #4 type.registry] 
New type domain.Pronostikoa

[2021-05-03 06:22:38 #5 type.registry] 
New type java.util.ArrayList<domain.Pronostikoa>

[2021-05-03 06:22:38 #6 type.registry] 
New type domain.Pertsona

[2021-05-03 06:22:38 #7 type.registry] 
New type domain.Bezeroa

[2021-05-03 06:22:38 #8 type] 
Type domain.Pronostikoa is not enhanced.

[2021-05-03 06:22:38 #9 type.registry] 
New type java.util.Vector<domain.Apustua>

[2021-05-03 06:22:38 #10 type.registry] 
New type domain.Question

[2021-05-03 06:22:38 #11 type] 
Type domain.Pertsona is not enhanced.

[2021-05-03 06:22:38 #12 type] 
Type domain.Bezeroa is not enhanced.

[2021-05-03 06:22:38 #13 type.registry] 
New type domain.Errepikapena

[2021-05-03 06:22:38 #14 type.registry] 
New type java.util.Vector<domain.Errepikapena>

[2021-05-03 06:22:38 #15 type.registry] 
New type domain.Mezua

[2021-05-03 06:22:38 #16 type.registry] 
New type java.util.Vector<domain.Mezua>

[2021-05-03 06:22:38 #17 type.registry] 
New type domain.Mugimendua

[2021-05-03 06:22:38 #18 type.registry] 
New type java.util.Vector<domain.Mugimendua>

[2021-05-03 06:22:38 #19 type] 
Type domain.Question is not enhanced.

[2021-05-03 06:22:38 #20 type.registry] 
New type java.util.Vector<domain.Pronostikoa>

[2021-05-03 06:22:38 #21 type.registry] 
New type domain.Event

[2021-05-03 06:22:38 #22 type] 
Type domain.Errepikapena is not enhanced.

[2021-05-03 06:22:38 #23 type] 
Type domain.Mezua is not enhanced.

[2021-05-03 06:22:38 #24 type] 
Type domain.Mugimendua is not enhanced.

[2021-05-03 06:22:38 #25 type] 
Type domain.Event is not enhanced.

[2021-05-03 06:22:38 #26 type.registry] 
New type java.util.Vector<domain.Question>

[2021-05-03 06:22:38 #27 type.registry] 
New type domain.Langilea

[2021-05-03 06:22:38 #28 type] 
Type domain.Langilea is not enhanced.

[2021-05-03 06:22:38 #29 type.registry] 
New type java.util.ArrayList<java.lang.Object>

[2021-05-03 06:22:38 #30 type.registry] 
New type java.util.Vector<java.lang.Object>

------------------------------------------------------------------------------------------------------------------------

[2021-05-03 06:29:27 #1 store] 
Database 'C:\Users\Josu\Documents\ESKOLA\UNI 2\SI\workspace\Bets21Azkena\src\main\resources\bets.temp' is opened by 2108@DESKTOP-1B6RACQ

[2021-05-03 06:29:27 #2 type.registry] 
New type domain.Apustua

[2021-05-03 06:29:27 #3 type] 
Type domain.Apustua is not enhanced.

[2021-05-03 06:29:27 #4 type.registry] 
New type domain.Pronostikoa

[2021-05-03 06:29:27 #5 type.registry] 
New type java.util.ArrayList<domain.Pronostikoa>

[2021-05-03 06:29:27 #6 type.registry] 
New type domain.Pertsona

[2021-05-03 06:29:27 #7 type.registry] 
New type domain.Bezeroa

[2021-05-03 06:29:27 #8 type] 
Type domain.Pronostikoa is not enhanced.

[2021-05-03 06:29:27 #9 type.registry] 
New type java.util.Vector<domain.Apustua>

[2021-05-03 06:29:27 #10 type.registry] 
New type domain.Question

[2021-05-03 06:29:27 #11 type] 
Type domain.Pertsona is not enhanced.

[2021-05-03 06:29:27 #12 type] 
Type domain.Bezeroa is not enhanced.

[2021-05-03 06:29:27 #13 type.registry] 
New type domain.Errepikapena

[2021-05-03 06:29:27 #14 type.registry] 
New type java.util.Vector<domain.Errepikapena>

[2021-05-03 06:29:27 #15 type.registry] 
New type domain.Mezua

[2021-05-03 06:29:27 #16 type.registry] 
New type java.util.Vector<domain.Mezua>

[2021-05-03 06:29:27 #17 type.registry] 
New type domain.Mugimendua

[2021-05-03 06:29:27 #18 type.registry] 
New type java.util.Vector<domain.Mugimendua>

[2021-05-03 06:29:27 #19 type] 
Type domain.Question is not enhanced.

[2021-05-03 06:29:27 #20 type.registry] 
New type java.util.Vector<domain.Pronostikoa>

[2021-05-03 06:29:27 #21 type.registry] 
New type domain.Event

[2021-05-03 06:29:27 #22 type] 
Type domain.Errepikapena is not enhanced.

[2021-05-03 06:29:27 #23 type] 
Type domain.Mezua is not enhanced.

[2021-05-03 06:29:27 #24 type] 
Type domain.Mugimendua is not enhanced.

[2021-05-03 06:29:27 #25 type] 
Type domain.Event is not enhanced.

[2021-05-03 06:29:27 #26 type.registry] 
New type java.util.Vector<domain.Question>

[2021-05-03 06:29:27 #27 type.registry] 
New type domain.Langilea

[2021-05-03 06:29:27 #28 type] 
Type domain.Langilea is not enhanced.

[2021-05-03 06:29:27 #29 type.registry] 
New type java.util.ArrayList<java.lang.Object>

[2021-05-03 06:29:27 #30 type.registry] 
New type java.util.Vector<java.lang.Object>

------------------------------------------------------------------------------------------------------------------------

[2021-05-03 06:43:25 #1 store] 
Database 'C:\Users\Josu\Documents\ESKOLA\UNI 2\SI\workspace\Bets21Azkena\src\main\resources\bets.temp' is opened by 13432@DESKTOP-1B6RACQ

[2021-05-03 06:43:25 #2 type.registry] 
New type domain.Apustua

[2021-05-03 06:43:25 #3 type] 
Type domain.Apustua is not enhanced.

[2021-05-03 06:43:25 #4 type.registry] 
New type domain.Pronostikoa

[2021-05-03 06:43:25 #5 type.registry] 
New type java.util.ArrayList<domain.Pronostikoa>

[2021-05-03 06:43:25 #6 type.registry] 
New type domain.Pertsona

[2021-05-03 06:43:25 #7 type.registry] 
New type domain.Bezeroa

[2021-05-03 06:43:25 #8 type] 
Type domain.Pronostikoa is not enhanced.

[2021-05-03 06:43:25 #9 type.registry] 
New type java.util.Vector<domain.Apustua>

[2021-05-03 06:43:25 #10 type.registry] 
New type domain.Question

[2021-05-03 06:43:25 #11 type] 
Type domain.Pertsona is not enhanced.

[2021-05-03 06:43:25 #12 type] 
Type domain.Bezeroa is not enhanced.

[2021-05-03 06:43:25 #13 type.registry] 
New type domain.Errepikapena

[2021-05-03 06:43:25 #14 type.registry] 
New type java.util.Vector<domain.Errepikapena>

[2021-05-03 06:43:25 #15 type.registry] 
New type domain.Mezua

[2021-05-03 06:43:25 #16 type.registry] 
New type java.util.Vector<domain.Mezua>

[2021-05-03 06:43:25 #17 type.registry] 
New type domain.Mugimendua

[2021-05-03 06:43:25 #18 type.registry] 
New type java.util.Vector<domain.Mugimendua>

[2021-05-03 06:43:25 #19 type] 
Type domain.Question is not enhanced.

[2021-05-03 06:43:25 #20 type.registry] 
New type java.util.Vector<domain.Pronostikoa>

[2021-05-03 06:43:25 #21 type.registry] 
New type domain.Event

[2021-05-03 06:43:25 #22 type] 
Type domain.Errepikapena is not enhanced.

[2021-05-03 06:43:25 #23 type] 
Type domain.Mezua is not enhanced.

[2021-05-03 06:43:25 #24 type] 
Type domain.Mugimendua is not enhanced.

[2021-05-03 06:43:25 #25 type] 
Type domain.Event is not enhanced.

[2021-05-03 06:43:25 #26 type.registry] 
New type java.util.Vector<domain.Question>

[2021-05-03 06:43:25 #27 type.registry] 
New type domain.Langilea

[2021-05-03 06:43:25 #28 type] 
Type domain.Langilea is not enhanced.

[2021-05-03 06:43:25 #29 type.registry] 
New type java.util.ArrayList<java.lang.Object>

[2021-05-03 06:43:25 #30 type.registry] 
New type java.util.Vector<java.lang.Object>

------------------------------------------------------------------------------------------------------------------------

[2021-05-03 07:14:41 #1 store] 
Database 'C:\Users\Josu\Documents\ESKOLA\UNI 2\SI\workspace\Bets21Azkena\src\main\resources\bets.temp' is opened by 7976@DESKTOP-1B6RACQ

[2021-05-03 07:14:42 #2 type.registry] 
New type domain.Apustua

[2021-05-03 07:14:42 #3 type] 
Type domain.Apustua is not enhanced.

[2021-05-03 07:14:42 #4 type.registry] 
New type domain.Pronostikoa

[2021-05-03 07:14:42 #5 type.registry] 
New type java.util.ArrayList<domain.Pronostikoa>

[2021-05-03 07:14:42 #6 type.registry] 
New type domain.Pertsona

[2021-05-03 07:14:42 #7 type.registry] 
New type domain.Bezeroa

[2021-05-03 07:14:42 #8 type] 
Type domain.Pronostikoa is not enhanced.

[2021-05-03 07:14:42 #9 type.registry] 
New type java.util.Vector<domain.Apustua>

[2021-05-03 07:14:42 #10 type.registry] 
New type domain.Question

[2021-05-03 07:14:42 #11 type] 
Type domain.Pertsona is not enhanced.

[2021-05-03 07:14:42 #12 type] 
Type domain.Bezeroa is not enhanced.

[2021-05-03 07:14:42 #13 type.registry] 
New type domain.Errepikapena

[2021-05-03 07:14:42 #14 type.registry] 
New type java.util.Vector<domain.Errepikapena>

[2021-05-03 07:14:42 #15 type.registry] 
New type domain.Mezua

[2021-05-03 07:14:42 #16 type.registry] 
New type java.util.Vector<domain.Mezua>

[2021-05-03 07:14:42 #17 type.registry] 
New type domain.Mugimendua

[2021-05-03 07:14:42 #18 type.registry] 
New type java.util.Vector<domain.Mugimendua>

[2021-05-03 07:14:42 #19 type] 
Type domain.Question is not enhanced.

[2021-05-03 07:14:42 #20 type.registry] 
New type java.util.Vector<domain.Pronostikoa>

[2021-05-03 07:14:42 #21 type.registry] 
New type domain.Event

[2021-05-03 07:14:42 #22 type] 
Type domain.Errepikapena is not enhanced.

[2021-05-03 07:14:42 #23 type] 
Type domain.Mezua is not enhanced.

[2021-05-03 07:14:42 #24 type] 
Type domain.Mugimendua is not enhanced.

[2021-05-03 07:14:42 #25 type] 
Type domain.Event is not enhanced.

[2021-05-03 07:14:42 #26 type.registry] 
New type java.util.Vector<domain.Question>

[2021-05-03 07:14:42 #27 type.registry] 
New type domain.Langilea

[2021-05-03 07:14:42 #28 type] 
Type domain.Langilea is not enhanced.

[2021-05-03 07:14:42 #29 type.registry] 
New type java.util.ArrayList<java.lang.Object>

[2021-05-03 07:14:42 #30 type.registry] 
New type java.util.Vector<java.lang.Object>

------------------------------------------------------------------------------------------------------------------------

[2021-05-03 12:08:36 #1 store] 
Database 'C:\Users\Josu\Documents\ESKOLA\UNI 2\SI\workspace\Bets21Azkena\src\main\resources\bets.temp' is opened by 11240@DESKTOP-1B6RACQ

[2021-05-03 12:08:36 #2 type.registry] 
New type domain.Apustua

[2021-05-03 12:08:36 #3 type] 
Type domain.Apustua is not enhanced.

[2021-05-03 12:08:36 #4 type.registry] 
New type domain.Pronostikoa

[2021-05-03 12:08:36 #5 type.registry] 
New type java.util.ArrayList<domain.Pronostikoa>

[2021-05-03 12:08:36 #6 type.registry] 
New type domain.Pertsona

[2021-05-03 12:08:36 #7 type.registry] 
New type domain.Bezeroa

[2021-05-03 12:08:36 #8 type] 
Type domain.Pronostikoa is not enhanced.

[2021-05-03 12:08:36 #9 type.registry] 
New type java.util.Vector<domain.Apustua>

[2021-05-03 12:08:36 #10 type.registry] 
New type domain.Question

[2021-05-03 12:08:36 #11 type] 
Type domain.Pertsona is not enhanced.

[2021-05-03 12:08:36 #12 type] 
Type domain.Bezeroa is not enhanced.

[2021-05-03 12:08:36 #13 type.registry] 
New type domain.Errepikapena

[2021-05-03 12:08:36 #14 type.registry] 
New type java.util.Vector<domain.Errepikapena>

[2021-05-03 12:08:36 #15 type.registry] 
New type domain.Mezua

[2021-05-03 12:08:36 #16 type.registry] 
New type java.util.Vector<domain.Mezua>

[2021-05-03 12:08:36 #17 type.registry] 
New type domain.Mugimendua

[2021-05-03 12:08:36 #18 type.registry] 
New type java.util.Vector<domain.Mugimendua>

[2021-05-03 12:08:36 #19 type] 
Type domain.Question is not enhanced.

[2021-05-03 12:08:36 #20 type.registry] 
New type java.util.Vector<domain.Pronostikoa>

[2021-05-03 12:08:36 #21 type.registry] 
New type domain.Event

[2021-05-03 12:08:36 #22 type] 
Type domain.Errepikapena is not enhanced.

[2021-05-03 12:08:36 #23 type] 
Type domain.Mezua is not enhanced.

[2021-05-03 12:08:36 #24 type] 
Type domain.Mugimendua is not enhanced.

[2021-05-03 12:08:36 #25 type] 
Type domain.Event is not enhanced.

[2021-05-03 12:08:36 #26 type.registry] 
New type java.util.Vector<domain.Question>

[2021-05-03 12:08:36 #27 type.registry] 
New type domain.Langilea

[2021-05-03 12:08:36 #28 type] 
Type domain.Langilea is not enhanced.

[2021-05-03 12:08:36 #29 type.registry] 
New type java.util.ArrayList<java.lang.Object>

[2021-05-03 12:08:36 #30 type.registry] 
New type java.util.Vector<java.lang.Object>

------------------------------------------------------------------------------------------------------------------------

[2021-05-03 15:41:02 #1 store] 
Database 'C:\Users\Josu\Documents\ESKOLA\UNI 2\SI\workspace\Bets21Azkena\src\main\resources\bets.temp' is opened by 8624@DESKTOP-1B6RACQ

[2021-05-03 15:41:03 #2 type.registry] 
New type domain.Apustua

[2021-05-03 15:41:03 #3 type] 
Type domain.Apustua is not enhanced.

[2021-05-03 15:41:03 #4 type.registry] 
New type domain.Pronostikoa

[2021-05-03 15:41:03 #5 type.registry] 
New type java.util.ArrayList<domain.Pronostikoa>

[2021-05-03 15:41:03 #6 type.registry] 
New type domain.Pertsona

[2021-05-03 15:41:03 #7 type.registry] 
New type domain.Bezeroa

[2021-05-03 15:41:03 #8 type] 
Type domain.Pronostikoa is not enhanced.

[2021-05-03 15:41:03 #9 type.registry] 
New type java.util.Vector<domain.Apustua>

[2021-05-03 15:41:03 #10 type.registry] 
New type domain.Question

[2021-05-03 15:41:03 #11 type] 
Type domain.Pertsona is not enhanced.

[2021-05-03 15:41:03 #12 type] 
Type domain.Bezeroa is not enhanced.

[2021-05-03 15:41:03 #13 type.registry] 
New type domain.Errepikapena

[2021-05-03 15:41:03 #14 type.registry] 
New type java.util.Vector<domain.Errepikapena>

[2021-05-03 15:41:03 #15 type.registry] 
New type domain.Mezua

[2021-05-03 15:41:03 #16 type.registry] 
New type java.util.Vector<domain.Mezua>

[2021-05-03 15:41:03 #17 type.registry] 
New type domain.Mugimendua

[2021-05-03 15:41:03 #18 type.registry] 
New type java.util.Vector<domain.Mugimendua>

[2021-05-03 15:41:03 #19 type] 
Type domain.Question is not enhanced.

[2021-05-03 15:41:03 #20 type.registry] 
New type java.util.Vector<domain.Pronostikoa>

[2021-05-03 15:41:03 #21 type.registry] 
New type domain.Event

[2021-05-03 15:41:03 #22 type] 
Type domain.Errepikapena is not enhanced.

[2021-05-03 15:41:03 #23 type] 
Type domain.Mezua is not enhanced.

[2021-05-03 15:41:03 #24 type] 
Type domain.Mugimendua is not enhanced.

[2021-05-03 15:41:03 #25 type] 
Type domain.Event is not enhanced.

[2021-05-03 15:41:03 #26 type.registry] 
New type java.util.Vector<domain.Question>

[2021-05-03 15:41:03 #27 type.registry] 
New type domain.Admin

[2021-05-03 15:41:03 #28 type] 
Type domain.Admin is not enhanced.

[2021-05-03 15:41:03 #29 type.registry] 
New type domain.Langilea

[2021-05-03 15:41:03 #30 type] 
Type domain.Langilea is not enhanced.

------------------------------------------------------------------------------------------------------------------------

[2021-05-03 15:41:30 #1 store] 
Database 'C:\Users\Josu\Documents\ESKOLA\UNI 2\SI\workspace\Bets21Azkena\src\main\resources\bets.temp' is opened by 13796@DESKTOP-1B6RACQ

[2021-05-03 15:41:30 #2 type.registry] 
New type domain.Apustua

[2021-05-03 15:41:30 #3 type] 
Type domain.Apustua is not enhanced.

[2021-05-03 15:41:30 #4 type.registry] 
New type domain.Pronostikoa

[2021-05-03 15:41:30 #5 type.registry] 
New type java.util.ArrayList<domain.Pronostikoa>

[2021-05-03 15:41:30 #6 type.registry] 
New type domain.Pertsona

[2021-05-03 15:41:30 #7 type.registry] 
New type domain.Bezeroa

[2021-05-03 15:41:30 #8 type] 
Type domain.Pronostikoa is not enhanced.

[2021-05-03 15:41:30 #9 type.registry] 
New type java.util.Vector<domain.Apustua>

[2021-05-03 15:41:30 #10 type.registry] 
New type domain.Question

[2021-05-03 15:41:30 #11 type] 
Type domain.Pertsona is not enhanced.

[2021-05-03 15:41:30 #12 type] 
Type domain.Bezeroa is not enhanced.

[2021-05-03 15:41:30 #13 type.registry] 
New type domain.Errepikapena

[2021-05-03 15:41:30 #14 type.registry] 
New type java.util.Vector<domain.Errepikapena>

[2021-05-03 15:41:30 #15 type.registry] 
New type domain.Mezua

[2021-05-03 15:41:30 #16 type.registry] 
New type java.util.Vector<domain.Mezua>

[2021-05-03 15:41:30 #17 type.registry] 
New type domain.Mugimendua

[2021-05-03 15:41:30 #18 type.registry] 
New type java.util.Vector<domain.Mugimendua>

[2021-05-03 15:41:30 #19 type] 
Type domain.Question is not enhanced.

[2021-05-03 15:41:30 #20 type.registry] 
New type java.util.Vector<domain.Pronostikoa>

[2021-05-03 15:41:30 #21 type.registry] 
New type domain.Event

[2021-05-03 15:41:30 #22 type] 
Type domain.Errepikapena is not enhanced.

[2021-05-03 15:41:30 #23 type] 
Type domain.Mezua is not enhanced.

[2021-05-03 15:41:30 #24 type] 
Type domain.Mugimendua is not enhanced.

[2021-05-03 15:41:30 #25 type] 
Type domain.Event is not enhanced.

[2021-05-03 15:41:30 #26 type.registry] 
New type java.util.Vector<domain.Question>

[2021-05-03 15:41:30 #27 type.registry] 
New type domain.Langilea

[2021-05-03 15:41:30 #28 type] 
Type domain.Langilea is not enhanced.

[2021-05-03 15:41:30 #29 type.registry] 
New type java.util.ArrayList<java.lang.Object>

[2021-05-03 15:41:30 #30 type.registry] 
New type java.util.Vector<java.lang.Object>

------------------------------------------------------------------------------------------------------------------------

[2021-05-03 15:42:10 #1 store] 
Database 'C:\Users\Josu\Documents\ESKOLA\UNI 2\SI\workspace\Bets21Azkena\src\main\resources\bets.temp' is opened by 1344@DESKTOP-1B6RACQ

[2021-05-03 15:42:10 #2 type.registry] 
New type domain.Apustua

[2021-05-03 15:42:10 #3 type] 
Type domain.Apustua is not enhanced.

[2021-05-03 15:42:10 #4 type.registry] 
New type domain.Pronostikoa

[2021-05-03 15:42:11 #5 type.registry] 
New type java.util.ArrayList<domain.Pronostikoa>

[2021-05-03 15:42:11 #6 type.registry] 
New type domain.Pertsona

[2021-05-03 15:42:11 #7 type.registry] 
New type domain.Bezeroa

[2021-05-03 15:42:11 #8 type] 
Type domain.Pronostikoa is not enhanced.

[2021-05-03 15:42:11 #9 type.registry] 
New type java.util.Vector<domain.Apustua>

[2021-05-03 15:42:11 #10 type.registry] 
New type domain.Question

[2021-05-03 15:42:11 #11 type] 
Type domain.Pertsona is not enhanced.

[2021-05-03 15:42:11 #12 type] 
Type domain.Bezeroa is not enhanced.

[2021-05-03 15:42:11 #13 type.registry] 
New type domain.Errepikapena

[2021-05-03 15:42:11 #14 type.registry] 
New type java.util.Vector<domain.Errepikapena>

[2021-05-03 15:42:11 #15 type.registry] 
New type domain.Mezua

[2021-05-03 15:42:11 #16 type.registry] 
New type java.util.Vector<domain.Mezua>

[2021-05-03 15:42:11 #17 type.registry] 
New type domain.Mugimendua

[2021-05-03 15:42:11 #18 type.registry] 
New type java.util.Vector<domain.Mugimendua>

[2021-05-03 15:42:11 #19 type] 
Type domain.Question is not enhanced.

[2021-05-03 15:42:11 #20 type.registry] 
New type java.util.Vector<domain.Pronostikoa>

[2021-05-03 15:42:11 #21 type.registry] 
New type domain.Event

[2021-05-03 15:42:11 #22 type] 
Type domain.Errepikapena is not enhanced.

[2021-05-03 15:42:11 #23 type] 
Type domain.Mezua is not enhanced.

[2021-05-03 15:42:11 #24 type] 
Type domain.Mugimendua is not enhanced.

[2021-05-03 15:42:11 #25 type] 
Type domain.Event is not enhanced.

[2021-05-03 15:42:11 #26 type.registry] 
New type java.util.Vector<domain.Question>

[2021-05-03 15:42:11 #27 type.registry] 
New type domain.Admin

[2021-05-03 15:42:11 #28 type] 
Type domain.Admin is not enhanced.

[2021-05-03 15:42:11 #29 type.registry] 
New type domain.Langilea

[2021-05-03 15:42:11 #30 type] 
Type domain.Langilea is not enhanced.

------------------------------------------------------------------------------------------------------------------------

[2021-05-03 15:42:25 #1 store] 
Database 'C:\Users\Josu\Documents\ESKOLA\UNI 2\SI\workspace\Bets21Azkena\src\main\resources\bets.temp' is opened by 9868@DESKTOP-1B6RACQ

[2021-05-03 15:42:25 #2 type.registry] 
New type domain.Apustua

[2021-05-03 15:42:25 #3 type] 
Type domain.Apustua is not enhanced.

[2021-05-03 15:42:25 #4 type.registry] 
New type domain.Pronostikoa

[2021-05-03 15:42:25 #5 type.registry] 
New type java.util.ArrayList<domain.Pronostikoa>

[2021-05-03 15:42:25 #6 type.registry] 
New type domain.Pertsona

[2021-05-03 15:42:25 #7 type.registry] 
New type domain.Bezeroa

[2021-05-03 15:42:25 #8 type] 
Type domain.Pronostikoa is not enhanced.

[2021-05-03 15:42:25 #9 type.registry] 
New type java.util.Vector<domain.Apustua>

[2021-05-03 15:42:25 #10 type.registry] 
New type domain.Question

[2021-05-03 15:42:25 #11 type] 
Type domain.Pertsona is not enhanced.

[2021-05-03 15:42:25 #12 type] 
Type domain.Bezeroa is not enhanced.

[2021-05-03 15:42:25 #13 type.registry] 
New type domain.Errepikapena

[2021-05-03 15:42:25 #14 type.registry] 
New type java.util.Vector<domain.Errepikapena>

[2021-05-03 15:42:25 #15 type.registry] 
New type domain.Mezua

[2021-05-03 15:42:25 #16 type.registry] 
New type java.util.Vector<domain.Mezua>

[2021-05-03 15:42:25 #17 type.registry] 
New type domain.Mugimendua

[2021-05-03 15:42:25 #18 type.registry] 
New type java.util.Vector<domain.Mugimendua>

[2021-05-03 15:42:25 #19 type] 
Type domain.Question is not enhanced.

[2021-05-03 15:42:25 #20 type.registry] 
New type java.util.Vector<domain.Pronostikoa>

[2021-05-03 15:42:25 #21 type.registry] 
New type domain.Event

[2021-05-03 15:42:25 #22 type] 
Type domain.Errepikapena is not enhanced.

[2021-05-03 15:42:25 #23 type] 
Type domain.Mezua is not enhanced.

[2021-05-03 15:42:25 #24 type] 
Type domain.Mugimendua is not enhanced.

[2021-05-03 15:42:25 #25 type] 
Type domain.Event is not enhanced.

[2021-05-03 15:42:25 #26 type.registry] 
New type java.util.Vector<domain.Question>

[2021-05-03 15:42:25 #27 type.registry] 
New type domain.Langilea

[2021-05-03 15:42:25 #28 type] 
Type domain.Langilea is not enhanced.

[2021-05-03 15:42:25 #29 type.registry] 
New type java.util.ArrayList<java.lang.Object>

[2021-05-03 15:42:25 #30 type.registry] 
New type java.util.Vector<java.lang.Object>

