------------------------------------------------------------------------------------------------------------------------

[2021-02-08 13:28:19 #1 store] 
Database '/Users/iturrioz/git/Bets21/src/main/resources/bets.temp' is opened by 2195@iMac-de-Jon.local

[2021-02-08 13:28:19 #2 type] 
Type domain.Question is not enhanced.

[2021-02-08 13:28:19 #3 type] 
Type domain.Event is not enhanced.

------------------------------------------------------------------------------------------------------------------------

[2021-02-08 13:29:21 #1 store] 
Database '/Users/iturrioz/git/Bets21/src/main/resources/bets.temp' is opened by 2208@iMac-de-Jon.local

[2021-02-08 13:29:21 #2 type.registry] 
New type domain.Question

[2021-02-08 13:29:21 #3 type] 
Type domain.Question is not enhanced.

[2021-02-08 13:29:21 #4 type.registry] 
New type domain.Event

[2021-02-08 13:29:21 #5 type] 
Type domain.Event is not enhanced.

[2021-02-08 13:29:21 #6 type.registry] 
New type java.util.Vector<domain.Question>

[2021-02-08 13:29:21 #7 type.registry] 
New type java.util.Vector<java.lang.Object>

------------------------------------------------------------------------------------------------------------------------

[2021-02-08 13:33:46 #1 store] 
Database '/Users/iturrioz/git/Bets21/src/main/resources/bets.temp' is opened by 2279@iMac-de-Jon.local

[2021-02-08 13:33:46 #2 type.registry] 
New type domain.Question

[2021-02-08 13:33:46 #3 type] 
Type domain.Question is not enhanced.

[2021-02-08 13:33:46 #4 type.registry] 
New type domain.Event

[2021-02-08 13:33:46 #5 type] 
Type domain.Event is not enhanced.

[2021-02-08 13:33:46 #6 type.registry] 
New type java.util.Vector<domain.Question>

[2021-02-08 13:33:46 #7 type.registry] 
New type java.util.Vector<java.lang.Object>

------------------------------------------------------------------------------------------------------------------------

[2021-02-08 13:34:33 #1 store] 
Database '/Users/iturrioz/git/Bets21/src/main/resources/bets.temp' is opened by 2288@iMac-de-Jon.local

[2021-02-08 13:34:33 #2 type.registry] 
New type domain.Question

[2021-02-08 13:34:33 #3 type] 
Type domain.Question is not enhanced.

[2021-02-08 13:34:33 #4 type.registry] 
New type domain.Event

[2021-02-08 13:34:33 #5 type] 
Type domain.Event is not enhanced.

[2021-02-08 13:34:33 #6 type.registry] 
New type java.util.Vector<domain.Question>

[2021-02-08 13:34:33 #7 type.registry] 
New type java.util.Vector<java.lang.Object>

------------------------------------------------------------------------------------------------------------------------

[2021-02-08 13:38:28 #1 store] 
Database '/Users/iturrioz/git/Bets21/src/main/resources/bets.temp' is opened by 2343@iMac-de-Jon.local

[2021-02-08 13:38:28 #2 type.registry] 
New type domain.Question

[2021-02-08 13:38:28 #3 type] 
Type domain.Question is not enhanced.

[2021-02-08 13:38:28 #4 type.registry] 
New type domain.Event

[2021-02-08 13:38:28 #5 type] 
Type domain.Event is not enhanced.

[2021-02-08 13:38:28 #6 type.registry] 
New type java.util.Vector<domain.Question>

[2021-02-08 13:38:28 #7 type.registry] 
New type java.util.Vector<java.lang.Object>

------------------------------------------------------------------------------------------------------------------------

[2021-02-08 13:39:00 #1 store] 
Database '/Users/iturrioz/git/Bets21/src/main/resources/bets.temp' is opened by 2350@iMac-de-Jon.local

[2021-02-08 13:39:00 #2 type.registry] 
New type domain.Question

[2021-02-08 13:39:00 #3 type] 
Type domain.Question is not enhanced.

[2021-02-08 13:39:00 #4 type.registry] 
New type domain.Event

[2021-02-08 13:39:00 #5 type] 
Type domain.Event is not enhanced.

[2021-02-08 13:39:00 #6 type.registry] 
New type java.util.Vector<domain.Question>

[2021-02-08 13:39:00 #7 type.registry] 
New type java.util.Vector<java.lang.Object>

------------------------------------------------------------------------------------------------------------------------

[2021-02-08 13:41:58 #1 store] 
Database '/Users/iturrioz/git/Bets21/src/main/resources/bets.temp' is opened by 2387@iMac-de-Jon.local

[2021-02-08 13:41:58 #2 type.registry] 
New type domain.Question

[2021-02-08 13:41:58 #3 type] 
Type domain.Question is not enhanced.

[2021-02-08 13:41:58 #4 type.registry] 
New type domain.Event

[2021-02-08 13:41:58 #5 type] 
Type domain.Event is not enhanced.

[2021-02-08 13:41:58 #6 type.registry] 
New type java.util.Vector<domain.Question>

[2021-02-08 13:41:58 #7 type.registry] 
New type java.util.Vector<java.lang.Object>

------------------------------------------------------------------------------------------------------------------------

[2021-02-08 13:44:02 #1 store] 
Database '/Users/iturrioz/git/Bets21/src/main/resources/bets.temp' is opened by 2413@iMac-de-Jon.local

[2021-02-08 13:44:03 #2 type.registry] 
New type domain.Question

[2021-02-08 13:44:03 #3 type] 
Type domain.Question is not enhanced.

[2021-02-08 13:44:03 #4 type.registry] 
New type domain.Event

[2021-02-08 13:44:03 #5 type] 
Type domain.Event is not enhanced.

[2021-02-08 13:44:03 #6 type.registry] 
New type java.util.Vector<domain.Question>

[2021-02-08 13:44:03 #7 type.registry] 
New type java.util.Vector<java.lang.Object>

