------------------------------------------------------------------------------------------------------------------------

[2021-05-05 14:27:06 #1 store] 
Database 'C:\Users\Josu\Documents\ESKOLA\UNI 2\SI\workspace\Bets21Azkena\src\main\resources\bets.temp' is opened by 8716@DESKTOP-1B6RACQ

[2021-05-05 14:27:06 #2 type.registry] 
New type domain.Apustua

[2021-05-05 14:27:06 #3 type] 
Type domain.Apustua is not enhanced.

[2021-05-05 14:27:06 #4 type.registry] 
New type domain.Pronostikoa

[2021-05-05 14:27:06 #5 type.registry] 
New type java.util.ArrayList<domain.Pronostikoa>

[2021-05-05 14:27:06 #6 type.registry] 
New type domain.Pertsona

[2021-05-05 14:27:06 #7 type.registry] 
New type domain.Bezeroa

[2021-05-05 14:27:06 #8 type] 
Type domain.Pronostikoa is not enhanced.

[2021-05-05 14:27:06 #9 type.registry] 
New type java.util.Vector<domain.Apustua>

[2021-05-05 14:27:06 #10 type.registry] 
New type domain.Question

[2021-05-05 14:27:06 #11 type] 
Type domain.Pertsona is not enhanced.

[2021-05-05 14:27:06 #12 type] 
Type domain.Bezeroa is not enhanced.

[2021-05-05 14:27:06 #13 type.registry] 
New type domain.Errepikapena

[2021-05-05 14:27:06 #14 type.registry] 
New type java.util.Vector<domain.Errepikapena>

[2021-05-05 14:27:06 #15 type.registry] 
New type domain.Mezua

[2021-05-05 14:27:06 #16 type.registry] 
New type java.util.Vector<domain.Mezua>

[2021-05-05 14:27:07 #17 type.registry] 
New type domain.Mugimendua

[2021-05-05 14:27:07 #18 type.registry] 
New type java.util.Vector<domain.Mugimendua>

[2021-05-05 14:27:07 #19 type] 
Type domain.Question is not enhanced.

[2021-05-05 14:27:07 #20 type.registry] 
New type java.util.Vector<domain.Pronostikoa>

[2021-05-05 14:27:07 #21 type.registry] 
New type domain.Event

[2021-05-05 14:27:07 #22 type] 
Type domain.Errepikapena is not enhanced.

[2021-05-05 14:27:07 #23 type] 
Type domain.Mezua is not enhanced.

[2021-05-05 14:27:07 #24 type] 
Type domain.Mugimendua is not enhanced.

[2021-05-05 14:27:07 #25 type] 
Type domain.Event is not enhanced.

[2021-05-05 14:27:07 #26 type.registry] 
New type java.util.Vector<domain.Question>

[2021-05-05 14:27:07 #27 type.registry] 
New type domain.Admin

[2021-05-05 14:27:07 #28 type] 
Type domain.Admin is not enhanced.

[2021-05-05 14:27:07 #29 type.registry] 
New type domain.Langilea

[2021-05-05 14:27:07 #30 type] 
Type domain.Langilea is not enhanced.

------------------------------------------------------------------------------------------------------------------------

[2021-05-05 14:28:09 #1 store] 
Database 'C:\Users\Josu\Documents\ESKOLA\UNI 2\SI\workspace\Bets21Azkena\src\main\resources\bets.temp' is opened by 6104@DESKTOP-1B6RACQ

[2021-05-05 14:28:09 #2 type.registry] 
New type domain.Apustua

[2021-05-05 14:28:09 #3 type] 
Type domain.Apustua is not enhanced.

[2021-05-05 14:28:09 #4 type.registry] 
New type domain.Pronostikoa

[2021-05-05 14:28:09 #5 type.registry] 
New type java.util.ArrayList<domain.Pronostikoa>

[2021-05-05 14:28:09 #6 type.registry] 
New type domain.Pertsona

[2021-05-05 14:28:09 #7 type.registry] 
New type domain.Bezeroa

[2021-05-05 14:28:09 #8 type] 
Type domain.Pronostikoa is not enhanced.

[2021-05-05 14:28:09 #9 type.registry] 
New type java.util.Vector<domain.Apustua>

[2021-05-05 14:28:09 #10 type.registry] 
New type domain.Question

[2021-05-05 14:28:09 #11 type] 
Type domain.Pertsona is not enhanced.

[2021-05-05 14:28:09 #12 type] 
Type domain.Bezeroa is not enhanced.

[2021-05-05 14:28:09 #13 type.registry] 
New type domain.Errepikapena

[2021-05-05 14:28:09 #14 type.registry] 
New type java.util.Vector<domain.Errepikapena>

[2021-05-05 14:28:09 #15 type.registry] 
New type domain.Mezua

[2021-05-05 14:28:09 #16 type.registry] 
New type java.util.Vector<domain.Mezua>

[2021-05-05 14:28:09 #17 type.registry] 
New type domain.Mugimendua

[2021-05-05 14:28:09 #18 type.registry] 
New type java.util.Vector<domain.Mugimendua>

[2021-05-05 14:28:09 #19 type] 
Type domain.Question is not enhanced.

[2021-05-05 14:28:09 #20 type.registry] 
New type java.util.Vector<domain.Pronostikoa>

[2021-05-05 14:28:09 #21 type.registry] 
New type domain.Event

[2021-05-05 14:28:09 #22 type] 
Type domain.Errepikapena is not enhanced.

[2021-05-05 14:28:09 #23 type] 
Type domain.Mezua is not enhanced.

[2021-05-05 14:28:09 #24 type] 
Type domain.Mugimendua is not enhanced.

[2021-05-05 14:28:09 #25 type] 
Type domain.Event is not enhanced.

[2021-05-05 14:28:09 #26 type.registry] 
New type java.util.Vector<domain.Question>

[2021-05-05 14:28:09 #27 type.registry] 
New type domain.Langilea

[2021-05-05 14:28:09 #28 type] 
Type domain.Langilea is not enhanced.

[2021-05-05 14:28:09 #29 type.registry] 
New type java.util.ArrayList<java.lang.Object>

[2021-05-05 14:28:09 #30 type.registry] 
New type java.util.Vector<java.lang.Object>

------------------------------------------------------------------------------------------------------------------------

[2021-05-05 14:39:13 #1 store] 
Database 'C:\Users\Josu\Documents\ESKOLA\UNI 2\SI\workspace\Bets21Azkena\src\main\resources\bets.temp' is opened by 5968@DESKTOP-1B6RACQ

[2021-05-05 14:39:13 #2 type.registry] 
New type domain.Apustua

[2021-05-05 14:39:13 #3 type] 
Type domain.Apustua is not enhanced.

[2021-05-05 14:39:13 #4 type.registry] 
New type domain.Pronostikoa

[2021-05-05 14:39:13 #5 type.registry] 
New type java.util.ArrayList<domain.Pronostikoa>

[2021-05-05 14:39:13 #6 type.registry] 
New type domain.Pertsona

[2021-05-05 14:39:13 #7 type.registry] 
New type domain.Bezeroa

[2021-05-05 14:39:13 #8 type] 
Type domain.Pronostikoa is not enhanced.

[2021-05-05 14:39:13 #9 type.registry] 
New type java.util.Vector<domain.Apustua>

[2021-05-05 14:39:13 #10 type.registry] 
New type domain.Question

[2021-05-05 14:39:13 #11 type] 
Type domain.Pertsona is not enhanced.

[2021-05-05 14:39:13 #12 type] 
Type domain.Bezeroa is not enhanced.

[2021-05-05 14:39:13 #13 type.registry] 
New type domain.Errepikapena

[2021-05-05 14:39:13 #14 type.registry] 
New type java.util.Vector<domain.Errepikapena>

[2021-05-05 14:39:13 #15 type.registry] 
New type domain.Mezua

[2021-05-05 14:39:13 #16 type.registry] 
New type java.util.Vector<domain.Mezua>

[2021-05-05 14:39:13 #17 type.registry] 
New type domain.Mugimendua

[2021-05-05 14:39:13 #18 type.registry] 
New type java.util.Vector<domain.Mugimendua>

[2021-05-05 14:39:13 #19 type] 
Type domain.Question is not enhanced.

[2021-05-05 14:39:13 #20 type.registry] 
New type java.util.Vector<domain.Pronostikoa>

[2021-05-05 14:39:13 #21 type.registry] 
New type domain.Event

[2021-05-05 14:39:13 #22 type] 
Type domain.Errepikapena is not enhanced.

[2021-05-05 14:39:13 #23 type] 
Type domain.Mezua is not enhanced.

[2021-05-05 14:39:13 #24 type] 
Type domain.Mugimendua is not enhanced.

[2021-05-05 14:39:13 #25 type] 
Type domain.Event is not enhanced.

[2021-05-05 14:39:13 #26 type.registry] 
New type java.util.Vector<domain.Question>

[2021-05-05 14:39:13 #27 type.registry] 
New type domain.Langilea

[2021-05-05 14:39:13 #28 type] 
Type domain.Langilea is not enhanced.

[2021-05-05 14:39:13 #29 type.registry] 
New type java.util.ArrayList<java.lang.Object>

[2021-05-05 14:39:13 #30 type.registry] 
New type java.util.Vector<java.lang.Object>

------------------------------------------------------------------------------------------------------------------------

[2021-05-05 23:12:23 #1 store] 
Database 'C:\Users\Josu\Documents\ESKOLA\UNI 2\SI\workspace\Bets21Azkena\src\main\resources\bets.temp' is opened by 5424@DESKTOP-1B6RACQ

[2021-05-05 23:12:24 #2 type.registry] 
New type domain.Apustua

[2021-05-05 23:12:24 #3 type] 
Type domain.Apustua is not enhanced.

[2021-05-05 23:12:24 #4 type.registry] 
New type domain.Pronostikoa

[2021-05-05 23:12:24 #5 type.registry] 
New type java.util.ArrayList<domain.Pronostikoa>

[2021-05-05 23:12:24 #6 type.registry] 
New type domain.Pertsona

[2021-05-05 23:12:24 #7 type.registry] 
New type domain.Bezeroa

[2021-05-05 23:12:24 #8 type] 
Type domain.Pronostikoa is not enhanced.

[2021-05-05 23:12:24 #9 type.registry] 
New type java.util.Vector<domain.Apustua>

[2021-05-05 23:12:24 #10 type.registry] 
New type domain.Question

[2021-05-05 23:12:24 #11 type] 
Type domain.Pertsona is not enhanced.

[2021-05-05 23:12:24 #12 type] 
Type domain.Bezeroa is not enhanced.

[2021-05-05 23:12:24 #13 type.registry] 
New type domain.Errepikapena

[2021-05-05 23:12:24 #14 type.registry] 
New type java.util.Vector<domain.Errepikapena>

[2021-05-05 23:12:24 #15 type.registry] 
New type domain.Mezua

[2021-05-05 23:12:24 #16 type.registry] 
New type domain.ArretaMezua

[2021-05-05 23:12:24 #17 type.registry] 
New type java.util.Vector<domain.ArretaMezua>

[2021-05-05 23:12:24 #18 type.registry] 
New type domain.BezeroartekoMezua

[2021-05-05 23:12:24 #19 type.registry] 
New type java.util.Vector<domain.BezeroartekoMezua>

[2021-05-05 23:12:24 #20 type.registry] 
New type domain.Mugimendua

[2021-05-05 23:12:24 #21 type.registry] 
New type java.util.Vector<domain.Mugimendua>

[2021-05-05 23:12:24 #22 type] 
Type domain.Question is not enhanced.

[2021-05-05 23:12:24 #23 type.registry] 
New type java.util.Vector<domain.Pronostikoa>

[2021-05-05 23:12:24 #24 type.registry] 
New type domain.Event

[2021-05-05 23:12:24 #25 type] 
Type domain.Errepikapena is not enhanced.

[2021-05-05 23:12:24 #26 type] 
Type domain.Mezua is not enhanced.

[2021-05-05 23:12:24 #27 type] 
Type domain.ArretaMezua is not enhanced.

[2021-05-05 23:12:24 #28 type.registry] 
New type domain.Langilea

[2021-05-05 23:12:24 #29 type] 
Type domain.BezeroartekoMezua is not enhanced.

[2021-05-05 23:12:24 #30 type] 
Type domain.Mugimendua is not enhanced.

[2021-05-05 23:12:24 #31 type] 
Type domain.Event is not enhanced.

[2021-05-05 23:12:24 #32 type.registry] 
New type java.util.Vector<domain.Question>

[2021-05-05 23:12:24 #33 type] 
Type domain.Langilea is not enhanced.

------------------------------------------------------------------------------------------------------------------------

[2021-05-05 23:13:36 #1 store] 
Database 'C:\Users\Josu\Documents\ESKOLA\UNI 2\SI\workspace\Bets21Azkena\src\main\resources\bets.temp' is opened by 7568@DESKTOP-1B6RACQ

[2021-05-05 23:13:36 #2 type.registry] 
New type domain.Pertsona

[2021-05-05 23:13:36 #3 type.registry] 
New type domain.Langilea

[2021-05-05 23:13:36 #4 type] 
Type domain.Pertsona is not enhanced.

[2021-05-05 23:13:36 #5 type] 
Type domain.Langilea is not enhanced.

[2021-05-05 23:13:36 #6 type.registry] 
New type domain.Mezua

[2021-05-05 23:13:36 #7 type.registry] 
New type domain.ArretaMezua

[2021-05-05 23:13:36 #8 type.registry] 
New type java.util.Vector<domain.ArretaMezua>

[2021-05-05 23:13:36 #9 type] 
Type domain.Mezua is not enhanced.

[2021-05-05 23:13:36 #10 type] 
Type domain.ArretaMezua is not enhanced.

[2021-05-05 23:13:36 #11 type.registry] 
New type domain.Bezeroa

[2021-05-05 23:13:36 #12 type] 
Type domain.Bezeroa is not enhanced.

[2021-05-05 23:13:36 #13 type.registry] 
New type domain.Errepikapena

[2021-05-05 23:13:36 #14 type.registry] 
New type java.util.Vector<domain.Errepikapena>

[2021-05-05 23:13:36 #15 type.registry] 
New type domain.BezeroartekoMezua

[2021-05-05 23:13:36 #16 type.registry] 
New type java.util.Vector<domain.BezeroartekoMezua>

[2021-05-05 23:13:36 #17 type.registry] 
New type domain.Apustua

[2021-05-05 23:13:36 #18 type.registry] 
New type java.util.Vector<domain.Apustua>

[2021-05-05 23:13:36 #19 type.registry] 
New type domain.Mugimendua

[2021-05-05 23:13:36 #20 type.registry] 
New type java.util.Vector<domain.Mugimendua>

[2021-05-05 23:13:36 #21 type] 
Type domain.Errepikapena is not enhanced.

[2021-05-05 23:13:36 #22 type] 
Type domain.BezeroartekoMezua is not enhanced.

[2021-05-05 23:13:36 #23 type] 
Type domain.Apustua is not enhanced.

[2021-05-05 23:13:36 #24 type.registry] 
New type domain.Pronostikoa

[2021-05-05 23:13:36 #25 type.registry] 
New type java.util.ArrayList<domain.Pronostikoa>

[2021-05-05 23:13:36 #26 type] 
Type domain.Mugimendua is not enhanced.

[2021-05-05 23:13:36 #27 type] 
Type domain.Pronostikoa is not enhanced.

[2021-05-05 23:13:36 #28 type.registry] 
New type domain.Question

[2021-05-05 23:13:36 #29 type] 
Type domain.Question is not enhanced.

[2021-05-05 23:13:36 #30 type.registry] 
New type java.util.Vector<domain.Pronostikoa>

[2021-05-05 23:13:36 #31 type.registry] 
New type domain.Event

[2021-05-05 23:13:36 #32 type] 
Type domain.Event is not enhanced.

[2021-05-05 23:13:36 #33 type.registry] 
New type java.util.Vector<domain.Question>

[2021-05-05 23:14:12 #34 type.registry] 
New type domain.Pertsona

------------------------------------------------------------------------------------------------------------------------

[2021-05-05 23:16:09 #1 store] 
Database 'C:\Users\Josu\Documents\ESKOLA\UNI 2\SI\workspace\Bets21Azkena\src\main\resources\bets.temp' is opened by 9332@DESKTOP-1B6RACQ

[2021-05-05 23:16:10 #2 type.registry] 
New type domain.Pertsona

[2021-05-05 23:16:10 #3 type.registry] 
New type domain.Langilea

[2021-05-05 23:16:10 #4 type] 
Type domain.Pertsona is not enhanced.

[2021-05-05 23:16:10 #5 type] 
Type domain.Langilea is not enhanced.

[2021-05-05 23:16:10 #6 type.registry] 
New type domain.Mezua

[2021-05-05 23:16:10 #7 type.registry] 
New type domain.ArretaMezua

[2021-05-05 23:16:10 #8 type.registry] 
New type java.util.Vector<domain.ArretaMezua>

[2021-05-05 23:16:10 #9 type] 
Type domain.Mezua is not enhanced.

[2021-05-05 23:16:10 #10 type] 
Type domain.ArretaMezua is not enhanced.

[2021-05-05 23:16:10 #11 type.registry] 
New type domain.Bezeroa

[2021-05-05 23:16:10 #12 type] 
Type domain.Bezeroa is not enhanced.

[2021-05-05 23:16:10 #13 type.registry] 
New type domain.Errepikapena

[2021-05-05 23:16:10 #14 type.registry] 
New type java.util.Vector<domain.Errepikapena>

[2021-05-05 23:16:10 #15 type.registry] 
New type domain.BezeroartekoMezua

[2021-05-05 23:16:10 #16 type.registry] 
New type java.util.Vector<domain.BezeroartekoMezua>

[2021-05-05 23:16:10 #17 type.registry] 
New type domain.Apustua

[2021-05-05 23:16:10 #18 type.registry] 
New type java.util.Vector<domain.Apustua>

[2021-05-05 23:16:10 #19 type.registry] 
New type domain.Mugimendua

[2021-05-05 23:16:10 #20 type.registry] 
New type java.util.Vector<domain.Mugimendua>

[2021-05-05 23:16:10 #21 type] 
Type domain.Errepikapena is not enhanced.

[2021-05-05 23:16:10 #22 type] 
Type domain.BezeroartekoMezua is not enhanced.

[2021-05-05 23:16:10 #23 type] 
Type domain.Apustua is not enhanced.

[2021-05-05 23:16:10 #24 type.registry] 
New type domain.Pronostikoa

[2021-05-05 23:16:10 #25 type.registry] 
New type java.util.ArrayList<domain.Pronostikoa>

[2021-05-05 23:16:10 #26 type] 
Type domain.Mugimendua is not enhanced.

[2021-05-05 23:16:10 #27 type] 
Type domain.Pronostikoa is not enhanced.

[2021-05-05 23:16:10 #28 type.registry] 
New type domain.Question

[2021-05-05 23:16:10 #29 type] 
Type domain.Question is not enhanced.

[2021-05-05 23:16:10 #30 type.registry] 
New type java.util.Vector<domain.Pronostikoa>

[2021-05-05 23:16:10 #31 type.registry] 
New type domain.Event

[2021-05-05 23:16:10 #32 type] 
Type domain.Event is not enhanced.

[2021-05-05 23:16:10 #33 type.registry] 
New type java.util.Vector<domain.Question>

------------------------------------------------------------------------------------------------------------------------

[2021-05-05 23:17:18 #1 store] 
Database 'C:\Users\Josu\Documents\ESKOLA\UNI 2\SI\workspace\Bets21Azkena\src\main\resources\bets.temp' is opened by 2000@DESKTOP-1B6RACQ

[2021-05-05 23:17:18 #2 type.registry] 
New type domain.Pertsona

[2021-05-05 23:17:18 #3 type.registry] 
New type domain.Langilea

[2021-05-05 23:17:18 #4 type] 
Type domain.Pertsona is not enhanced.

[2021-05-05 23:17:18 #5 type] 
Type domain.Langilea is not enhanced.

[2021-05-05 23:17:18 #6 type.registry] 
New type domain.Mezua

[2021-05-05 23:17:18 #7 type.registry] 
New type domain.ArretaMezua

[2021-05-05 23:17:18 #8 type.registry] 
New type java.util.Vector<domain.ArretaMezua>

[2021-05-05 23:17:18 #9 type] 
Type domain.Mezua is not enhanced.

[2021-05-05 23:17:18 #10 type] 
Type domain.ArretaMezua is not enhanced.

[2021-05-05 23:17:18 #11 type.registry] 
New type domain.Bezeroa

[2021-05-05 23:17:18 #12 type] 
Type domain.Bezeroa is not enhanced.

[2021-05-05 23:17:18 #13 type.registry] 
New type domain.Errepikapena

[2021-05-05 23:17:18 #14 type.registry] 
New type java.util.Vector<domain.Errepikapena>

[2021-05-05 23:17:18 #15 type.registry] 
New type domain.BezeroartekoMezua

[2021-05-05 23:17:18 #16 type.registry] 
New type java.util.Vector<domain.BezeroartekoMezua>

[2021-05-05 23:17:18 #17 type.registry] 
New type domain.Apustua

[2021-05-05 23:17:18 #18 type.registry] 
New type java.util.Vector<domain.Apustua>

[2021-05-05 23:17:18 #19 type.registry] 
New type domain.Mugimendua

[2021-05-05 23:17:18 #20 type.registry] 
New type java.util.Vector<domain.Mugimendua>

[2021-05-05 23:17:18 #21 type] 
Type domain.Errepikapena is not enhanced.

[2021-05-05 23:17:18 #22 type] 
Type domain.BezeroartekoMezua is not enhanced.

[2021-05-05 23:17:18 #23 type] 
Type domain.Apustua is not enhanced.

[2021-05-05 23:17:18 #24 type.registry] 
New type domain.Pronostikoa

[2021-05-05 23:17:18 #25 type.registry] 
New type java.util.ArrayList<domain.Pronostikoa>

[2021-05-05 23:17:18 #26 type] 
Type domain.Mugimendua is not enhanced.

[2021-05-05 23:17:18 #27 type] 
Type domain.Pronostikoa is not enhanced.

[2021-05-05 23:17:18 #28 type.registry] 
New type domain.Question

[2021-05-05 23:17:18 #29 type] 
Type domain.Question is not enhanced.

[2021-05-05 23:17:18 #30 type.registry] 
New type java.util.Vector<domain.Pronostikoa>

[2021-05-05 23:17:18 #31 type.registry] 
New type domain.Event

[2021-05-05 23:17:18 #32 type] 
Type domain.Event is not enhanced.

[2021-05-05 23:17:18 #33 type.registry] 
New type java.util.Vector<domain.Question>

------------------------------------------------------------------------------------------------------------------------

[2021-05-05 23:18:57 #1 store] 
Database 'C:\Users\Josu\Documents\ESKOLA\UNI 2\SI\workspace\Bets21Azkena\src\main\resources\bets.temp' is opened by 10508@DESKTOP-1B6RACQ

[2021-05-05 23:18:58 #2 type.registry] 
New type domain.Pertsona

[2021-05-05 23:18:58 #3 type.registry] 
New type domain.Langilea

[2021-05-05 23:18:58 #4 type] 
Type domain.Pertsona is not enhanced.

[2021-05-05 23:18:58 #5 type] 
Type domain.Langilea is not enhanced.

[2021-05-05 23:18:58 #6 type.registry] 
New type domain.Mezua

[2021-05-05 23:18:58 #7 type.registry] 
New type domain.ArretaMezua

[2021-05-05 23:18:58 #8 type.registry] 
New type java.util.Vector<domain.ArretaMezua>

[2021-05-05 23:18:58 #9 type] 
Type domain.Mezua is not enhanced.

[2021-05-05 23:18:58 #10 type] 
Type domain.ArretaMezua is not enhanced.

[2021-05-05 23:18:58 #11 type.registry] 
New type domain.Bezeroa

[2021-05-05 23:18:58 #12 type] 
Type domain.Bezeroa is not enhanced.

[2021-05-05 23:18:58 #13 type.registry] 
New type domain.Errepikapena

[2021-05-05 23:18:58 #14 type.registry] 
New type java.util.Vector<domain.Errepikapena>

[2021-05-05 23:18:58 #15 type.registry] 
New type domain.BezeroartekoMezua

[2021-05-05 23:18:58 #16 type.registry] 
New type java.util.Vector<domain.BezeroartekoMezua>

[2021-05-05 23:18:58 #17 type.registry] 
New type domain.Apustua

[2021-05-05 23:18:58 #18 type.registry] 
New type java.util.Vector<domain.Apustua>

[2021-05-05 23:18:58 #19 type.registry] 
New type domain.Mugimendua

[2021-05-05 23:18:58 #20 type.registry] 
New type java.util.Vector<domain.Mugimendua>

[2021-05-05 23:18:58 #21 type] 
Type domain.Errepikapena is not enhanced.

[2021-05-05 23:18:58 #22 type] 
Type domain.BezeroartekoMezua is not enhanced.

[2021-05-05 23:18:58 #23 type] 
Type domain.Apustua is not enhanced.

[2021-05-05 23:18:58 #24 type.registry] 
New type domain.Pronostikoa

[2021-05-05 23:18:58 #25 type.registry] 
New type java.util.ArrayList<domain.Pronostikoa>

[2021-05-05 23:18:58 #26 type] 
Type domain.Mugimendua is not enhanced.

[2021-05-05 23:18:58 #27 type] 
Type domain.Pronostikoa is not enhanced.

[2021-05-05 23:18:58 #28 type.registry] 
New type domain.Question

[2021-05-05 23:18:58 #29 type] 
Type domain.Question is not enhanced.

[2021-05-05 23:18:58 #30 type.registry] 
New type java.util.Vector<domain.Pronostikoa>

[2021-05-05 23:18:58 #31 type.registry] 
New type domain.Event

[2021-05-05 23:18:58 #32 type] 
Type domain.Event is not enhanced.

[2021-05-05 23:18:58 #33 type.registry] 
New type java.util.Vector<domain.Question>

------------------------------------------------------------------------------------------------------------------------

[2021-05-05 23:21:07 #1 store] 
Database 'C:\Users\Josu\Documents\ESKOLA\UNI 2\SI\workspace\Bets21Azkena\src\main\resources\bets.temp' is opened by 6164@DESKTOP-1B6RACQ

[2021-05-05 23:21:07 #2 type.registry] 
New type domain.Pertsona

[2021-05-05 23:21:07 #3 type.registry] 
New type domain.Langilea

[2021-05-05 23:21:07 #4 type] 
Type domain.Pertsona is not enhanced.

[2021-05-05 23:21:07 #5 type] 
Type domain.Langilea is not enhanced.

[2021-05-05 23:21:07 #6 type.registry] 
New type domain.Mezua

[2021-05-05 23:21:07 #7 type.registry] 
New type domain.ArretaMezua

[2021-05-05 23:21:07 #8 type.registry] 
New type java.util.Vector<domain.ArretaMezua>

[2021-05-05 23:21:07 #9 type] 
Type domain.Mezua is not enhanced.

[2021-05-05 23:21:07 #10 type] 
Type domain.ArretaMezua is not enhanced.

[2021-05-05 23:21:07 #11 type.registry] 
New type domain.Bezeroa

[2021-05-05 23:21:07 #12 type] 
Type domain.Bezeroa is not enhanced.

[2021-05-05 23:21:07 #13 type.registry] 
New type domain.Errepikapena

[2021-05-05 23:21:07 #14 type.registry] 
New type java.util.Vector<domain.Errepikapena>

[2021-05-05 23:21:07 #15 type.registry] 
New type domain.BezeroartekoMezua

[2021-05-05 23:21:07 #16 type.registry] 
New type java.util.Vector<domain.BezeroartekoMezua>

[2021-05-05 23:21:07 #17 type.registry] 
New type domain.Apustua

[2021-05-05 23:21:07 #18 type.registry] 
New type java.util.Vector<domain.Apustua>

[2021-05-05 23:21:07 #19 type.registry] 
New type domain.Mugimendua

[2021-05-05 23:21:07 #20 type.registry] 
New type java.util.Vector<domain.Mugimendua>

[2021-05-05 23:21:07 #21 type] 
Type domain.Errepikapena is not enhanced.

[2021-05-05 23:21:07 #22 type] 
Type domain.BezeroartekoMezua is not enhanced.

[2021-05-05 23:21:07 #23 type] 
Type domain.Apustua is not enhanced.

[2021-05-05 23:21:07 #24 type.registry] 
New type domain.Pronostikoa

[2021-05-05 23:21:07 #25 type.registry] 
New type java.util.ArrayList<domain.Pronostikoa>

[2021-05-05 23:21:07 #26 type] 
Type domain.Mugimendua is not enhanced.

[2021-05-05 23:21:07 #27 type] 
Type domain.Pronostikoa is not enhanced.

[2021-05-05 23:21:07 #28 type.registry] 
New type domain.Question

[2021-05-05 23:21:07 #29 type] 
Type domain.Question is not enhanced.

[2021-05-05 23:21:07 #30 type.registry] 
New type java.util.Vector<domain.Pronostikoa>

[2021-05-05 23:21:07 #31 type.registry] 
New type domain.Event

[2021-05-05 23:21:07 #32 type] 
Type domain.Event is not enhanced.

[2021-05-05 23:21:07 #33 type.registry] 
New type java.util.Vector<domain.Question>

