------------------------------------------------------------------------------------------------------------------------

[2021-04-06 19:16:40 #1 store] 
Database 'C:\Users\Josu\Documents\ESKOLA\UNI 2\SI\workspace\Bets21\src\main\resources\bets.temp' is opened by 13236@DESKTOP-1B6RACQ

[2021-04-06 19:16:41 #2 type] 
Type domain.Event is not enhanced.

[2021-04-06 19:16:41 #3 type] 
Type domain.Question is not enhanced.

[2021-04-06 19:16:41 #4 type] 
Type domain.Pronostikoa is not enhanced.

[2021-04-06 19:16:41 #5 type] 
Type domain.Apustua is not enhanced.

[2021-04-06 19:16:41 #6 type] 
Type domain.Pertsona is not enhanced.

[2021-04-06 19:16:41 #7 type] 
Type domain.Bezeroa is not enhanced.

[2021-04-06 19:16:41 #8 type] 
Type domain.Mugimendua is not enhanced.

[2021-04-06 19:16:41 #9 type] 
Type domain.Admin is not enhanced.

[2021-04-06 19:16:41 #10 type] 
Type domain.Langilea is not enhanced.

------------------------------------------------------------------------------------------------------------------------

[2021-04-06 19:24:13 #1 store] 
Database 'C:\Users\Josu\Documents\ESKOLA\UNI 2\SI\workspace\Bets21\src\main\resources\bets.temp' is opened by 10776@DESKTOP-1B6RACQ

[2021-04-06 19:24:13 #2 type] 
Type domain.Event is not enhanced.

[2021-04-06 19:24:13 #3 type] 
Type domain.Question is not enhanced.

[2021-04-06 19:24:13 #4 type] 
Type domain.Pronostikoa is not enhanced.

[2021-04-06 19:24:13 #5 type] 
Type domain.Apustua is not enhanced.

[2021-04-06 19:24:13 #6 type] 
Type domain.Pertsona is not enhanced.

[2021-04-06 19:24:13 #7 type] 
Type domain.Bezeroa is not enhanced.

[2021-04-06 19:24:13 #8 type] 
Type domain.Mugimendua is not enhanced.

[2021-04-06 19:24:13 #9 type] 
Type domain.Admin is not enhanced.

[2021-04-06 19:24:13 #10 type] 
Type domain.Langilea is not enhanced.

------------------------------------------------------------------------------------------------------------------------

[2021-04-06 19:24:29 #1 store] 
Database 'C:\Users\Josu\Documents\ESKOLA\UNI 2\SI\workspace\Bets21\src\main\resources\bets.temp' is opened by 3764@DESKTOP-1B6RACQ

[2021-04-06 19:24:29 #2 type] 
Type domain.Event is not enhanced.

[2021-04-06 19:24:29 #3 type] 
Type domain.Question is not enhanced.

[2021-04-06 19:24:29 #4 type] 
Type domain.Pronostikoa is not enhanced.

[2021-04-06 19:24:29 #5 type] 
Type domain.Apustua is not enhanced.

[2021-04-06 19:24:29 #6 type] 
Type domain.Pertsona is not enhanced.

[2021-04-06 19:24:29 #7 type] 
Type domain.Bezeroa is not enhanced.

[2021-04-06 19:24:29 #8 type] 
Type domain.Mugimendua is not enhanced.

[2021-04-06 19:24:29 #9 type] 
Type domain.Admin is not enhanced.

[2021-04-06 19:24:29 #10 type] 
Type domain.Langilea is not enhanced.

------------------------------------------------------------------------------------------------------------------------

[2021-04-06 19:31:17 #1 store] 
Database 'C:\Users\Josu\Documents\ESKOLA\UNI 2\SI\workspace\Bets21\src\main\resources\bets.temp' is opened by 7860@DESKTOP-1B6RACQ

[2021-04-06 19:31:17 #2 type.registry] 
New type domain.Event

[2021-04-06 19:31:17 #3 type] 
Type domain.Event is not enhanced.

[2021-04-06 19:31:17 #4 type.registry] 
New type domain.Question

[2021-04-06 19:31:17 #5 type.registry] 
New type java.util.Vector<domain.Question>

[2021-04-06 19:31:17 #6 type] 
Type domain.Question is not enhanced.

[2021-04-06 19:31:17 #7 type.registry] 
New type domain.Pronostikoa

[2021-04-06 19:31:17 #8 type.registry] 
New type java.util.Vector<domain.Pronostikoa>

[2021-04-06 19:31:17 #9 type] 
Type domain.Pronostikoa is not enhanced.

[2021-04-06 19:31:17 #10 type.registry] 
New type domain.Apustua

[2021-04-06 19:31:17 #11 type.registry] 
New type java.util.Vector<domain.Apustua>

[2021-04-06 19:31:17 #12 type] 
Type domain.Apustua is not enhanced.

[2021-04-06 19:31:17 #13 type.registry] 
New type domain.Pertsona

[2021-04-06 19:31:17 #14 type.registry] 
New type domain.Bezeroa

[2021-04-06 19:31:17 #15 type] 
Type domain.Pertsona is not enhanced.

[2021-04-06 19:31:17 #16 type] 
Type domain.Bezeroa is not enhanced.

[2021-04-06 19:31:17 #17 type.registry] 
New type domain.Mugimendua

[2021-04-06 19:31:17 #18 type.registry] 
New type java.util.Vector<domain.Mugimendua>

[2021-04-06 19:31:17 #19 type] 
Type domain.Mugimendua is not enhanced.

[2021-04-06 19:31:17 #20 type.registry] 
New type domain.Admin

[2021-04-06 19:31:17 #21 type] 
Type domain.Admin is not enhanced.

[2021-04-06 19:31:17 #22 type.registry] 
New type domain.Langilea

[2021-04-06 19:31:17 #23 type] 
Type domain.Langilea is not enhanced.

[2021-04-06 19:31:17 #24 type.registry] 
New type java.util.Vector<java.lang.Object>

------------------------------------------------------------------------------------------------------------------------

[2021-04-06 19:32:02 #1 store] 
Database 'C:\Users\Josu\Documents\ESKOLA\UNI 2\SI\workspace\Bets21\src\main\resources\bets.temp' is opened by 1372@DESKTOP-1B6RACQ

[2021-04-06 19:32:02 #2 type.registry] 
New type domain.Event

[2021-04-06 19:32:02 #3 type] 
Type domain.Event is not enhanced.

[2021-04-06 19:32:02 #4 type.registry] 
New type domain.Question

[2021-04-06 19:32:02 #5 type.registry] 
New type java.util.Vector<domain.Question>

[2021-04-06 19:32:02 #6 type] 
Type domain.Question is not enhanced.

[2021-04-06 19:32:02 #7 type.registry] 
New type domain.Pronostikoa

[2021-04-06 19:32:02 #8 type.registry] 
New type java.util.Vector<domain.Pronostikoa>

[2021-04-06 19:32:02 #9 type] 
Type domain.Pronostikoa is not enhanced.

[2021-04-06 19:32:02 #10 type.registry] 
New type domain.Apustua

[2021-04-06 19:32:02 #11 type.registry] 
New type java.util.Vector<domain.Apustua>

[2021-04-06 19:32:02 #12 type] 
Type domain.Apustua is not enhanced.

[2021-04-06 19:32:02 #13 type.registry] 
New type domain.Pertsona

[2021-04-06 19:32:02 #14 type.registry] 
New type domain.Bezeroa

[2021-04-06 19:32:02 #15 type] 
Type domain.Pertsona is not enhanced.

[2021-04-06 19:32:02 #16 type] 
Type domain.Bezeroa is not enhanced.

[2021-04-06 19:32:02 #17 type.registry] 
New type domain.Mugimendua

[2021-04-06 19:32:02 #18 type.registry] 
New type java.util.Vector<domain.Mugimendua>

[2021-04-06 19:32:02 #19 type] 
Type domain.Mugimendua is not enhanced.

[2021-04-06 19:32:02 #20 type.registry] 
New type domain.Admin

[2021-04-06 19:32:02 #21 type] 
Type domain.Admin is not enhanced.

[2021-04-06 19:32:02 #22 type.registry] 
New type domain.Langilea

[2021-04-06 19:32:02 #23 type] 
Type domain.Langilea is not enhanced.

[2021-04-06 19:32:02 #24 type.registry] 
New type java.util.Vector<java.lang.Object>

------------------------------------------------------------------------------------------------------------------------

[2021-04-06 19:40:58 #1 store] 
Database 'C:\Users\Josu\Documents\ESKOLA\UNI 2\SI\workspace\Bets21\src\main\resources\bets.temp' is opened by 7748@DESKTOP-1B6RACQ

[2021-04-06 19:40:58 #2 type.registry] 
New type domain.Event

[2021-04-06 19:40:58 #3 type] 
Type domain.Event is not enhanced.

[2021-04-06 19:40:58 #4 type.registry] 
New type domain.Question

[2021-04-06 19:40:58 #5 type.registry] 
New type java.util.Vector<domain.Question>

[2021-04-06 19:40:58 #6 type] 
Type domain.Question is not enhanced.

[2021-04-06 19:40:58 #7 type.registry] 
New type domain.Pronostikoa

[2021-04-06 19:40:58 #8 type.registry] 
New type java.util.Vector<domain.Pronostikoa>

[2021-04-06 19:40:58 #9 type] 
Type domain.Pronostikoa is not enhanced.

[2021-04-06 19:40:58 #10 type.registry] 
New type domain.Apustua

[2021-04-06 19:40:58 #11 type.registry] 
New type java.util.Vector<domain.Apustua>

[2021-04-06 19:40:58 #12 type] 
Type domain.Apustua is not enhanced.

[2021-04-06 19:40:58 #13 type.registry] 
New type domain.Pertsona

[2021-04-06 19:40:58 #14 type.registry] 
New type domain.Bezeroa

[2021-04-06 19:40:58 #15 type] 
Type domain.Pertsona is not enhanced.

[2021-04-06 19:40:58 #16 type] 
Type domain.Bezeroa is not enhanced.

[2021-04-06 19:40:58 #17 type.registry] 
New type domain.Mugimendua

[2021-04-06 19:40:58 #18 type.registry] 
New type java.util.Vector<domain.Mugimendua>

[2021-04-06 19:40:58 #19 type] 
Type domain.Mugimendua is not enhanced.

[2021-04-06 19:40:58 #20 type.registry] 
New type domain.Admin

[2021-04-06 19:40:58 #21 type] 
Type domain.Admin is not enhanced.

[2021-04-06 19:40:58 #22 type.registry] 
New type domain.Langilea

[2021-04-06 19:40:58 #23 type] 
Type domain.Langilea is not enhanced.

[2021-04-06 19:40:58 #24 type.registry] 
New type java.util.Vector<java.lang.Object>

------------------------------------------------------------------------------------------------------------------------

[2021-04-06 19:45:24 #1 store] 
Database 'C:\Users\Josu\Documents\ESKOLA\UNI 2\SI\workspace\Bets21\src\main\resources\bets.temp' is opened by 8416@DESKTOP-1B6RACQ

[2021-04-06 19:45:24 #2 type] 
Type domain.Event is not enhanced.

[2021-04-06 19:45:24 #3 type] 
Type domain.Question is not enhanced.

[2021-04-06 19:45:24 #4 type] 
Type domain.Pronostikoa is not enhanced.

[2021-04-06 19:45:24 #5 type] 
Type domain.Apustua is not enhanced.

[2021-04-06 19:45:24 #6 type] 
Type domain.Pertsona is not enhanced.

[2021-04-06 19:45:24 #7 type] 
Type domain.Bezeroa is not enhanced.

[2021-04-06 19:45:24 #8 type] 
Type domain.Mugimendua is not enhanced.

[2021-04-06 19:45:24 #9 type] 
Type domain.Admin is not enhanced.

[2021-04-06 19:45:24 #10 type] 
Type domain.Langilea is not enhanced.

------------------------------------------------------------------------------------------------------------------------

[2021-04-06 19:52:26 #1 store] 
Database 'C:\Users\Josu\Documents\ESKOLA\UNI 2\SI\workspace\Bets21\src\main\resources\bets.temp' is opened by 11904@DESKTOP-1B6RACQ

[2021-04-06 19:52:26 #2 type] 
Type domain.Event is not enhanced.

[2021-04-06 19:52:26 #3 type] 
Type domain.Question is not enhanced.

[2021-04-06 19:52:26 #4 type] 
Type domain.Pronostikoa is not enhanced.

[2021-04-06 19:52:26 #5 type] 
Type domain.Apustua is not enhanced.

[2021-04-06 19:52:26 #6 type] 
Type domain.Pertsona is not enhanced.

[2021-04-06 19:52:26 #7 type] 
Type domain.Bezeroa is not enhanced.

[2021-04-06 19:52:26 #8 type] 
Type domain.Mugimendua is not enhanced.

[2021-04-06 19:52:26 #9 type] 
Type domain.Admin is not enhanced.

[2021-04-06 19:52:26 #10 type] 
Type domain.Langilea is not enhanced.

------------------------------------------------------------------------------------------------------------------------

[2021-04-06 19:56:55 #1 store] 
Database 'C:\Users\Josu\Documents\ESKOLA\UNI 2\SI\workspace\Bets21\src\main\resources\bets.temp' is opened by 2432@DESKTOP-1B6RACQ

[2021-04-06 19:56:55 #2 type.registry] 
New type domain.Event

[2021-04-06 19:56:55 #3 type] 
Type domain.Event is not enhanced.

[2021-04-06 19:56:55 #4 type.registry] 
New type domain.Question

[2021-04-06 19:56:55 #5 type.registry] 
New type java.util.Vector<domain.Question>

[2021-04-06 19:56:55 #6 type] 
Type domain.Question is not enhanced.

[2021-04-06 19:56:55 #7 type.registry] 
New type domain.Pronostikoa

[2021-04-06 19:56:55 #8 type.registry] 
New type java.util.Vector<domain.Pronostikoa>

[2021-04-06 19:56:55 #9 type] 
Type domain.Pronostikoa is not enhanced.

[2021-04-06 19:56:55 #10 type.registry] 
New type domain.Apustua

[2021-04-06 19:56:55 #11 type.registry] 
New type java.util.Vector<domain.Apustua>

[2021-04-06 19:56:55 #12 type] 
Type domain.Apustua is not enhanced.

[2021-04-06 19:56:56 #13 type.registry] 
New type domain.Pertsona

[2021-04-06 19:56:56 #14 type.registry] 
New type domain.Bezeroa

[2021-04-06 19:56:56 #15 type] 
Type domain.Pertsona is not enhanced.

[2021-04-06 19:56:56 #16 type] 
Type domain.Bezeroa is not enhanced.

[2021-04-06 19:56:56 #17 type.registry] 
New type domain.Mugimendua

[2021-04-06 19:56:56 #18 type.registry] 
New type java.util.Vector<domain.Mugimendua>

[2021-04-06 19:56:56 #19 type] 
Type domain.Mugimendua is not enhanced.

[2021-04-06 19:56:56 #20 type.registry] 
New type domain.Admin

[2021-04-06 19:56:56 #21 type] 
Type domain.Admin is not enhanced.

[2021-04-06 19:56:56 #22 type.registry] 
New type domain.Langilea

[2021-04-06 19:56:56 #23 type] 
Type domain.Langilea is not enhanced.

[2021-04-06 19:56:56 #24 type.registry] 
New type java.util.Vector<java.lang.Object>

------------------------------------------------------------------------------------------------------------------------

[2021-04-06 19:59:30 #1 store] 
Database 'C:\Users\Josu\Documents\ESKOLA\UNI 2\SI\workspace\Bets21\src\main\resources\bets.temp' is opened by 3764@DESKTOP-1B6RACQ

[2021-04-06 19:59:30 #2 type.registry] 
New type domain.Event

[2021-04-06 19:59:30 #3 type] 
Type domain.Event is not enhanced.

[2021-04-06 19:59:30 #4 type.registry] 
New type domain.Question

[2021-04-06 19:59:30 #5 type.registry] 
New type java.util.Vector<domain.Question>

[2021-04-06 19:59:30 #6 type] 
Type domain.Question is not enhanced.

[2021-04-06 19:59:30 #7 type.registry] 
New type domain.Pronostikoa

[2021-04-06 19:59:30 #8 type.registry] 
New type java.util.Vector<domain.Pronostikoa>

[2021-04-06 19:59:30 #9 type] 
Type domain.Pronostikoa is not enhanced.

[2021-04-06 19:59:30 #10 type.registry] 
New type domain.Apustua

[2021-04-06 19:59:30 #11 type.registry] 
New type java.util.Vector<domain.Apustua>

[2021-04-06 19:59:30 #12 type] 
Type domain.Apustua is not enhanced.

[2021-04-06 19:59:30 #13 type.registry] 
New type domain.Pertsona

[2021-04-06 19:59:30 #14 type.registry] 
New type domain.Bezeroa

[2021-04-06 19:59:30 #15 type] 
Type domain.Pertsona is not enhanced.

[2021-04-06 19:59:30 #16 type] 
Type domain.Bezeroa is not enhanced.

[2021-04-06 19:59:30 #17 type.registry] 
New type domain.Mugimendua

[2021-04-06 19:59:30 #18 type.registry] 
New type java.util.Vector<domain.Mugimendua>

[2021-04-06 19:59:30 #19 type] 
Type domain.Mugimendua is not enhanced.

[2021-04-06 19:59:30 #20 type.registry] 
New type domain.Admin

[2021-04-06 19:59:30 #21 type] 
Type domain.Admin is not enhanced.

[2021-04-06 19:59:30 #22 type.registry] 
New type domain.Langilea

[2021-04-06 19:59:30 #23 type] 
Type domain.Langilea is not enhanced.

[2021-04-06 19:59:30 #24 type.registry] 
New type java.util.Vector<java.lang.Object>

------------------------------------------------------------------------------------------------------------------------

[2021-04-06 20:04:56 #1 store] 
Database 'C:\Users\Josu\Documents\ESKOLA\UNI 2\SI\workspace\Bets21\src\main\resources\bets.temp' is opened by 7748@DESKTOP-1B6RACQ

[2021-04-06 20:04:56 #2 type.registry] 
New type domain.Event

[2021-04-06 20:04:56 #3 type] 
Type domain.Event is not enhanced.

[2021-04-06 20:04:56 #4 type.registry] 
New type domain.Question

[2021-04-06 20:04:56 #5 type.registry] 
New type java.util.Vector<domain.Question>

[2021-04-06 20:04:56 #6 type] 
Type domain.Question is not enhanced.

[2021-04-06 20:04:56 #7 type.registry] 
New type domain.Pronostikoa

[2021-04-06 20:04:56 #8 type.registry] 
New type java.util.Vector<domain.Pronostikoa>

[2021-04-06 20:04:56 #9 type] 
Type domain.Pronostikoa is not enhanced.

[2021-04-06 20:04:56 #10 type.registry] 
New type domain.Apustua

[2021-04-06 20:04:56 #11 type.registry] 
New type java.util.Vector<domain.Apustua>

[2021-04-06 20:04:56 #12 type] 
Type domain.Apustua is not enhanced.

[2021-04-06 20:04:56 #13 type.registry] 
New type domain.Pertsona

[2021-04-06 20:04:56 #14 type.registry] 
New type domain.Bezeroa

[2021-04-06 20:04:56 #15 type] 
Type domain.Pertsona is not enhanced.

[2021-04-06 20:04:56 #16 type] 
Type domain.Bezeroa is not enhanced.

[2021-04-06 20:04:56 #17 type.registry] 
New type domain.Mugimendua

[2021-04-06 20:04:56 #18 type.registry] 
New type java.util.Vector<domain.Mugimendua>

[2021-04-06 20:04:56 #19 type] 
Type domain.Mugimendua is not enhanced.

[2021-04-06 20:04:56 #20 type.registry] 
New type domain.Admin

[2021-04-06 20:04:56 #21 type] 
Type domain.Admin is not enhanced.

[2021-04-06 20:04:56 #22 type.registry] 
New type domain.Langilea

[2021-04-06 20:04:56 #23 type] 
Type domain.Langilea is not enhanced.

[2021-04-06 20:04:56 #24 type.registry] 
New type java.util.Vector<java.lang.Object>

------------------------------------------------------------------------------------------------------------------------

[2021-04-06 20:11:20 #1 store] 
Database 'C:\Users\Josu\Documents\ESKOLA\UNI 2\SI\workspace\Bets21\src\main\resources\bets.temp' is opened by 11104@DESKTOP-1B6RACQ

[2021-04-06 20:11:20 #2 type.registry] 
New type domain.Event

[2021-04-06 20:11:20 #3 type] 
Type domain.Event is not enhanced.

[2021-04-06 20:11:20 #4 type.registry] 
New type domain.Question

[2021-04-06 20:11:20 #5 type.registry] 
New type java.util.Vector<domain.Question>

[2021-04-06 20:11:20 #6 type] 
Type domain.Question is not enhanced.

[2021-04-06 20:11:20 #7 type.registry] 
New type domain.Pronostikoa

[2021-04-06 20:11:20 #8 type.registry] 
New type java.util.Vector<domain.Pronostikoa>

[2021-04-06 20:11:20 #9 type] 
Type domain.Pronostikoa is not enhanced.

[2021-04-06 20:11:20 #10 type.registry] 
New type domain.Apustua

[2021-04-06 20:11:20 #11 type.registry] 
New type java.util.Vector<domain.Apustua>

[2021-04-06 20:11:20 #12 type] 
Type domain.Apustua is not enhanced.

[2021-04-06 20:11:20 #13 type.registry] 
New type domain.Pertsona

[2021-04-06 20:11:20 #14 type.registry] 
New type domain.Bezeroa

[2021-04-06 20:11:20 #15 type] 
Type domain.Pertsona is not enhanced.

[2021-04-06 20:11:20 #16 type] 
Type domain.Bezeroa is not enhanced.

[2021-04-06 20:11:20 #17 type.registry] 
New type domain.Mugimendua

[2021-04-06 20:11:20 #18 type.registry] 
New type java.util.Vector<domain.Mugimendua>

[2021-04-06 20:11:20 #19 type] 
Type domain.Mugimendua is not enhanced.

[2021-04-06 20:11:20 #20 type.registry] 
New type domain.Admin

[2021-04-06 20:11:20 #21 type] 
Type domain.Admin is not enhanced.

[2021-04-06 20:11:20 #22 type.registry] 
New type domain.Langilea

[2021-04-06 20:11:20 #23 type] 
Type domain.Langilea is not enhanced.

[2021-04-06 20:11:20 #24 type.registry] 
New type java.util.Vector<java.lang.Object>

------------------------------------------------------------------------------------------------------------------------

[2021-04-06 21:16:11 #1 store] 
Database 'C:\Users\Josu\Documents\ESKOLA\UNI 2\SI\workspace\Bets21\src\main\resources\bets.temp' is opened by 13968@DESKTOP-1B6RACQ

[2021-04-06 21:16:11 #2 type.registry] 
New type domain.Event

[2021-04-06 21:16:11 #3 type] 
Type domain.Event is not enhanced.

[2021-04-06 21:16:11 #4 type.registry] 
New type domain.Question

[2021-04-06 21:16:11 #5 type.registry] 
New type java.util.Vector<domain.Question>

[2021-04-06 21:16:11 #6 type] 
Type domain.Question is not enhanced.

[2021-04-06 21:16:11 #7 type.registry] 
New type domain.Pronostikoa

[2021-04-06 21:16:11 #8 type.registry] 
New type java.util.Vector<domain.Pronostikoa>

[2021-04-06 21:16:11 #9 type] 
Type domain.Pronostikoa is not enhanced.

[2021-04-06 21:16:11 #10 type.registry] 
New type domain.Apustua

[2021-04-06 21:16:11 #11 type.registry] 
New type java.util.Vector<domain.Apustua>

[2021-04-06 21:16:11 #12 type] 
Type domain.Apustua is not enhanced.

[2021-04-06 21:16:11 #13 type.registry] 
New type domain.Pertsona

[2021-04-06 21:16:11 #14 type.registry] 
New type domain.Bezeroa

[2021-04-06 21:16:11 #15 type] 
Type domain.Pertsona is not enhanced.

[2021-04-06 21:16:11 #16 type] 
Type domain.Bezeroa is not enhanced.

[2021-04-06 21:16:11 #17 type.registry] 
New type domain.Mugimendua

[2021-04-06 21:16:11 #18 type.registry] 
New type java.util.Vector<domain.Mugimendua>

[2021-04-06 21:16:11 #19 type] 
Type domain.Mugimendua is not enhanced.

[2021-04-06 21:16:11 #20 type.registry] 
New type domain.Admin

[2021-04-06 21:16:11 #21 type] 
Type domain.Admin is not enhanced.

[2021-04-06 21:16:11 #22 type.registry] 
New type domain.Langilea

[2021-04-06 21:16:11 #23 type] 
Type domain.Langilea is not enhanced.

[2021-04-06 21:16:11 #24 type.registry] 
New type java.util.Vector<java.lang.Object>

