------------------------------------------------------------------------------------------------------------------------

[2020-09-27 13:51:09 #1 store] 
Database '/Users/iturrioz/git/Bets2021/src/main/resources/bets.temp' has been recovered (tr. 78-89)

[2020-09-27 13:51:09 #2 store] 
Database '/Users/iturrioz/git/Bets2021/src/main/resources/bets.temp' is opened by 1023@iMac-de-Jon.local

[2020-09-27 13:51:09 #3 type] 
Type domain.Question is not enhanced.

[2020-09-27 13:51:09 #4 type] 
Type domain.Event is not enhanced.

------------------------------------------------------------------------------------------------------------------------

[2020-09-27 13:53:07 #1 store] 
Database '/Users/iturrioz/git/Bets2021/src/main/resources/bets.temp' has been recovered (tr. 90-95)

[2020-09-27 13:53:07 #2 store] 
Database '/Users/iturrioz/git/Bets2021/src/main/resources/bets.temp' is opened by 1044@iMac-de-Jon.local

[2020-09-27 13:53:07 #3 type] 
Type domain.Question is not enhanced.

[2020-09-27 13:53:07 #4 type] 
Type domain.Event is not enhanced.

------------------------------------------------------------------------------------------------------------------------

[2020-09-27 13:53:15 #1 store] 
Database '/Users/iturrioz/git/Bets2021/src/main/resources/bets.temp' has been recovered (tr. 96-101)

[2020-09-27 13:53:15 #2 store] 
Database '/Users/iturrioz/git/Bets2021/src/main/resources/bets.temp' is opened by 1045@iMac-de-Jon.local

[2020-09-27 13:53:15 #3 type] 
Type domain.Question is not enhanced.

[2020-09-27 13:53:15 #4 type] 
Type domain.Event is not enhanced.

------------------------------------------------------------------------------------------------------------------------

[2020-09-27 14:01:21 #1 store] 
Database '/Users/iturrioz/git/Bets2021/src/main/resources/bets.temp' has been recovered (tr. 126-137)

[2020-09-27 14:01:22 #2 store] 
Database '/Users/iturrioz/git/Bets2021/src/main/resources/bets.temp' is opened by 1187@iMac-de-Jon.local

[2020-09-27 14:01:22 #3 type] 
Type domain.Question is not enhanced.

[2020-09-27 14:01:22 #4 type] 
Type domain.Event is not enhanced.

------------------------------------------------------------------------------------------------------------------------

[2020-09-27 14:03:10 #1 store] 
Database '/Users/iturrioz/git/Bets2021/src/main/resources/bets.temp' has been recovered (tr. 138-149)

[2020-09-27 14:03:10 #2 store] 
Database '/Users/iturrioz/git/Bets2021/src/main/resources/bets.temp' is opened by 1208@iMac-de-Jon.local

[2020-09-27 14:03:10 #3 type] 
Type domain.Question is not enhanced.

[2020-09-27 14:03:10 #4 type] 
Type domain.Event is not enhanced.

------------------------------------------------------------------------------------------------------------------------

[2020-09-27 14:13:43 #1 store] 
Database '/Users/iturrioz/git/Bets2021/src/main/resources/bets.temp' has been recovered (tr. 150-161)

[2020-09-27 14:13:43 #2 store] 
Database '/Users/iturrioz/git/Bets2021/src/main/resources/bets.temp' is opened by 1338@iMac-de-Jon.local

[2020-09-27 14:13:43 #3 type] 
Type domain.Question is not enhanced.

[2020-09-27 14:13:43 #4 type] 
Type domain.Event is not enhanced.

------------------------------------------------------------------------------------------------------------------------

[2020-09-27 17:10:56 #1 store] 
Database '/Users/iturrioz/git/Bets2021/src/main/resources/bets.temp' has been recovered (tr. 366-377)

[2020-09-27 17:10:57 #2 store] 
Database '/Users/iturrioz/git/Bets2021/src/main/resources/bets.temp' is opened by 4154@iMac-de-Jon.local

[2020-09-27 17:10:57 #3 type] 
Type domain.Question is not enhanced.

[2020-09-27 17:10:57 #4 type] 
Type domain.Event is not enhanced.

------------------------------------------------------------------------------------------------------------------------

[2020-09-27 17:11:27 #1 store] 
Database '/Users/iturrioz/git/Bets2021/src/main/resources/bets.temp' is opened by 4160@iMac-de-Jon.local

[2020-09-27 17:11:27 #2 type] 
Type domain.Question is not enhanced.

[2020-09-27 17:11:27 #3 type] 
Type domain.Event is not enhanced.

------------------------------------------------------------------------------------------------------------------------

[2020-09-27 17:12:22 #1 store] 
Database '/Users/iturrioz/git/Bets2021/src/main/resources/bets.temp' is opened by 4172@iMac-de-Jon.local

[2020-09-27 17:12:22 #2 type] 
Type domain.Question is not enhanced.

[2020-09-27 17:12:22 #3 type] 
Type domain.Event is not enhanced.

------------------------------------------------------------------------------------------------------------------------

[2020-09-27 17:13:15 #1 store] 
Database '/Users/iturrioz/git/Bets2021/src/main/resources/bets.temp' has been recovered (tr. 378-383)

[2020-09-27 17:13:16 #2 store] 
Database '/Users/iturrioz/git/Bets2021/src/main/resources/bets.temp' is opened by 4209@iMac-de-Jon.local

[2020-09-27 17:13:16 #3 type] 
Type domain.Question is not enhanced.

[2020-09-27 17:13:16 #4 type] 
Type domain.Event is not enhanced.

------------------------------------------------------------------------------------------------------------------------

[2020-09-27 17:13:45 #1 store] 
Database '/Users/iturrioz/git/Bets2021/src/main/resources/bets.temp' has been recovered (tr. 384-389)

[2020-09-27 17:13:45 #2 store] 
Database '/Users/iturrioz/git/Bets2021/src/main/resources/bets.temp' is opened by 4214@iMac-de-Jon.local

[2020-09-27 17:13:45 #3 type] 
Type domain.Question is not enhanced.

[2020-09-27 17:13:45 #4 type] 
Type domain.Event is not enhanced.

------------------------------------------------------------------------------------------------------------------------

[2020-09-27 17:14:00 #1 store] 
Database '/Users/iturrioz/git/Bets2021/src/main/resources/bets.temp' is opened by 4219@iMac-de-Jon.local

[2020-09-27 17:14:00 #2 type] 
Type domain.Question is not enhanced.

[2020-09-27 17:14:00 #3 type] 
Type domain.Event is not enhanced.

------------------------------------------------------------------------------------------------------------------------

[2020-09-27 17:14:23 #1 store] 
Database '/Users/iturrioz/git/Bets2021/src/main/resources/bets.temp' is opened by 4225@iMac-de-Jon.local

[2020-09-27 17:14:23 #2 type] 
Type domain.Question is not enhanced.

[2020-09-27 17:14:23 #3 type] 
Type domain.Event is not enhanced.

------------------------------------------------------------------------------------------------------------------------

[2020-09-27 17:14:40 #1 store] 
Database '/Users/iturrioz/git/Bets2021/src/main/resources/bets.temp' has been recovered (tr. 390-395)

[2020-09-27 17:14:40 #2 store] 
Database '/Users/iturrioz/git/Bets2021/src/main/resources/bets.temp' is opened by 4228@iMac-de-Jon.local

[2020-09-27 17:14:40 #3 type] 
Type domain.Question is not enhanced.

[2020-09-27 17:14:40 #4 type] 
Type domain.Event is not enhanced.

------------------------------------------------------------------------------------------------------------------------

[2020-09-27 17:14:45 #1 store] 
Database '/Users/iturrioz/git/Bets2021/src/main/resources/bets.temp' has been recovered (tr. 396-401)

[2020-09-27 17:14:45 #2 store] 
Database '/Users/iturrioz/git/Bets2021/src/main/resources/bets.temp' is opened by 4229@iMac-de-Jon.local

[2020-09-27 17:14:45 #3 type] 
Type domain.Question is not enhanced.

[2020-09-27 17:14:45 #4 type] 
Type domain.Event is not enhanced.

------------------------------------------------------------------------------------------------------------------------

[2020-09-27 17:14:53 #1 store] 
Database '/Users/iturrioz/git/Bets2021/src/main/resources/bets.temp' has been recovered (tr. 402-407)

[2020-09-27 17:14:53 #2 store] 
Database '/Users/iturrioz/git/Bets2021/src/main/resources/bets.temp' is opened by 4232@iMac-de-Jon.local

[2020-09-27 17:14:54 #3 type] 
Type domain.Question is not enhanced.

[2020-09-27 17:14:54 #4 type] 
Type domain.Event is not enhanced.

------------------------------------------------------------------------------------------------------------------------

[2020-09-27 17:15:00 #1 store] 
Database '/Users/iturrioz/git/Bets2021/src/main/resources/bets.temp' has been recovered (tr. 408-413)

[2020-09-27 17:15:00 #2 store] 
Database '/Users/iturrioz/git/Bets2021/src/main/resources/bets.temp' is opened by 4234@iMac-de-Jon.local

[2020-09-27 17:15:00 #3 type] 
Type domain.Question is not enhanced.

[2020-09-27 17:15:00 #4 type] 
Type domain.Event is not enhanced.

------------------------------------------------------------------------------------------------------------------------

[2020-09-27 17:15:12 #1 store] 
Database '/Users/iturrioz/git/Bets2021/src/main/resources/bets.temp' has been recovered (tr. 414-419)

[2020-09-27 17:15:13 #2 store] 
Database '/Users/iturrioz/git/Bets2021/src/main/resources/bets.temp' is opened by 4237@iMac-de-Jon.local

[2020-09-27 17:15:13 #3 type] 
Type domain.Question is not enhanced.

[2020-09-27 17:15:13 #4 type] 
Type domain.Event is not enhanced.

------------------------------------------------------------------------------------------------------------------------

[2020-09-27 17:30:17 #1 store] 
Database '/Users/iturrioz/git/Bets2021/src/main/resources/bets.temp' has been recovered (tr. 432-443)

[2020-09-27 17:30:17 #2 store] 
Database '/Users/iturrioz/git/Bets2021/src/main/resources/bets.temp' is opened by 4439@iMac-de-Jon.local

[2020-09-27 17:30:17 #3 type] 
Type domain.Question is not enhanced.

[2020-09-27 17:30:17 #4 type] 
Type domain.Event is not enhanced.

------------------------------------------------------------------------------------------------------------------------

[2020-09-27 17:30:32 #1 store] 
Database '/Users/iturrioz/git/Bets2021/src/main/resources/bets.temp' has been recovered (tr. 444-455)

[2020-09-27 17:30:32 #2 store] 
Database '/Users/iturrioz/git/Bets2021/src/main/resources/bets.temp' is opened by 4442@iMac-de-Jon.local

[2020-09-27 17:30:32 #3 type] 
Type domain.Question is not enhanced.

[2020-09-27 17:30:32 #4 type] 
Type domain.Event is not enhanced.

