------------------------------------------------------------------------------------------------------------------------

[2021-05-04 20:23:33 #1 store] 
Database 'C:\Users\Josu\Documents\ESKOLA\UNI 2\SI\workspace\Bets21Azkena\src\main\resources\bets.temp' is opened by 15272@DESKTOP-1B6RACQ

[2021-05-04 20:23:33 #2 type.registry] 
New type domain.Apustua

[2021-05-04 20:23:33 #3 type] 
Type domain.Apustua is not enhanced.

[2021-05-04 20:23:33 #4 type.registry] 
New type domain.Pronostikoa

[2021-05-04 20:23:33 #5 type.registry] 
New type java.util.ArrayList<domain.Pronostikoa>

[2021-05-04 20:23:33 #6 type.registry] 
New type domain.Pertsona

[2021-05-04 20:23:33 #7 type.registry] 
New type domain.Bezeroa

[2021-05-04 20:23:33 #8 type] 
Type domain.Pronostikoa is not enhanced.

[2021-05-04 20:23:33 #9 type.registry] 
New type java.util.Vector<domain.Apustua>

[2021-05-04 20:23:33 #10 type.registry] 
New type domain.Question

[2021-05-04 20:23:33 #11 type] 
Type domain.Pertsona is not enhanced.

[2021-05-04 20:23:33 #12 type] 
Type domain.Bezeroa is not enhanced.

[2021-05-04 20:23:33 #13 type.registry] 
New type domain.Errepikapena

[2021-05-04 20:23:33 #14 type.registry] 
New type java.util.Vector<domain.Errepikapena>

[2021-05-04 20:23:33 #15 type.registry] 
New type domain.Mezua

[2021-05-04 20:23:33 #16 type.registry] 
New type java.util.Vector<domain.Mezua>

[2021-05-04 20:23:33 #17 type.registry] 
New type domain.Mugimendua

[2021-05-04 20:23:33 #18 type.registry] 
New type java.util.Vector<domain.Mugimendua>

[2021-05-04 20:23:33 #19 type] 
Type domain.Question is not enhanced.

[2021-05-04 20:23:33 #20 type.registry] 
New type java.util.Vector<domain.Pronostikoa>

[2021-05-04 20:23:33 #21 type.registry] 
New type domain.Event

[2021-05-04 20:23:33 #22 type] 
Type domain.Errepikapena is not enhanced.

[2021-05-04 20:23:33 #23 type] 
Type domain.Mezua is not enhanced.

[2021-05-04 20:23:33 #24 type] 
Type domain.Mugimendua is not enhanced.

[2021-05-04 20:23:33 #25 type] 
Type domain.Event is not enhanced.

[2021-05-04 20:23:33 #26 type.registry] 
New type java.util.Vector<domain.Question>

[2021-05-04 20:23:33 #27 type.registry] 
New type domain.Admin

[2021-05-04 20:23:33 #28 type] 
Type domain.Admin is not enhanced.

[2021-05-04 20:23:33 #29 type.registry] 
New type domain.Langilea

[2021-05-04 20:23:33 #30 type] 
Type domain.Langilea is not enhanced.

