------------------------------------------------------------------------------------------------------------------------

[2021-04-25 09:14:43 #1 store] 
Database 'C:\Users\Josu\Documents\ESKOLA\UNI 2\SI\workspace\Bets21Azkena\src\main\resources\bets.temp' has been recovered (tr. 16-22)

[2021-04-25 09:14:43 #2 store] 
Database 'C:\Users\Josu\Documents\ESKOLA\UNI 2\SI\workspace\Bets21Azkena\src\main\resources\bets.temp' is opened by 10420@DESKTOP-1B6RACQ

[2021-04-25 09:14:43 #3 type] 
Type domain.Pertsona is not enhanced.

[2021-04-25 09:14:43 #4 type] 
Type domain.Admin is not enhanced.

[2021-04-25 09:14:43 #5 type] 
Type domain.Langilea is not enhanced.

[2021-04-25 09:14:43 #6 type] 
Type domain.Bezeroa is not enhanced.

[2021-04-25 09:14:43 #7 type] 
Type domain.Apustua is not enhanced.

[2021-04-25 09:14:43 #8 type] 
Type domain.Mugimendua is not enhanced.

[2021-04-25 09:14:43 #9 type] 
Type domain.Pronostikoa is not enhanced.

[2021-04-25 09:14:43 #10 type] 
Type domain.Question is not enhanced.

[2021-04-25 09:14:43 #11 type] 
Type domain.Event is not enhanced.

------------------------------------------------------------------------------------------------------------------------

[2021-04-25 09:19:32 #1 store] 
Database 'C:\Users\Josu\Documents\ESKOLA\UNI 2\SI\workspace\Bets21Azkena\src\main\resources\bets.temp' has been recovered (tr. 23-23)

[2021-04-25 09:19:32 #2 store] 
Database 'C:\Users\Josu\Documents\ESKOLA\UNI 2\SI\workspace\Bets21Azkena\src\main\resources\bets.temp' is opened by 6920@DESKTOP-1B6RACQ

[2021-04-25 09:19:33 #3 type] 
Type domain.Pertsona is not enhanced.

[2021-04-25 09:19:33 #4 type] 
Type domain.Admin is not enhanced.

[2021-04-25 09:19:33 #5 type] 
Type domain.Langilea is not enhanced.

[2021-04-25 09:19:33 #6 type] 
Type domain.Bezeroa is not enhanced.

[2021-04-25 09:19:33 #7 type] 
Type domain.Apustua is not enhanced.

[2021-04-25 09:19:33 #8 type] 
Type domain.Mugimendua is not enhanced.

[2021-04-25 09:19:33 #9 type] 
Type domain.Pronostikoa is not enhanced.

[2021-04-25 09:19:33 #10 type] 
Type domain.Question is not enhanced.

[2021-04-25 09:19:33 #11 type] 
Type domain.Event is not enhanced.

------------------------------------------------------------------------------------------------------------------------

[2021-04-25 11:44:45 #1 store] 
Database 'C:\Users\Josu\Documents\ESKOLA\UNI 2\SI\workspace\Bets21Azkena\src\main\resources\bets.temp' has been recovered (tr. 24-24)

[2021-04-25 11:44:45 #2 store] 
Database 'C:\Users\Josu\Documents\ESKOLA\UNI 2\SI\workspace\Bets21Azkena\src\main\resources\bets.temp' is opened by 7420@DESKTOP-1B6RACQ

[2021-04-25 11:44:45 #3 type] 
Type domain.Pertsona is not enhanced.

[2021-04-25 11:44:45 #4 type] 
Type domain.Admin is not enhanced.

[2021-04-25 11:44:45 #5 type] 
Type domain.Langilea is not enhanced.

[2021-04-25 11:44:45 #6 type] 
Type domain.Bezeroa is not enhanced.

[2021-04-25 11:44:45 #7 type] 
Type domain.Apustua is not enhanced.

[2021-04-25 11:44:45 #8 type] 
Type domain.Mugimendua is not enhanced.

[2021-04-25 11:44:45 #9 type] 
Type domain.Pronostikoa is not enhanced.

[2021-04-25 11:44:45 #10 type] 
Type domain.Question is not enhanced.

[2021-04-25 11:44:45 #11 type] 
Type domain.Event is not enhanced.

------------------------------------------------------------------------------------------------------------------------

[2021-04-25 11:48:05 #1 store] 
Database 'C:\Users\Josu\Documents\ESKOLA\UNI 2\SI\workspace\Bets21Azkena\src\main\resources\bets.temp' has been recovered (tr. 25-25)

[2021-04-25 11:48:05 #2 store] 
Database 'C:\Users\Josu\Documents\ESKOLA\UNI 2\SI\workspace\Bets21Azkena\src\main\resources\bets.temp' is opened by 8692@DESKTOP-1B6RACQ

[2021-04-25 11:48:06 #3 type] 
Type domain.Pertsona is not enhanced.

[2021-04-25 11:48:06 #4 type] 
Type domain.Admin is not enhanced.

[2021-04-25 11:48:06 #5 type] 
Type domain.Langilea is not enhanced.

[2021-04-25 11:48:06 #6 type] 
Type domain.Bezeroa is not enhanced.

[2021-04-25 11:48:06 #7 type] 
Type domain.Apustua is not enhanced.

[2021-04-25 11:48:06 #8 type] 
Type domain.Mugimendua is not enhanced.

[2021-04-25 11:48:06 #9 type] 
Type domain.Pronostikoa is not enhanced.

[2021-04-25 11:48:06 #10 type] 
Type domain.Question is not enhanced.

[2021-04-25 11:48:06 #11 type] 
Type domain.Event is not enhanced.

------------------------------------------------------------------------------------------------------------------------

[2021-04-25 12:17:12 #1 store] 
Database 'C:\Users\Josu\Documents\ESKOLA\UNI 2\SI\workspace\Bets21Azkena\src\main\resources\bets.temp' is opened by 9324@DESKTOP-1B6RACQ

[2021-04-25 12:17:12 #2 type] 
Type domain.Pertsona is not enhanced.

[2021-04-25 12:17:12 #3 type] 
Type domain.Admin is not enhanced.

[2021-04-25 12:17:12 #4 type] 
Type domain.Langilea is not enhanced.

[2021-04-25 12:17:12 #5 type] 
Type domain.Bezeroa is not enhanced.

[2021-04-25 12:17:12 #6 type] 
Type domain.Apustua is not enhanced.

[2021-04-25 12:17:12 #7 type] 
Type domain.Mugimendua is not enhanced.

[2021-04-25 12:17:12 #8 type] 
Type domain.Pronostikoa is not enhanced.

[2021-04-25 12:17:12 #9 type] 
Type domain.Question is not enhanced.

[2021-04-25 12:17:12 #10 type] 
Type domain.Event is not enhanced.

------------------------------------------------------------------------------------------------------------------------

[2021-04-25 13:07:28 #1 store] 
Database 'C:\Users\Josu\Documents\ESKOLA\UNI 2\SI\workspace\Bets21Azkena\src\main\resources\bets.temp' has been recovered (tr. 39-40)

[2021-04-25 13:07:28 #2 store] 
Database 'C:\Users\Josu\Documents\ESKOLA\UNI 2\SI\workspace\Bets21Azkena\src\main\resources\bets.temp' is opened by 10200@DESKTOP-1B6RACQ

[2021-04-25 13:07:28 #3 type] 
Type domain.Pertsona is not enhanced.

[2021-04-25 13:07:28 #4 type] 
Type domain.Admin is not enhanced.

[2021-04-25 13:07:28 #5 type] 
Type domain.Langilea is not enhanced.

[2021-04-25 13:07:28 #6 type] 
Type domain.Bezeroa is not enhanced.

[2021-04-25 13:07:28 #7 type] 
Type domain.Apustua is not enhanced.

[2021-04-25 13:07:28 #8 type] 
Type domain.Mugimendua is not enhanced.

[2021-04-25 13:07:28 #9 type] 
Type domain.Pronostikoa is not enhanced.

[2021-04-25 13:07:28 #10 type] 
Type domain.Question is not enhanced.

[2021-04-25 13:07:28 #11 type] 
Type domain.Event is not enhanced.

