------------------------------------------------------------------------------------------------------------------------

[2021-02-25 21:00:22 #1 store] 
Database 'C:\Users\Josu\Desktop\Bets21-master\src\main\resources\bets.temp' is opened by 628@DESKTOP-1B6RACQ

[2021-02-25 21:00:23 #2 type.registry] 
New type domain.Pertsona

[2021-02-25 21:00:23 #3 type.registry] 
New type domain.Admin

[2021-02-25 21:00:23 #4 type] 
Type domain.Pertsona is not enhanced.

[2021-02-25 21:00:23 #5 type] 
Type domain.Admin is not enhanced.

[2021-02-25 21:00:23 #6 type.registry] 
New type domain.Bezeroa

[2021-02-25 21:00:23 #7 type] 
Type domain.Bezeroa is not enhanced.

[2021-02-25 21:00:23 #8 type.registry] 
New type domain.Langilea

[2021-02-25 21:00:23 #9 type] 
Type domain.Langilea is not enhanced.

[2021-02-25 21:00:23 #10 type.registry] 
New type domain.Question

[2021-02-25 21:00:23 #11 type] 
Type domain.Question is not enhanced.

[2021-02-25 21:00:23 #12 type.registry] 
New type domain.Event

[2021-02-25 21:00:23 #13 type] 
Type domain.Event is not enhanced.

[2021-02-25 21:00:23 #14 type.registry] 
New type java.util.Vector<domain.Question>

[2021-02-25 21:00:23 #15 type.registry] 
New type java.util.Vector<java.lang.Object>

------------------------------------------------------------------------------------------------------------------------

[2021-02-25 21:02:33 #1 store] 
Database 'C:\Users\Josu\Desktop\Bets21-master\src\main\resources\bets.temp' is opened by 11768@DESKTOP-1B6RACQ

[2021-02-25 21:02:33 #2 type.registry] 
New type domain.Pertsona

[2021-02-25 21:02:33 #3 type.registry] 
New type domain.Admin

[2021-02-25 21:02:33 #4 type] 
Type domain.Pertsona is not enhanced.

[2021-02-25 21:02:33 #5 type] 
Type domain.Admin is not enhanced.

[2021-02-25 21:02:33 #6 type.registry] 
New type domain.Bezeroa

[2021-02-25 21:02:33 #7 type] 
Type domain.Bezeroa is not enhanced.

[2021-02-25 21:02:33 #8 type.registry] 
New type domain.Langilea

[2021-02-25 21:02:33 #9 type] 
Type domain.Langilea is not enhanced.

[2021-02-25 21:02:33 #10 type.registry] 
New type domain.Question

[2021-02-25 21:02:33 #11 type] 
Type domain.Question is not enhanced.

[2021-02-25 21:02:33 #12 type.registry] 
New type domain.Event

[2021-02-25 21:02:33 #13 type] 
Type domain.Event is not enhanced.

[2021-02-25 21:02:33 #14 type.registry] 
New type java.util.Vector<domain.Question>

[2021-02-25 21:02:33 #15 type.registry] 
New type java.util.Vector<java.lang.Object>

------------------------------------------------------------------------------------------------------------------------

[2021-02-25 21:04:23 #1 store] 
Database 'C:\Users\Josu\Desktop\Bets21-master\src\main\resources\bets.temp' is opened by 6896@DESKTOP-1B6RACQ

[2021-02-25 21:04:24 #2 type.registry] 
New type domain.Pertsona

[2021-02-25 21:04:24 #3 type.registry] 
New type domain.Admin

[2021-02-25 21:04:24 #4 type] 
Type domain.Pertsona is not enhanced.

[2021-02-25 21:04:24 #5 type] 
Type domain.Admin is not enhanced.

[2021-02-25 21:04:24 #6 type.registry] 
New type domain.Bezeroa

[2021-02-25 21:04:24 #7 type] 
Type domain.Bezeroa is not enhanced.

[2021-02-25 21:04:24 #8 type.registry] 
New type domain.Langilea

[2021-02-25 21:04:24 #9 type] 
Type domain.Langilea is not enhanced.

[2021-02-25 21:04:24 #10 type.registry] 
New type domain.Question

[2021-02-25 21:04:24 #11 type] 
Type domain.Question is not enhanced.

[2021-02-25 21:04:24 #12 type.registry] 
New type domain.Event

[2021-02-25 21:04:24 #13 type] 
Type domain.Event is not enhanced.

[2021-02-25 21:04:24 #14 type.registry] 
New type java.util.Vector<domain.Question>

[2021-02-25 21:04:24 #15 type.registry] 
New type java.util.Vector<java.lang.Object>

------------------------------------------------------------------------------------------------------------------------

[2021-02-25 21:13:10 #1 store] 
Database 'C:\Users\Josu\Desktop\Bets21-master\src\main\resources\bets.temp' is opened by 11380@DESKTOP-1B6RACQ

[2021-02-25 21:13:10 #2 type.registry] 
New type domain.Pertsona

[2021-02-25 21:13:10 #3 type.registry] 
New type domain.Admin

[2021-02-25 21:13:10 #4 type] 
Type domain.Pertsona is not enhanced.

[2021-02-25 21:13:10 #5 type] 
Type domain.Admin is not enhanced.

[2021-02-25 21:13:10 #6 type.registry] 
New type domain.Bezeroa

[2021-02-25 21:13:10 #7 type] 
Type domain.Bezeroa is not enhanced.

[2021-02-25 21:13:10 #8 type.registry] 
New type domain.Langilea

[2021-02-25 21:13:10 #9 type] 
Type domain.Langilea is not enhanced.

[2021-02-25 21:13:10 #10 type.registry] 
New type domain.Question

[2021-02-25 21:13:10 #11 type] 
Type domain.Question is not enhanced.

[2021-02-25 21:13:10 #12 type.registry] 
New type domain.Event

[2021-02-25 21:13:10 #13 type] 
Type domain.Event is not enhanced.

[2021-02-25 21:13:10 #14 type.registry] 
New type java.util.Vector<domain.Question>

[2021-02-25 21:13:10 #15 type.registry] 
New type java.util.Vector<java.lang.Object>

------------------------------------------------------------------------------------------------------------------------

[2021-02-25 21:16:01 #1 store] 
Database 'C:\Users\Josu\Desktop\Bets21-master\src\main\resources\bets.temp' is opened by 6704@DESKTOP-1B6RACQ

[2021-02-25 21:16:02 #2 type.registry] 
New type domain.Pertsona

[2021-02-25 21:16:02 #3 type.registry] 
New type domain.Admin

[2021-02-25 21:16:02 #4 type] 
Type domain.Pertsona is not enhanced.

[2021-02-25 21:16:02 #5 type] 
Type domain.Admin is not enhanced.

[2021-02-25 21:16:02 #6 type.registry] 
New type domain.Bezeroa

[2021-02-25 21:16:02 #7 type] 
Type domain.Bezeroa is not enhanced.

[2021-02-25 21:16:02 #8 type.registry] 
New type domain.Langilea

[2021-02-25 21:16:02 #9 type] 
Type domain.Langilea is not enhanced.

[2021-02-25 21:16:02 #10 type.registry] 
New type domain.Question

[2021-02-25 21:16:02 #11 type] 
Type domain.Question is not enhanced.

[2021-02-25 21:16:02 #12 type.registry] 
New type domain.Event

[2021-02-25 21:16:02 #13 type] 
Type domain.Event is not enhanced.

[2021-02-25 21:16:02 #14 type.registry] 
New type java.util.Vector<domain.Question>

[2021-02-25 21:16:02 #15 type.registry] 
New type java.util.Vector<java.lang.Object>

------------------------------------------------------------------------------------------------------------------------

[2021-02-25 22:55:23 #1 store] 
Database 'C:\Users\Josu\Desktop\Bets21-master\src\main\resources\bets.temp' is opened by 7500@DESKTOP-1B6RACQ

[2021-02-25 22:55:23 #2 type.registry] 
New type domain.Pertsona

[2021-02-25 22:55:23 #3 type.registry] 
New type domain.Admin

[2021-02-25 22:55:23 #4 type] 
Type domain.Pertsona is not enhanced.

[2021-02-25 22:55:23 #5 type] 
Type domain.Admin is not enhanced.

[2021-02-25 22:55:23 #6 type.registry] 
New type domain.Bezeroa

[2021-02-25 22:55:23 #7 type] 
Type domain.Bezeroa is not enhanced.

[2021-02-25 22:55:23 #8 type.registry] 
New type domain.Langilea

[2021-02-25 22:55:23 #9 type] 
Type domain.Langilea is not enhanced.

[2021-02-25 22:55:23 #10 type.registry] 
New type domain.Question

[2021-02-25 22:55:23 #11 type] 
Type domain.Question is not enhanced.

[2021-02-25 22:55:23 #12 type.registry] 
New type domain.Event

[2021-02-25 22:55:23 #13 type] 
Type domain.Event is not enhanced.

[2021-02-25 22:55:23 #14 type.registry] 
New type java.util.Vector<domain.Question>

[2021-02-25 22:55:23 #15 type.registry] 
New type java.util.Vector<java.lang.Object>

------------------------------------------------------------------------------------------------------------------------

[2021-02-25 22:56:31 #1 store] 
Database 'C:\Users\Josu\Desktop\Bets21-master\src\main\resources\bets.temp' is opened by 10900@DESKTOP-1B6RACQ

[2021-02-25 22:56:32 #2 type.registry] 
New type domain.Pertsona

[2021-02-25 22:56:32 #3 type.registry] 
New type domain.Admin

[2021-02-25 22:56:32 #4 type] 
Type domain.Pertsona is not enhanced.

[2021-02-25 22:56:32 #5 type] 
Type domain.Admin is not enhanced.

[2021-02-25 22:56:32 #6 type.registry] 
New type domain.Bezeroa

[2021-02-25 22:56:32 #7 type] 
Type domain.Bezeroa is not enhanced.

[2021-02-25 22:56:32 #8 type.registry] 
New type domain.Langilea

[2021-02-25 22:56:32 #9 type] 
Type domain.Langilea is not enhanced.

[2021-02-25 22:56:32 #10 type.registry] 
New type domain.Question

[2021-02-25 22:56:32 #11 type] 
Type domain.Question is not enhanced.

[2021-02-25 22:56:32 #12 type.registry] 
New type domain.Event

[2021-02-25 22:56:32 #13 type] 
Type domain.Event is not enhanced.

[2021-02-25 22:56:32 #14 type.registry] 
New type java.util.Vector<domain.Question>

[2021-02-25 22:56:32 #15 type.registry] 
New type java.util.Vector<java.lang.Object>

------------------------------------------------------------------------------------------------------------------------

[2021-02-25 23:05:19 #1 store] 
Database 'C:\Users\Josu\Desktop\Bets21-master\src\main\resources\bets.temp' is opened by 3680@DESKTOP-1B6RACQ

[2021-02-25 23:05:19 #2 type.registry] 
New type domain.Pertsona

[2021-02-25 23:05:19 #3 type.registry] 
New type domain.Admin

[2021-02-25 23:05:19 #4 type] 
Type domain.Pertsona is not enhanced.

[2021-02-25 23:05:19 #5 type] 
Type domain.Admin is not enhanced.

[2021-02-25 23:05:19 #6 type.registry] 
New type domain.Bezeroa

[2021-02-25 23:05:19 #7 type] 
Type domain.Bezeroa is not enhanced.

[2021-02-25 23:05:19 #8 type.registry] 
New type domain.Langilea

[2021-02-25 23:05:19 #9 type] 
Type domain.Langilea is not enhanced.

[2021-02-25 23:05:19 #10 type.registry] 
New type domain.Question

[2021-02-25 23:05:19 #11 type] 
Type domain.Question is not enhanced.

[2021-02-25 23:05:19 #12 type.registry] 
New type domain.Event

[2021-02-25 23:05:19 #13 type] 
Type domain.Event is not enhanced.

[2021-02-25 23:05:19 #14 type.registry] 
New type java.util.Vector<domain.Question>

[2021-02-25 23:05:19 #15 type.registry] 
New type java.util.Vector<java.lang.Object>

------------------------------------------------------------------------------------------------------------------------

[2021-02-25 23:09:24 #1 store] 
Database 'C:\Users\Josu\Desktop\Bets21-master\src\main\resources\bets.temp' is opened by 5652@DESKTOP-1B6RACQ

[2021-02-25 23:09:24 #2 type.registry] 
New type domain.Pertsona

[2021-02-25 23:09:24 #3 type.registry] 
New type domain.Admin

[2021-02-25 23:09:24 #4 type] 
Type domain.Pertsona is not enhanced.

[2021-02-25 23:09:24 #5 type] 
Type domain.Admin is not enhanced.

[2021-02-25 23:09:24 #6 type.registry] 
New type domain.Bezeroa

[2021-02-25 23:09:24 #7 type] 
Type domain.Bezeroa is not enhanced.

[2021-02-25 23:09:24 #8 type.registry] 
New type domain.Langilea

[2021-02-25 23:09:24 #9 type] 
Type domain.Langilea is not enhanced.

[2021-02-25 23:09:24 #10 type.registry] 
New type domain.Question

[2021-02-25 23:09:24 #11 type] 
Type domain.Question is not enhanced.

[2021-02-25 23:09:24 #12 type.registry] 
New type domain.Event

[2021-02-25 23:09:24 #13 type] 
Type domain.Event is not enhanced.

[2021-02-25 23:09:24 #14 type.registry] 
New type java.util.Vector<domain.Question>

[2021-02-25 23:09:24 #15 type.registry] 
New type java.util.Vector<java.lang.Object>

------------------------------------------------------------------------------------------------------------------------

[2021-02-25 23:13:48 #1 store] 
Database 'C:\Users\Josu\Desktop\Bets21-master\src\main\resources\bets.temp' is opened by 5752@DESKTOP-1B6RACQ

[2021-02-25 23:13:48 #2 type.registry] 
New type domain.Pertsona

[2021-02-25 23:13:48 #3 type.registry] 
New type domain.Admin

[2021-02-25 23:13:48 #4 type] 
Type domain.Pertsona is not enhanced.

[2021-02-25 23:13:48 #5 type] 
Type domain.Admin is not enhanced.

[2021-02-25 23:13:48 #6 type.registry] 
New type domain.Bezeroa

[2021-02-25 23:13:48 #7 type] 
Type domain.Bezeroa is not enhanced.

[2021-02-25 23:13:48 #8 type.registry] 
New type domain.Langilea

[2021-02-25 23:13:48 #9 type] 
Type domain.Langilea is not enhanced.

[2021-02-25 23:13:48 #10 type.registry] 
New type domain.Question

[2021-02-25 23:13:48 #11 type] 
Type domain.Question is not enhanced.

[2021-02-25 23:13:48 #12 type.registry] 
New type domain.Event

[2021-02-25 23:13:48 #13 type] 
Type domain.Event is not enhanced.

[2021-02-25 23:13:48 #14 type.registry] 
New type java.util.Vector<domain.Question>

[2021-02-25 23:13:48 #15 type.registry] 
New type java.util.Vector<java.lang.Object>

------------------------------------------------------------------------------------------------------------------------

[2021-02-25 23:37:46 #1 store] 
Database 'C:\Users\Josu\Desktop\Bets21-master\src\main\resources\bets.temp' is opened by 5156@DESKTOP-1B6RACQ

[2021-02-25 23:37:46 #2 type.registry] 
New type domain.Pertsona

[2021-02-25 23:37:46 #3 type.registry] 
New type domain.Admin

[2021-02-25 23:37:46 #4 type] 
Type domain.Pertsona is not enhanced.

[2021-02-25 23:37:46 #5 type] 
Type domain.Admin is not enhanced.

[2021-02-25 23:37:46 #6 type.registry] 
New type domain.Bezeroa

[2021-02-25 23:37:46 #7 type] 
Type domain.Bezeroa is not enhanced.

[2021-02-25 23:37:46 #8 type.registry] 
New type domain.Langilea

[2021-02-25 23:37:46 #9 type] 
Type domain.Langilea is not enhanced.

[2021-02-25 23:37:46 #10 type.registry] 
New type domain.Question

[2021-02-25 23:37:46 #11 type] 
Type domain.Question is not enhanced.

[2021-02-25 23:37:46 #12 type.registry] 
New type domain.Event

[2021-02-25 23:37:46 #13 type] 
Type domain.Event is not enhanced.

[2021-02-25 23:37:46 #14 type.registry] 
New type java.util.Vector<domain.Question>

[2021-02-25 23:37:46 #15 type.registry] 
New type java.util.Vector<java.lang.Object>

------------------------------------------------------------------------------------------------------------------------

[2021-02-25 23:39:27 #1 store] 
Database 'C:\Users\Josu\Desktop\Bets21-master\src\main\resources\bets.temp' is opened by 9000@DESKTOP-1B6RACQ

[2021-02-25 23:39:27 #2 type.registry] 
New type domain.Pertsona

[2021-02-25 23:39:27 #3 type.registry] 
New type domain.Admin

[2021-02-25 23:39:27 #4 type] 
Type domain.Pertsona is not enhanced.

[2021-02-25 23:39:27 #5 type] 
Type domain.Admin is not enhanced.

[2021-02-25 23:39:27 #6 type.registry] 
New type domain.Bezeroa

[2021-02-25 23:39:27 #7 type] 
Type domain.Bezeroa is not enhanced.

[2021-02-25 23:39:27 #8 type.registry] 
New type domain.Langilea

[2021-02-25 23:39:27 #9 type] 
Type domain.Langilea is not enhanced.

[2021-02-25 23:39:27 #10 type.registry] 
New type domain.Question

[2021-02-25 23:39:27 #11 type] 
Type domain.Question is not enhanced.

[2021-02-25 23:39:27 #12 type.registry] 
New type domain.Event

[2021-02-25 23:39:27 #13 type] 
Type domain.Event is not enhanced.

[2021-02-25 23:39:27 #14 type.registry] 
New type java.util.Vector<domain.Question>

[2021-02-25 23:39:27 #15 type.registry] 
New type java.util.Vector<java.lang.Object>

------------------------------------------------------------------------------------------------------------------------

[2021-02-25 23:41:06 #1 store] 
Database 'C:\Users\Josu\Desktop\Bets21-master\src\main\resources\bets.temp' is opened by 1028@DESKTOP-1B6RACQ

[2021-02-25 23:41:06 #2 type.registry] 
New type domain.Pertsona

[2021-02-25 23:41:06 #3 type.registry] 
New type domain.Admin

[2021-02-25 23:41:06 #4 type] 
Type domain.Pertsona is not enhanced.

[2021-02-25 23:41:06 #5 type] 
Type domain.Admin is not enhanced.

[2021-02-25 23:41:06 #6 type.registry] 
New type domain.Bezeroa

[2021-02-25 23:41:06 #7 type] 
Type domain.Bezeroa is not enhanced.

[2021-02-25 23:41:06 #8 type.registry] 
New type domain.Langilea

[2021-02-25 23:41:06 #9 type] 
Type domain.Langilea is not enhanced.

[2021-02-25 23:41:06 #10 type.registry] 
New type domain.Question

[2021-02-25 23:41:06 #11 type] 
Type domain.Question is not enhanced.

[2021-02-25 23:41:06 #12 type.registry] 
New type domain.Event

[2021-02-25 23:41:06 #13 type] 
Type domain.Event is not enhanced.

[2021-02-25 23:41:06 #14 type.registry] 
New type java.util.Vector<domain.Question>

[2021-02-25 23:41:06 #15 type.registry] 
New type java.util.Vector<java.lang.Object>

------------------------------------------------------------------------------------------------------------------------

[2021-02-25 23:52:33 #1 store] 
Database 'C:\Users\Josu\Desktop\Bets21-master\src\main\resources\bets.temp' is opened by 10352@DESKTOP-1B6RACQ

[2021-02-25 23:52:33 #2 type.registry] 
New type domain.Pertsona

[2021-02-25 23:52:33 #3 type.registry] 
New type domain.Admin

[2021-02-25 23:52:33 #4 type] 
Type domain.Pertsona is not enhanced.

[2021-02-25 23:52:33 #5 type] 
Type domain.Admin is not enhanced.

[2021-02-25 23:52:33 #6 type.registry] 
New type domain.Bezeroa

[2021-02-25 23:52:33 #7 type] 
Type domain.Bezeroa is not enhanced.

[2021-02-25 23:52:33 #8 type.registry] 
New type domain.Langilea

[2021-02-25 23:52:33 #9 type] 
Type domain.Langilea is not enhanced.

[2021-02-25 23:52:33 #10 type.registry] 
New type domain.Question

[2021-02-25 23:52:33 #11 type] 
Type domain.Question is not enhanced.

[2021-02-25 23:52:33 #12 type.registry] 
New type domain.Event

[2021-02-25 23:52:33 #13 type] 
Type domain.Event is not enhanced.

[2021-02-25 23:52:33 #14 type.registry] 
New type java.util.Vector<domain.Question>

[2021-02-25 23:52:33 #15 type.registry] 
New type java.util.Vector<java.lang.Object>

------------------------------------------------------------------------------------------------------------------------

[2021-02-25 23:54:33 #1 store] 
Database 'C:\Users\Josu\Desktop\Bets21-master\src\main\resources\bets.temp' is opened by 2348@DESKTOP-1B6RACQ

[2021-02-25 23:54:34 #2 type.registry] 
New type domain.Pertsona

[2021-02-25 23:54:34 #3 type.registry] 
New type domain.Admin

[2021-02-25 23:54:34 #4 type] 
Type domain.Pertsona is not enhanced.

[2021-02-25 23:54:34 #5 type] 
Type domain.Admin is not enhanced.

[2021-02-25 23:54:34 #6 type.registry] 
New type domain.Bezeroa

[2021-02-25 23:54:34 #7 type] 
Type domain.Bezeroa is not enhanced.

[2021-02-25 23:54:34 #8 type.registry] 
New type domain.Langilea

[2021-02-25 23:54:34 #9 type] 
Type domain.Langilea is not enhanced.

[2021-02-25 23:54:34 #10 type.registry] 
New type domain.Question

[2021-02-25 23:54:34 #11 type] 
Type domain.Question is not enhanced.

[2021-02-25 23:54:34 #12 type.registry] 
New type domain.Event

[2021-02-25 23:54:34 #13 type] 
Type domain.Event is not enhanced.

[2021-02-25 23:54:34 #14 type.registry] 
New type java.util.Vector<domain.Question>

[2021-02-25 23:54:34 #15 type.registry] 
New type java.util.Vector<java.lang.Object>

