------------------------------------------------------------------------------------------------------------------------

[2021-02-26 00:01:31 #1 store] 
Database 'C:\Users\Josu\Desktop\Bets21-master\src\main\resources\bets.temp' is opened by 7024@DESKTOP-1B6RACQ

[2021-02-26 00:01:31 #2 type.registry] 
New type domain.Pertsona

[2021-02-26 00:01:31 #3 type.registry] 
New type domain.Admin

[2021-02-26 00:01:31 #4 type] 
Type domain.Pertsona is not enhanced.

[2021-02-26 00:01:31 #5 type] 
Type domain.Admin is not enhanced.

[2021-02-26 00:01:31 #6 type.registry] 
New type domain.Bezeroa

[2021-02-26 00:01:31 #7 type] 
Type domain.Bezeroa is not enhanced.

[2021-02-26 00:01:31 #8 type.registry] 
New type domain.Langilea

[2021-02-26 00:01:31 #9 type] 
Type domain.Langilea is not enhanced.

[2021-02-26 00:01:31 #10 type.registry] 
New type domain.Question

[2021-02-26 00:01:31 #11 type] 
Type domain.Question is not enhanced.

[2021-02-26 00:01:31 #12 type.registry] 
New type domain.Event

[2021-02-26 00:01:31 #13 type] 
Type domain.Event is not enhanced.

[2021-02-26 00:01:31 #14 type.registry] 
New type java.util.Vector<domain.Question>

[2021-02-26 00:01:31 #15 type.registry] 
New type java.util.Vector<java.lang.Object>

------------------------------------------------------------------------------------------------------------------------

[2021-02-26 00:05:10 #1 store] 
Database 'C:\Users\Josu\Desktop\Bets21-master\src\main\resources\bets.temp' is opened by 4492@DESKTOP-1B6RACQ

[2021-02-26 00:05:10 #2 type.registry] 
New type domain.Pertsona

[2021-02-26 00:05:10 #3 type.registry] 
New type domain.Admin

[2021-02-26 00:05:10 #4 type] 
Type domain.Pertsona is not enhanced.

[2021-02-26 00:05:10 #5 type] 
Type domain.Admin is not enhanced.

[2021-02-26 00:05:10 #6 type.registry] 
New type domain.Bezeroa

[2021-02-26 00:05:10 #7 type] 
Type domain.Bezeroa is not enhanced.

[2021-02-26 00:05:10 #8 type.registry] 
New type domain.Langilea

[2021-02-26 00:05:10 #9 type] 
Type domain.Langilea is not enhanced.

[2021-02-26 00:05:10 #10 type.registry] 
New type domain.Question

[2021-02-26 00:05:10 #11 type] 
Type domain.Question is not enhanced.

[2021-02-26 00:05:10 #12 type.registry] 
New type domain.Event

[2021-02-26 00:05:10 #13 type] 
Type domain.Event is not enhanced.

[2021-02-26 00:05:10 #14 type.registry] 
New type java.util.Vector<domain.Question>

[2021-02-26 00:05:10 #15 type.registry] 
New type java.util.Vector<java.lang.Object>

------------------------------------------------------------------------------------------------------------------------

[2021-02-26 00:17:48 #1 store] 
Database 'C:\Users\Josu\Desktop\Bets21-master\src\main\resources\bets.temp' is opened by 8300@DESKTOP-1B6RACQ

[2021-02-26 00:17:48 #2 type.registry] 
New type domain.Pertsona

[2021-02-26 00:17:48 #3 type.registry] 
New type domain.Admin

[2021-02-26 00:17:48 #4 type] 
Type domain.Pertsona is not enhanced.

[2021-02-26 00:17:48 #5 type] 
Type domain.Admin is not enhanced.

[2021-02-26 00:17:48 #6 type.registry] 
New type domain.Bezeroa

[2021-02-26 00:17:48 #7 type] 
Type domain.Bezeroa is not enhanced.

[2021-02-26 00:17:48 #8 type.registry] 
New type domain.Langilea

[2021-02-26 00:17:48 #9 type] 
Type domain.Langilea is not enhanced.

[2021-02-26 00:17:49 #10 type.registry] 
New type domain.Question

[2021-02-26 00:17:49 #11 type] 
Type domain.Question is not enhanced.

[2021-02-26 00:17:49 #12 type.registry] 
New type domain.Event

[2021-02-26 00:17:49 #13 type] 
Type domain.Event is not enhanced.

[2021-02-26 00:17:49 #14 type.registry] 
New type java.util.Vector<domain.Question>

[2021-02-26 00:17:49 #15 type.registry] 
New type java.util.Vector<java.lang.Object>

------------------------------------------------------------------------------------------------------------------------

[2021-02-26 00:19:50 #1 store] 
Database 'C:\Users\Josu\Desktop\Bets21-master\src\main\resources\bets.temp' is opened by 9324@DESKTOP-1B6RACQ

[2021-02-26 00:19:50 #2 type.registry] 
New type domain.Pertsona

[2021-02-26 00:19:50 #3 type.registry] 
New type domain.Admin

[2021-02-26 00:19:50 #4 type] 
Type domain.Pertsona is not enhanced.

[2021-02-26 00:19:50 #5 type] 
Type domain.Admin is not enhanced.

[2021-02-26 00:19:50 #6 type.registry] 
New type domain.Bezeroa

[2021-02-26 00:19:50 #7 type] 
Type domain.Bezeroa is not enhanced.

[2021-02-26 00:19:50 #8 type.registry] 
New type domain.Langilea

[2021-02-26 00:19:50 #9 type] 
Type domain.Langilea is not enhanced.

[2021-02-26 00:19:50 #10 type.registry] 
New type domain.Question

[2021-02-26 00:19:50 #11 type] 
Type domain.Question is not enhanced.

[2021-02-26 00:19:50 #12 type.registry] 
New type domain.Event

[2021-02-26 00:19:50 #13 type] 
Type domain.Event is not enhanced.

[2021-02-26 00:19:50 #14 type.registry] 
New type java.util.Vector<domain.Question>

[2021-02-26 00:19:50 #15 type.registry] 
New type java.util.Vector<java.lang.Object>

------------------------------------------------------------------------------------------------------------------------

[2021-02-26 00:22:30 #1 store] 
Database 'C:\Users\Josu\Desktop\Bets21-master\src\main\resources\bets.temp' is opened by 11136@DESKTOP-1B6RACQ

[2021-02-26 00:22:30 #2 type.registry] 
New type domain.Pertsona

[2021-02-26 00:22:30 #3 type.registry] 
New type domain.Admin

[2021-02-26 00:22:30 #4 type] 
Type domain.Pertsona is not enhanced.

[2021-02-26 00:22:30 #5 type] 
Type domain.Admin is not enhanced.

[2021-02-26 00:22:30 #6 type.registry] 
New type domain.Bezeroa

[2021-02-26 00:22:30 #7 type] 
Type domain.Bezeroa is not enhanced.

[2021-02-26 00:22:30 #8 type.registry] 
New type domain.Langilea

[2021-02-26 00:22:30 #9 type] 
Type domain.Langilea is not enhanced.

[2021-02-26 00:22:30 #10 type.registry] 
New type domain.Question

[2021-02-26 00:22:30 #11 type] 
Type domain.Question is not enhanced.

[2021-02-26 00:22:30 #12 type.registry] 
New type domain.Event

[2021-02-26 00:22:30 #13 type] 
Type domain.Event is not enhanced.

[2021-02-26 00:22:30 #14 type.registry] 
New type java.util.Vector<domain.Question>

[2021-02-26 00:22:30 #15 type.registry] 
New type java.util.Vector<java.lang.Object>

------------------------------------------------------------------------------------------------------------------------

[2021-02-26 00:30:58 #1 store] 
Database 'C:\Users\Josu\Desktop\Bets21-master\src\main\resources\bets.temp' is opened by 124@DESKTOP-1B6RACQ

[2021-02-26 00:30:59 #2 type.registry] 
New type domain.Pertsona

[2021-02-26 00:30:59 #3 type.registry] 
New type domain.Admin

[2021-02-26 00:30:59 #4 type] 
Type domain.Pertsona is not enhanced.

[2021-02-26 00:30:59 #5 type] 
Type domain.Admin is not enhanced.

[2021-02-26 00:30:59 #6 type.registry] 
New type domain.Bezeroa

[2021-02-26 00:30:59 #7 type] 
Type domain.Bezeroa is not enhanced.

[2021-02-26 00:30:59 #8 type.registry] 
New type domain.Langilea

[2021-02-26 00:30:59 #9 type] 
Type domain.Langilea is not enhanced.

[2021-02-26 00:30:59 #10 type.registry] 
New type domain.Question

[2021-02-26 00:30:59 #11 type] 
Type domain.Question is not enhanced.

[2021-02-26 00:30:59 #12 type.registry] 
New type domain.Event

[2021-02-26 00:30:59 #13 type] 
Type domain.Event is not enhanced.

[2021-02-26 00:30:59 #14 type.registry] 
New type java.util.Vector<domain.Question>

[2021-02-26 00:30:59 #15 type.registry] 
New type java.util.Vector<java.lang.Object>

------------------------------------------------------------------------------------------------------------------------

[2021-02-26 00:47:52 #1 store] 
Database 'C:\Users\Josu\Desktop\Bets21-master\src\main\resources\bets.temp' is opened by 6256@DESKTOP-1B6RACQ

[2021-02-26 00:47:52 #2 type.registry] 
New type domain.Pertsona

[2021-02-26 00:47:52 #3 type.registry] 
New type domain.Admin

[2021-02-26 00:47:52 #4 type] 
Type domain.Pertsona is not enhanced.

[2021-02-26 00:47:52 #5 type] 
Type domain.Admin is not enhanced.

[2021-02-26 00:47:52 #6 type.registry] 
New type domain.Bezeroa

[2021-02-26 00:47:52 #7 type] 
Type domain.Bezeroa is not enhanced.

[2021-02-26 00:47:52 #8 type.registry] 
New type domain.Langilea

[2021-02-26 00:47:52 #9 type] 
Type domain.Langilea is not enhanced.

[2021-02-26 00:47:52 #10 type.registry] 
New type domain.Question

[2021-02-26 00:47:52 #11 type] 
Type domain.Question is not enhanced.

[2021-02-26 00:47:52 #12 type.registry] 
New type domain.Event

[2021-02-26 00:47:52 #13 type] 
Type domain.Event is not enhanced.

[2021-02-26 00:47:52 #14 type.registry] 
New type java.util.Vector<domain.Question>

[2021-02-26 00:47:52 #15 type.registry] 
New type java.util.Vector<java.lang.Object>

------------------------------------------------------------------------------------------------------------------------

[2021-02-26 00:49:50 #1 store] 
Database 'C:\Users\Josu\Desktop\Bets21-master\src\main\resources\bets.temp' is opened by 5172@DESKTOP-1B6RACQ

[2021-02-26 00:49:50 #2 type.registry] 
New type domain.Pertsona

[2021-02-26 00:49:50 #3 type.registry] 
New type domain.Admin

[2021-02-26 00:49:50 #4 type] 
Type domain.Pertsona is not enhanced.

[2021-02-26 00:49:50 #5 type] 
Type domain.Admin is not enhanced.

[2021-02-26 00:49:50 #6 type.registry] 
New type domain.Bezeroa

[2021-02-26 00:49:50 #7 type] 
Type domain.Bezeroa is not enhanced.

[2021-02-26 00:49:50 #8 type.registry] 
New type domain.Langilea

[2021-02-26 00:49:50 #9 type] 
Type domain.Langilea is not enhanced.

[2021-02-26 00:49:50 #10 type.registry] 
New type domain.Question

[2021-02-26 00:49:50 #11 type] 
Type domain.Question is not enhanced.

[2021-02-26 00:49:50 #12 type.registry] 
New type domain.Event

[2021-02-26 00:49:50 #13 type] 
Type domain.Event is not enhanced.

[2021-02-26 00:49:50 #14 type.registry] 
New type java.util.Vector<domain.Question>

[2021-02-26 00:49:50 #15 type.registry] 
New type java.util.Vector<java.lang.Object>

------------------------------------------------------------------------------------------------------------------------

[2021-02-26 00:56:06 #1 store] 
Database 'C:\Users\Josu\Desktop\Bets21-master\src\main\resources\bets.temp' is opened by 6708@DESKTOP-1B6RACQ

[2021-02-26 00:56:06 #2 type.registry] 
New type domain.Pertsona

[2021-02-26 00:56:06 #3 type.registry] 
New type domain.Admin

[2021-02-26 00:56:06 #4 type] 
Type domain.Pertsona is not enhanced.

[2021-02-26 00:56:06 #5 type] 
Type domain.Admin is not enhanced.

[2021-02-26 00:56:06 #6 type.registry] 
New type domain.Bezeroa

[2021-02-26 00:56:06 #7 type] 
Type domain.Bezeroa is not enhanced.

[2021-02-26 00:56:06 #8 type.registry] 
New type domain.Langilea

[2021-02-26 00:56:06 #9 type] 
Type domain.Langilea is not enhanced.

[2021-02-26 00:56:06 #10 type.registry] 
New type domain.Question

[2021-02-26 00:56:06 #11 type] 
Type domain.Question is not enhanced.

[2021-02-26 00:56:06 #12 type.registry] 
New type domain.Event

[2021-02-26 00:56:06 #13 type] 
Type domain.Event is not enhanced.

[2021-02-26 00:56:06 #14 type.registry] 
New type java.util.Vector<domain.Question>

[2021-02-26 00:56:06 #15 type.registry] 
New type java.util.Vector<java.lang.Object>

------------------------------------------------------------------------------------------------------------------------

[2021-02-26 00:57:11 #1 store] 
Database 'C:\Users\Josu\Desktop\Bets21-master\src\main\resources\bets.temp' is opened by 7844@DESKTOP-1B6RACQ

[2021-02-26 00:57:11 #2 type.registry] 
New type domain.Pertsona

[2021-02-26 00:57:11 #3 type.registry] 
New type domain.Admin

[2021-02-26 00:57:11 #4 type] 
Type domain.Pertsona is not enhanced.

[2021-02-26 00:57:11 #5 type] 
Type domain.Admin is not enhanced.

[2021-02-26 00:57:11 #6 type.registry] 
New type domain.Bezeroa

[2021-02-26 00:57:11 #7 type] 
Type domain.Bezeroa is not enhanced.

[2021-02-26 00:57:11 #8 type.registry] 
New type domain.Langilea

[2021-02-26 00:57:11 #9 type] 
Type domain.Langilea is not enhanced.

[2021-02-26 00:57:11 #10 type.registry] 
New type domain.Question

[2021-02-26 00:57:11 #11 type] 
Type domain.Question is not enhanced.

[2021-02-26 00:57:11 #12 type.registry] 
New type domain.Event

[2021-02-26 00:57:11 #13 type] 
Type domain.Event is not enhanced.

[2021-02-26 00:57:11 #14 type.registry] 
New type java.util.Vector<domain.Question>

[2021-02-26 00:57:11 #15 type.registry] 
New type java.util.Vector<java.lang.Object>

------------------------------------------------------------------------------------------------------------------------

[2021-02-26 00:57:44 #1 store] 
Database 'C:\Users\Josu\Desktop\Bets21-master\src\main\resources\bets.temp' is opened by 7212@DESKTOP-1B6RACQ

[2021-02-26 00:57:44 #2 type.registry] 
New type domain.Pertsona

[2021-02-26 00:57:44 #3 type.registry] 
New type domain.Admin

[2021-02-26 00:57:44 #4 type] 
Type domain.Pertsona is not enhanced.

[2021-02-26 00:57:44 #5 type] 
Type domain.Admin is not enhanced.

[2021-02-26 00:57:44 #6 type.registry] 
New type domain.Bezeroa

[2021-02-26 00:57:44 #7 type] 
Type domain.Bezeroa is not enhanced.

[2021-02-26 00:57:44 #8 type.registry] 
New type domain.Langilea

[2021-02-26 00:57:44 #9 type] 
Type domain.Langilea is not enhanced.

[2021-02-26 00:57:44 #10 type.registry] 
New type domain.Question

[2021-02-26 00:57:44 #11 type] 
Type domain.Question is not enhanced.

[2021-02-26 00:57:44 #12 type.registry] 
New type domain.Event

[2021-02-26 00:57:44 #13 type] 
Type domain.Event is not enhanced.

[2021-02-26 00:57:44 #14 type.registry] 
New type java.util.Vector<domain.Question>

[2021-02-26 00:57:44 #15 type.registry] 
New type java.util.Vector<java.lang.Object>

------------------------------------------------------------------------------------------------------------------------

[2021-02-26 01:04:01 #1 store] 
Database 'C:\Users\Josu\Desktop\Bets21-master\src\main\resources\bets.temp' is opened by 12260@DESKTOP-1B6RACQ

[2021-02-26 01:04:01 #2 type.registry] 
New type domain.Pertsona

[2021-02-26 01:04:01 #3 type.registry] 
New type domain.Admin

[2021-02-26 01:04:01 #4 type] 
Type domain.Pertsona is not enhanced.

[2021-02-26 01:04:01 #5 type] 
Type domain.Admin is not enhanced.

[2021-02-26 01:04:01 #6 type.registry] 
New type domain.Bezeroa

[2021-02-26 01:04:01 #7 type] 
Type domain.Bezeroa is not enhanced.

[2021-02-26 01:04:01 #8 type.registry] 
New type domain.Langilea

[2021-02-26 01:04:01 #9 type] 
Type domain.Langilea is not enhanced.

[2021-02-26 01:04:01 #10 type.registry] 
New type domain.Question

[2021-02-26 01:04:01 #11 type] 
Type domain.Question is not enhanced.

[2021-02-26 01:04:01 #12 type.registry] 
New type domain.Event

[2021-02-26 01:04:01 #13 type] 
Type domain.Event is not enhanced.

[2021-02-26 01:04:01 #14 type.registry] 
New type java.util.Vector<domain.Question>

[2021-02-26 01:04:01 #15 type.registry] 
New type java.util.Vector<java.lang.Object>

------------------------------------------------------------------------------------------------------------------------

[2021-02-26 01:09:52 #1 store] 
Database 'C:\Users\Josu\Desktop\Bets21-master\src\main\resources\bets.temp' is opened by 5104@DESKTOP-1B6RACQ

[2021-02-26 01:09:52 #2 type.registry] 
New type domain.Pertsona

[2021-02-26 01:09:52 #3 type.registry] 
New type domain.Admin

[2021-02-26 01:09:52 #4 type] 
Type domain.Pertsona is not enhanced.

[2021-02-26 01:09:52 #5 type] 
Type domain.Admin is not enhanced.

[2021-02-26 01:09:52 #6 type.registry] 
New type domain.Bezeroa

[2021-02-26 01:09:52 #7 type] 
Type domain.Bezeroa is not enhanced.

[2021-02-26 01:09:52 #8 type.registry] 
New type domain.Langilea

[2021-02-26 01:09:52 #9 type] 
Type domain.Langilea is not enhanced.

[2021-02-26 01:09:52 #10 type.registry] 
New type domain.Question

[2021-02-26 01:09:52 #11 type] 
Type domain.Question is not enhanced.

[2021-02-26 01:09:52 #12 type.registry] 
New type domain.Event

[2021-02-26 01:09:52 #13 type] 
Type domain.Event is not enhanced.

[2021-02-26 01:09:52 #14 type.registry] 
New type java.util.Vector<domain.Question>

[2021-02-26 01:09:52 #15 type.registry] 
New type java.util.Vector<java.lang.Object>

------------------------------------------------------------------------------------------------------------------------

[2021-02-26 01:13:37 #1 store] 
Database 'C:\Users\Josu\Desktop\Bets21-master\src\main\resources\bets.temp' is opened by 10548@DESKTOP-1B6RACQ

[2021-02-26 01:13:38 #2 type.registry] 
New type domain.Pertsona

[2021-02-26 01:13:38 #3 type.registry] 
New type domain.Admin

[2021-02-26 01:13:38 #4 type] 
Type domain.Pertsona is not enhanced.

[2021-02-26 01:13:38 #5 type] 
Type domain.Admin is not enhanced.

[2021-02-26 01:13:38 #6 type.registry] 
New type domain.Bezeroa

[2021-02-26 01:13:38 #7 type] 
Type domain.Bezeroa is not enhanced.

[2021-02-26 01:13:38 #8 type.registry] 
New type domain.Langilea

[2021-02-26 01:13:38 #9 type] 
Type domain.Langilea is not enhanced.

[2021-02-26 01:13:38 #10 type.registry] 
New type domain.Question

[2021-02-26 01:13:38 #11 type] 
Type domain.Question is not enhanced.

[2021-02-26 01:13:38 #12 type.registry] 
New type domain.Event

[2021-02-26 01:13:38 #13 type] 
Type domain.Event is not enhanced.

[2021-02-26 01:13:38 #14 type.registry] 
New type java.util.Vector<domain.Question>

[2021-02-26 01:13:38 #15 type.registry] 
New type java.util.Vector<java.lang.Object>

------------------------------------------------------------------------------------------------------------------------

[2021-02-26 01:15:53 #1 store] 
Database 'C:\Users\Josu\Desktop\Bets21-master\src\main\resources\bets.temp' is opened by 5732@DESKTOP-1B6RACQ

[2021-02-26 01:15:53 #2 type.registry] 
New type domain.Pertsona

[2021-02-26 01:15:53 #3 type.registry] 
New type domain.Admin

[2021-02-26 01:15:53 #4 type] 
Type domain.Pertsona is not enhanced.

[2021-02-26 01:15:53 #5 type] 
Type domain.Admin is not enhanced.

[2021-02-26 01:15:53 #6 type.registry] 
New type domain.Bezeroa

[2021-02-26 01:15:53 #7 type] 
Type domain.Bezeroa is not enhanced.

[2021-02-26 01:15:53 #8 type.registry] 
New type domain.Langilea

[2021-02-26 01:15:53 #9 type] 
Type domain.Langilea is not enhanced.

[2021-02-26 01:15:53 #10 type.registry] 
New type domain.Question

[2021-02-26 01:15:53 #11 type] 
Type domain.Question is not enhanced.

[2021-02-26 01:15:53 #12 type.registry] 
New type domain.Event

[2021-02-26 01:15:53 #13 type] 
Type domain.Event is not enhanced.

[2021-02-26 01:15:53 #14 type.registry] 
New type java.util.Vector<domain.Question>

[2021-02-26 01:15:53 #15 type.registry] 
New type java.util.Vector<java.lang.Object>

------------------------------------------------------------------------------------------------------------------------

[2021-02-26 01:47:57 #1 store] 
Database 'C:\Users\Josu\Desktop\Bets21-master\src\main\resources\bets.temp' is opened by 2692@DESKTOP-1B6RACQ

[2021-02-26 01:47:57 #2 type.registry] 
New type domain.Pertsona

[2021-02-26 01:47:57 #3 type.registry] 
New type domain.Admin

[2021-02-26 01:47:57 #4 type] 
Type domain.Pertsona is not enhanced.

[2021-02-26 01:47:57 #5 type] 
Type domain.Admin is not enhanced.

[2021-02-26 01:47:58 #6 type.registry] 
New type domain.Bezeroa

[2021-02-26 01:47:58 #7 type] 
Type domain.Bezeroa is not enhanced.

[2021-02-26 01:47:58 #8 type.registry] 
New type domain.Langilea

[2021-02-26 01:47:58 #9 type] 
Type domain.Langilea is not enhanced.

[2021-02-26 01:47:58 #10 type.registry] 
New type domain.Question

[2021-02-26 01:47:58 #11 type] 
Type domain.Question is not enhanced.

[2021-02-26 01:47:58 #12 type.registry] 
New type domain.Event

[2021-02-26 01:47:58 #13 type] 
Type domain.Event is not enhanced.

[2021-02-26 01:47:58 #14 type.registry] 
New type java.util.Vector<domain.Question>

[2021-02-26 01:47:58 #15 type.registry] 
New type java.util.Vector<java.lang.Object>

------------------------------------------------------------------------------------------------------------------------

[2021-02-26 08:23:24 #1 store] 
Database 'C:\Users\Josu\Desktop\Bets21-master\src\main\resources\bets.temp' is opened by 10384@DESKTOP-1B6RACQ

[2021-02-26 08:23:25 #2 type.registry] 
New type domain.Pertsona

[2021-02-26 08:23:25 #3 type.registry] 
New type domain.Admin

[2021-02-26 08:23:25 #4 type] 
Type domain.Pertsona is not enhanced.

[2021-02-26 08:23:25 #5 type] 
Type domain.Admin is not enhanced.

[2021-02-26 08:23:25 #6 type.registry] 
New type domain.Bezeroa

[2021-02-26 08:23:25 #7 type] 
Type domain.Bezeroa is not enhanced.

[2021-02-26 08:23:25 #8 type.registry] 
New type domain.Langilea

[2021-02-26 08:23:25 #9 type] 
Type domain.Langilea is not enhanced.

[2021-02-26 08:23:25 #10 type.registry] 
New type domain.Question

[2021-02-26 08:23:25 #11 type] 
Type domain.Question is not enhanced.

[2021-02-26 08:23:25 #12 type.registry] 
New type domain.Event

[2021-02-26 08:23:25 #13 type] 
Type domain.Event is not enhanced.

[2021-02-26 08:23:25 #14 type.registry] 
New type java.util.Vector<domain.Question>

[2021-02-26 08:23:25 #15 type.registry] 
New type java.util.Vector<java.lang.Object>

------------------------------------------------------------------------------------------------------------------------

[2021-02-26 08:26:31 #1 store] 
Database 'C:\Users\Josu\Desktop\Bets21-master\src\main\resources\bets.temp' is opened by 5864@DESKTOP-1B6RACQ

[2021-02-26 08:26:31 #2 type.registry] 
New type domain.Pertsona

[2021-02-26 08:26:31 #3 type.registry] 
New type domain.Admin

[2021-02-26 08:26:31 #4 type] 
Type domain.Pertsona is not enhanced.

[2021-02-26 08:26:31 #5 type] 
Type domain.Admin is not enhanced.

[2021-02-26 08:26:31 #6 type.registry] 
New type domain.Bezeroa

[2021-02-26 08:26:31 #7 type] 
Type domain.Bezeroa is not enhanced.

[2021-02-26 08:26:31 #8 type.registry] 
New type domain.Langilea

[2021-02-26 08:26:31 #9 type] 
Type domain.Langilea is not enhanced.

[2021-02-26 08:26:31 #10 type.registry] 
New type domain.Question

[2021-02-26 08:26:31 #11 type] 
Type domain.Question is not enhanced.

[2021-02-26 08:26:31 #12 type.registry] 
New type domain.Event

[2021-02-26 08:26:31 #13 type] 
Type domain.Event is not enhanced.

[2021-02-26 08:26:31 #14 type.registry] 
New type java.util.Vector<domain.Question>

[2021-02-26 08:26:31 #15 type.registry] 
New type java.util.Vector<java.lang.Object>

------------------------------------------------------------------------------------------------------------------------

[2021-02-26 08:27:52 #1 store] 
Database 'C:\Users\Josu\Desktop\Bets21-master\src\main\resources\bets.temp' is opened by 2056@DESKTOP-1B6RACQ

[2021-02-26 08:27:52 #2 type.registry] 
New type domain.Pertsona

[2021-02-26 08:27:52 #3 type.registry] 
New type domain.Admin

[2021-02-26 08:27:52 #4 type] 
Type domain.Pertsona is not enhanced.

[2021-02-26 08:27:52 #5 type] 
Type domain.Admin is not enhanced.

[2021-02-26 08:27:52 #6 type.registry] 
New type domain.Bezeroa

[2021-02-26 08:27:52 #7 type] 
Type domain.Bezeroa is not enhanced.

[2021-02-26 08:27:52 #8 type.registry] 
New type domain.Langilea

[2021-02-26 08:27:52 #9 type] 
Type domain.Langilea is not enhanced.

[2021-02-26 08:27:52 #10 type.registry] 
New type domain.Question

[2021-02-26 08:27:52 #11 type] 
Type domain.Question is not enhanced.

[2021-02-26 08:27:52 #12 type.registry] 
New type domain.Event

[2021-02-26 08:27:52 #13 type] 
Type domain.Event is not enhanced.

[2021-02-26 08:27:52 #14 type.registry] 
New type java.util.Vector<domain.Question>

[2021-02-26 08:27:52 #15 type.registry] 
New type java.util.Vector<java.lang.Object>

------------------------------------------------------------------------------------------------------------------------

[2021-02-26 08:33:07 #1 store] 
Database 'C:\Users\Josu\Desktop\Bets21-master\src\main\resources\bets.temp' is opened by 9396@DESKTOP-1B6RACQ

[2021-02-26 08:33:07 #2 type.registry] 
New type domain.Pertsona

[2021-02-26 08:33:07 #3 type.registry] 
New type domain.Admin

[2021-02-26 08:33:07 #4 type] 
Type domain.Pertsona is not enhanced.

[2021-02-26 08:33:07 #5 type] 
Type domain.Admin is not enhanced.

[2021-02-26 08:33:07 #6 type.registry] 
New type domain.Bezeroa

[2021-02-26 08:33:07 #7 type] 
Type domain.Bezeroa is not enhanced.

[2021-02-26 08:33:07 #8 type.registry] 
New type domain.Langilea

[2021-02-26 08:33:07 #9 type] 
Type domain.Langilea is not enhanced.

[2021-02-26 08:33:07 #10 type.registry] 
New type domain.Question

[2021-02-26 08:33:07 #11 type] 
Type domain.Question is not enhanced.

[2021-02-26 08:33:07 #12 type.registry] 
New type domain.Event

[2021-02-26 08:33:07 #13 type] 
Type domain.Event is not enhanced.

[2021-02-26 08:33:07 #14 type.registry] 
New type java.util.Vector<domain.Question>

[2021-02-26 08:33:07 #15 type.registry] 
New type java.util.Vector<java.lang.Object>

------------------------------------------------------------------------------------------------------------------------

[2021-02-26 08:33:31 #1 store] 
Database 'C:\Users\Josu\Desktop\Bets21-master\src\main\resources\bets.temp' is opened by 7548@DESKTOP-1B6RACQ

[2021-02-26 08:33:32 #2 type.registry] 
New type domain.Pertsona

[2021-02-26 08:33:32 #3 type.registry] 
New type domain.Admin

[2021-02-26 08:33:32 #4 type] 
Type domain.Pertsona is not enhanced.

[2021-02-26 08:33:32 #5 type] 
Type domain.Admin is not enhanced.

[2021-02-26 08:33:32 #6 type.registry] 
New type domain.Bezeroa

[2021-02-26 08:33:32 #7 type] 
Type domain.Bezeroa is not enhanced.

[2021-02-26 08:33:32 #8 type.registry] 
New type domain.Langilea

[2021-02-26 08:33:32 #9 type] 
Type domain.Langilea is not enhanced.

[2021-02-26 08:33:32 #10 type.registry] 
New type domain.Question

[2021-02-26 08:33:32 #11 type] 
Type domain.Question is not enhanced.

[2021-02-26 08:33:32 #12 type.registry] 
New type domain.Event

[2021-02-26 08:33:32 #13 type] 
Type domain.Event is not enhanced.

[2021-02-26 08:33:32 #14 type.registry] 
New type java.util.Vector<domain.Question>

[2021-02-26 08:33:32 #15 type.registry] 
New type java.util.Vector<java.lang.Object>

------------------------------------------------------------------------------------------------------------------------

[2021-02-26 08:35:57 #1 store] 
Database 'C:\Users\Josu\Desktop\Bets21-master\src\main\resources\bets.temp' is opened by 4480@DESKTOP-1B6RACQ

[2021-02-26 08:35:57 #2 type.registry] 
New type domain.Pertsona

[2021-02-26 08:35:57 #3 type.registry] 
New type domain.Admin

[2021-02-26 08:35:57 #4 type] 
Type domain.Pertsona is not enhanced.

[2021-02-26 08:35:57 #5 type] 
Type domain.Admin is not enhanced.

[2021-02-26 08:35:57 #6 type.registry] 
New type domain.Bezeroa

[2021-02-26 08:35:57 #7 type] 
Type domain.Bezeroa is not enhanced.

[2021-02-26 08:35:57 #8 type.registry] 
New type domain.Langilea

[2021-02-26 08:35:57 #9 type] 
Type domain.Langilea is not enhanced.

[2021-02-26 08:35:57 #10 type.registry] 
New type domain.Question

[2021-02-26 08:35:57 #11 type] 
Type domain.Question is not enhanced.

[2021-02-26 08:35:57 #12 type.registry] 
New type domain.Event

[2021-02-26 08:35:57 #13 type] 
Type domain.Event is not enhanced.

[2021-02-26 08:35:57 #14 type.registry] 
New type java.util.Vector<domain.Question>

[2021-02-26 08:35:57 #15 type.registry] 
New type java.util.Vector<java.lang.Object>

------------------------------------------------------------------------------------------------------------------------

[2021-02-26 08:48:28 #1 store] 
Database 'C:\Users\Josu\Desktop\Bets21-master\src\main\resources\bets.temp' is opened by 10624@DESKTOP-1B6RACQ

[2021-02-26 08:48:28 #2 type.registry] 
New type domain.Pertsona

[2021-02-26 08:48:28 #3 type.registry] 
New type domain.Admin

[2021-02-26 08:48:28 #4 type] 
Type domain.Pertsona is not enhanced.

[2021-02-26 08:48:28 #5 type] 
Type domain.Admin is not enhanced.

[2021-02-26 08:48:28 #6 type.registry] 
New type domain.Bezeroa

[2021-02-26 08:48:28 #7 type] 
Type domain.Bezeroa is not enhanced.

[2021-02-26 08:48:28 #8 type.registry] 
New type domain.Langilea

[2021-02-26 08:48:28 #9 type] 
Type domain.Langilea is not enhanced.

[2021-02-26 08:48:28 #10 type.registry] 
New type domain.Question

[2021-02-26 08:48:28 #11 type] 
Type domain.Question is not enhanced.

[2021-02-26 08:48:28 #12 type.registry] 
New type domain.Event

[2021-02-26 08:48:28 #13 type] 
Type domain.Event is not enhanced.

[2021-02-26 08:48:28 #14 type.registry] 
New type java.util.Vector<domain.Question>

[2021-02-26 08:48:28 #15 type.registry] 
New type java.util.Vector<java.lang.Object>

------------------------------------------------------------------------------------------------------------------------

[2021-02-26 08:56:58 #1 store] 
Database 'C:\Users\Josu\Desktop\Bets21-master\src\main\resources\bets.temp' is opened by 2572@DESKTOP-1B6RACQ

[2021-02-26 08:56:58 #2 type.registry] 
New type domain.Pertsona

[2021-02-26 08:56:58 #3 type.registry] 
New type domain.Admin

[2021-02-26 08:56:58 #4 type] 
Type domain.Pertsona is not enhanced.

[2021-02-26 08:56:58 #5 type] 
Type domain.Admin is not enhanced.

[2021-02-26 08:56:58 #6 type.registry] 
New type domain.Bezeroa

[2021-02-26 08:56:58 #7 type] 
Type domain.Bezeroa is not enhanced.

[2021-02-26 08:56:58 #8 type.registry] 
New type domain.Langilea

[2021-02-26 08:56:58 #9 type] 
Type domain.Langilea is not enhanced.

[2021-02-26 08:56:58 #10 type.registry] 
New type domain.Question

[2021-02-26 08:56:58 #11 type] 
Type domain.Question is not enhanced.

[2021-02-26 08:56:58 #12 type.registry] 
New type domain.Event

[2021-02-26 08:56:58 #13 type] 
Type domain.Event is not enhanced.

[2021-02-26 08:56:58 #14 type.registry] 
New type java.util.Vector<domain.Question>

[2021-02-26 08:56:58 #15 type.registry] 
New type java.util.Vector<java.lang.Object>

------------------------------------------------------------------------------------------------------------------------

[2021-02-26 08:57:21 #1 store] 
Database 'C:\Users\Josu\Desktop\Bets21-master\src\main\resources\bets.temp' is opened by 8540@DESKTOP-1B6RACQ

[2021-02-26 08:57:21 #2 type.registry] 
New type domain.Pertsona

[2021-02-26 08:57:21 #3 type.registry] 
New type domain.Admin

[2021-02-26 08:57:21 #4 type] 
Type domain.Pertsona is not enhanced.

[2021-02-26 08:57:21 #5 type] 
Type domain.Admin is not enhanced.

[2021-02-26 08:57:21 #6 type.registry] 
New type domain.Bezeroa

[2021-02-26 08:57:21 #7 type] 
Type domain.Bezeroa is not enhanced.

[2021-02-26 08:57:21 #8 type.registry] 
New type domain.Langilea

[2021-02-26 08:57:21 #9 type] 
Type domain.Langilea is not enhanced.

[2021-02-26 08:57:21 #10 type.registry] 
New type domain.Question

[2021-02-26 08:57:21 #11 type] 
Type domain.Question is not enhanced.

[2021-02-26 08:57:21 #12 type.registry] 
New type domain.Event

[2021-02-26 08:57:21 #13 type] 
Type domain.Event is not enhanced.

[2021-02-26 08:57:21 #14 type.registry] 
New type java.util.Vector<domain.Question>

[2021-02-26 08:57:21 #15 type.registry] 
New type java.util.Vector<java.lang.Object>

------------------------------------------------------------------------------------------------------------------------

[2021-02-26 08:57:32 #1 store] 
Database 'C:\Users\Josu\Desktop\Bets21-master\src\main\resources\bets.temp' is opened by 4940@DESKTOP-1B6RACQ

[2021-02-26 08:57:33 #2 type.registry] 
New type domain.Pertsona

[2021-02-26 08:57:33 #3 type.registry] 
New type domain.Admin

[2021-02-26 08:57:33 #4 type] 
Type domain.Pertsona is not enhanced.

[2021-02-26 08:57:33 #5 type] 
Type domain.Admin is not enhanced.

[2021-02-26 08:57:33 #6 type.registry] 
New type domain.Bezeroa

[2021-02-26 08:57:33 #7 type] 
Type domain.Bezeroa is not enhanced.

[2021-02-26 08:57:33 #8 type.registry] 
New type domain.Langilea

[2021-02-26 08:57:33 #9 type] 
Type domain.Langilea is not enhanced.

[2021-02-26 08:57:33 #10 type.registry] 
New type domain.Question

[2021-02-26 08:57:33 #11 type] 
Type domain.Question is not enhanced.

[2021-02-26 08:57:33 #12 type.registry] 
New type domain.Event

[2021-02-26 08:57:33 #13 type] 
Type domain.Event is not enhanced.

[2021-02-26 08:57:33 #14 type.registry] 
New type java.util.Vector<domain.Question>

[2021-02-26 08:57:33 #15 type.registry] 
New type java.util.Vector<java.lang.Object>

------------------------------------------------------------------------------------------------------------------------

[2021-02-26 09:01:11 #1 store] 
Database 'C:\Users\Josu\Desktop\Bets21-master\src\main\resources\bets.temp' is opened by 4760@DESKTOP-1B6RACQ

[2021-02-26 09:01:11 #2 type.registry] 
New type domain.Pertsona

[2021-02-26 09:01:11 #3 type.registry] 
New type domain.Admin

[2021-02-26 09:01:11 #4 type] 
Type domain.Pertsona is not enhanced.

[2021-02-26 09:01:11 #5 type] 
Type domain.Admin is not enhanced.

[2021-02-26 09:01:11 #6 type.registry] 
New type domain.Bezeroa

[2021-02-26 09:01:11 #7 type] 
Type domain.Bezeroa is not enhanced.

[2021-02-26 09:01:11 #8 type.registry] 
New type domain.Langilea

[2021-02-26 09:01:11 #9 type] 
Type domain.Langilea is not enhanced.

[2021-02-26 09:01:11 #10 type.registry] 
New type domain.Question

[2021-02-26 09:01:11 #11 type] 
Type domain.Question is not enhanced.

[2021-02-26 09:01:11 #12 type.registry] 
New type domain.Event

[2021-02-26 09:01:11 #13 type] 
Type domain.Event is not enhanced.

[2021-02-26 09:01:11 #14 type.registry] 
New type java.util.Vector<domain.Question>

[2021-02-26 09:01:11 #15 type.registry] 
New type java.util.Vector<java.lang.Object>

------------------------------------------------------------------------------------------------------------------------

[2021-02-26 09:04:37 #1 store] 
Database 'C:\Users\Josu\Desktop\Bets21-master\src\main\resources\bets.temp' is opened by 1052@DESKTOP-1B6RACQ

[2021-02-26 09:04:37 #2 type.registry] 
New type domain.Pertsona

[2021-02-26 09:04:37 #3 type.registry] 
New type domain.Admin

[2021-02-26 09:04:37 #4 type] 
Type domain.Pertsona is not enhanced.

[2021-02-26 09:04:37 #5 type] 
Type domain.Admin is not enhanced.

[2021-02-26 09:04:37 #6 type.registry] 
New type domain.Bezeroa

[2021-02-26 09:04:37 #7 type] 
Type domain.Bezeroa is not enhanced.

[2021-02-26 09:04:37 #8 type.registry] 
New type domain.Langilea

[2021-02-26 09:04:37 #9 type] 
Type domain.Langilea is not enhanced.

[2021-02-26 09:04:37 #10 type.registry] 
New type domain.Question

[2021-02-26 09:04:37 #11 type] 
Type domain.Question is not enhanced.

[2021-02-26 09:04:37 #12 type.registry] 
New type domain.Event

[2021-02-26 09:04:37 #13 type] 
Type domain.Event is not enhanced.

[2021-02-26 09:04:37 #14 type.registry] 
New type java.util.Vector<domain.Question>

[2021-02-26 09:04:37 #15 type.registry] 
New type java.util.Vector<java.lang.Object>

------------------------------------------------------------------------------------------------------------------------

[2021-02-26 09:05:57 #1 store] 
Database 'C:\Users\Josu\Desktop\Bets21-master\src\main\resources\bets.temp' is opened by 7900@DESKTOP-1B6RACQ

[2021-02-26 09:05:57 #2 type.registry] 
New type domain.Pertsona

[2021-02-26 09:05:57 #3 type.registry] 
New type domain.Admin

[2021-02-26 09:05:57 #4 type] 
Type domain.Pertsona is not enhanced.

[2021-02-26 09:05:57 #5 type] 
Type domain.Admin is not enhanced.

[2021-02-26 09:05:57 #6 type.registry] 
New type domain.Bezeroa

[2021-02-26 09:05:57 #7 type] 
Type domain.Bezeroa is not enhanced.

[2021-02-26 09:05:57 #8 type.registry] 
New type domain.Langilea

[2021-02-26 09:05:57 #9 type] 
Type domain.Langilea is not enhanced.

[2021-02-26 09:05:57 #10 type.registry] 
New type domain.Question

[2021-02-26 09:05:57 #11 type] 
Type domain.Question is not enhanced.

[2021-02-26 09:05:57 #12 type.registry] 
New type domain.Event

[2021-02-26 09:05:57 #13 type] 
Type domain.Event is not enhanced.

[2021-02-26 09:05:57 #14 type.registry] 
New type java.util.Vector<domain.Question>

[2021-02-26 09:05:58 #15 type.registry] 
New type java.util.Vector<java.lang.Object>

------------------------------------------------------------------------------------------------------------------------

[2021-02-26 09:06:54 #1 store] 
Database 'C:\Users\Josu\Desktop\Bets21-master\src\main\resources\bets.temp' is opened by 8888@DESKTOP-1B6RACQ

[2021-02-26 09:06:54 #2 type.registry] 
New type domain.Pertsona

[2021-02-26 09:06:54 #3 type.registry] 
New type domain.Admin

[2021-02-26 09:06:54 #4 type] 
Type domain.Pertsona is not enhanced.

[2021-02-26 09:06:54 #5 type] 
Type domain.Admin is not enhanced.

[2021-02-26 09:06:54 #6 type.registry] 
New type domain.Bezeroa

[2021-02-26 09:06:54 #7 type] 
Type domain.Bezeroa is not enhanced.

[2021-02-26 09:06:54 #8 type.registry] 
New type domain.Langilea

[2021-02-26 09:06:54 #9 type] 
Type domain.Langilea is not enhanced.

[2021-02-26 09:06:54 #10 type.registry] 
New type domain.Question

[2021-02-26 09:06:54 #11 type] 
Type domain.Question is not enhanced.

[2021-02-26 09:06:54 #12 type.registry] 
New type domain.Event

[2021-02-26 09:06:54 #13 type] 
Type domain.Event is not enhanced.

[2021-02-26 09:06:54 #14 type.registry] 
New type java.util.Vector<domain.Question>

[2021-02-26 09:06:54 #15 type.registry] 
New type java.util.Vector<java.lang.Object>

------------------------------------------------------------------------------------------------------------------------

[2021-02-26 09:08:55 #1 store] 
Database 'C:\Users\Josu\Desktop\Bets21-master\src\main\resources\bets.temp' is opened by 224@DESKTOP-1B6RACQ

[2021-02-26 09:08:55 #2 type.registry] 
New type domain.Pertsona

[2021-02-26 09:08:55 #3 type.registry] 
New type domain.Admin

[2021-02-26 09:08:55 #4 type] 
Type domain.Pertsona is not enhanced.

[2021-02-26 09:08:55 #5 type] 
Type domain.Admin is not enhanced.

[2021-02-26 09:08:55 #6 type.registry] 
New type domain.Bezeroa

[2021-02-26 09:08:55 #7 type] 
Type domain.Bezeroa is not enhanced.

[2021-02-26 09:08:55 #8 type.registry] 
New type domain.Langilea

[2021-02-26 09:08:55 #9 type] 
Type domain.Langilea is not enhanced.

[2021-02-26 09:08:55 #10 type.registry] 
New type domain.Question

[2021-02-26 09:08:55 #11 type] 
Type domain.Question is not enhanced.

[2021-02-26 09:08:55 #12 type.registry] 
New type domain.Event

[2021-02-26 09:08:55 #13 type] 
Type domain.Event is not enhanced.

[2021-02-26 09:08:55 #14 type.registry] 
New type java.util.Vector<domain.Question>

[2021-02-26 09:08:55 #15 type.registry] 
New type java.util.Vector<java.lang.Object>

------------------------------------------------------------------------------------------------------------------------

[2021-02-26 09:18:39 #1 store] 
Database 'C:\Users\Josu\Desktop\Bets21-master\src\main\resources\bets.temp' is opened by 924@DESKTOP-1B6RACQ

[2021-02-26 09:18:39 #2 type.registry] 
New type domain.Pertsona

[2021-02-26 09:18:39 #3 type.registry] 
New type domain.Admin

[2021-02-26 09:18:39 #4 type] 
Type domain.Pertsona is not enhanced.

[2021-02-26 09:18:39 #5 type] 
Type domain.Admin is not enhanced.

[2021-02-26 09:18:39 #6 type.registry] 
New type domain.Bezeroa

[2021-02-26 09:18:39 #7 type] 
Type domain.Bezeroa is not enhanced.

[2021-02-26 09:18:39 #8 type.registry] 
New type domain.Langilea

[2021-02-26 09:18:39 #9 type] 
Type domain.Langilea is not enhanced.

[2021-02-26 09:18:39 #10 type.registry] 
New type domain.Question

[2021-02-26 09:18:39 #11 type] 
Type domain.Question is not enhanced.

[2021-02-26 09:18:39 #12 type.registry] 
New type domain.Event

[2021-02-26 09:18:39 #13 type] 
Type domain.Event is not enhanced.

[2021-02-26 09:18:39 #14 type.registry] 
New type java.util.Vector<domain.Question>

[2021-02-26 09:18:39 #15 type.registry] 
New type java.util.Vector<java.lang.Object>

------------------------------------------------------------------------------------------------------------------------

[2021-02-26 10:26:05 #1 store] 
Database 'C:\Users\Josu\Desktop\Bets21-master\src\main\resources\bets.temp' is opened by 5712@DESKTOP-1B6RACQ

[2021-02-26 10:26:05 #2 type.registry] 
New type domain.Pertsona

[2021-02-26 10:26:05 #3 type.registry] 
New type domain.Bezeroa

[2021-02-26 10:26:05 #4 type] 
Type domain.Pertsona is not enhanced.

[2021-02-26 10:26:05 #5 type] 
Type domain.Bezeroa is not enhanced.

[2021-02-26 10:26:05 #6 type.registry] 
New type domain.Langilea

[2021-02-26 10:26:05 #7 type] 
Type domain.Langilea is not enhanced.

[2021-02-26 10:26:05 #8 type.registry] 
New type domain.Question

[2021-02-26 10:26:05 #9 type] 
Type domain.Question is not enhanced.

[2021-02-26 10:26:05 #10 type.registry] 
New type domain.Event

[2021-02-26 10:26:05 #11 type] 
Type domain.Event is not enhanced.

[2021-02-26 10:26:05 #12 type.registry] 
New type java.util.Vector<domain.Question>

[2021-02-26 10:26:05 #13 type.registry] 
New type java.util.Vector<java.lang.Object>

------------------------------------------------------------------------------------------------------------------------

[2021-02-26 10:33:57 #1 store] 
Database 'C:\Users\Josu\Desktop\Bets21-master\src\main\resources\bets.temp' is opened by 11160@DESKTOP-1B6RACQ

[2021-02-26 10:33:57 #2 type.registry] 
New type domain.Pertsona

[2021-02-26 10:33:57 #3 type.registry] 
New type domain.Admin

[2021-02-26 10:33:57 #4 type] 
Type domain.Pertsona is not enhanced.

[2021-02-26 10:33:57 #5 type] 
Type domain.Admin is not enhanced.

[2021-02-26 10:33:57 #6 type.registry] 
New type domain.Bezeroa

[2021-02-26 10:33:57 #7 type] 
Type domain.Bezeroa is not enhanced.

[2021-02-26 10:33:57 #8 type.registry] 
New type domain.Langilea

[2021-02-26 10:33:57 #9 type] 
Type domain.Langilea is not enhanced.

[2021-02-26 10:33:57 #10 type.registry] 
New type domain.Question

[2021-02-26 10:33:57 #11 type] 
Type domain.Question is not enhanced.

[2021-02-26 10:33:57 #12 type.registry] 
New type domain.Event

[2021-02-26 10:33:57 #13 type] 
Type domain.Event is not enhanced.

[2021-02-26 10:33:57 #14 type.registry] 
New type java.util.Vector<domain.Question>

[2021-02-26 10:33:57 #15 type.registry] 
New type java.util.Vector<java.lang.Object>

------------------------------------------------------------------------------------------------------------------------

[2021-02-26 10:35:15 #1 store] 
Database 'C:\Users\Josu\Desktop\Bets21-master\src\main\resources\bets.temp' is opened by 11200@DESKTOP-1B6RACQ

[2021-02-26 10:35:16 #2 type.registry] 
New type domain.Pertsona

[2021-02-26 10:35:16 #3 type.registry] 
New type domain.Admin

[2021-02-26 10:35:16 #4 type] 
Type domain.Pertsona is not enhanced.

[2021-02-26 10:35:16 #5 type] 
Type domain.Admin is not enhanced.

[2021-02-26 10:35:16 #6 type.registry] 
New type domain.Bezeroa

[2021-02-26 10:35:16 #7 type] 
Type domain.Bezeroa is not enhanced.

[2021-02-26 10:35:16 #8 type.registry] 
New type domain.Langilea

[2021-02-26 10:35:16 #9 type] 
Type domain.Langilea is not enhanced.

[2021-02-26 10:35:16 #10 type.registry] 
New type domain.Question

[2021-02-26 10:35:16 #11 type] 
Type domain.Question is not enhanced.

[2021-02-26 10:35:16 #12 type.registry] 
New type domain.Event

[2021-02-26 10:35:16 #13 type] 
Type domain.Event is not enhanced.

[2021-02-26 10:35:16 #14 type.registry] 
New type java.util.Vector<domain.Question>

[2021-02-26 10:35:16 #15 type.registry] 
New type java.util.Vector<java.lang.Object>

------------------------------------------------------------------------------------------------------------------------

[2021-02-26 10:37:55 #1 store] 
Database 'C:\Users\Josu\Desktop\Bets21-master\src\main\resources\bets.temp' is opened by 6928@DESKTOP-1B6RACQ

[2021-02-26 10:37:56 #2 type.registry] 
New type domain.Pertsona

[2021-02-26 10:37:56 #3 type.registry] 
New type domain.Admin

[2021-02-26 10:37:56 #4 type] 
Type domain.Pertsona is not enhanced.

[2021-02-26 10:37:56 #5 type] 
Type domain.Admin is not enhanced.

[2021-02-26 10:37:56 #6 type.registry] 
New type domain.Bezeroa

[2021-02-26 10:37:56 #7 type] 
Type domain.Bezeroa is not enhanced.

[2021-02-26 10:37:56 #8 type.registry] 
New type domain.Langilea

[2021-02-26 10:37:56 #9 type] 
Type domain.Langilea is not enhanced.

[2021-02-26 10:37:56 #10 type.registry] 
New type domain.Question

[2021-02-26 10:37:56 #11 type] 
Type domain.Question is not enhanced.

[2021-02-26 10:37:56 #12 type.registry] 
New type domain.Event

[2021-02-26 10:37:56 #13 type] 
Type domain.Event is not enhanced.

[2021-02-26 10:37:56 #14 type.registry] 
New type java.util.Vector<domain.Question>

[2021-02-26 10:37:56 #15 type.registry] 
New type java.util.Vector<java.lang.Object>

------------------------------------------------------------------------------------------------------------------------

[2021-02-26 10:39:13 #1 store] 
Database 'C:\Users\Josu\Desktop\Bets21-master\src\main\resources\bets.temp' is opened by 9288@DESKTOP-1B6RACQ

[2021-02-26 10:39:14 #2 type.registry] 
New type domain.Pertsona

[2021-02-26 10:39:14 #3 type.registry] 
New type domain.Admin

[2021-02-26 10:39:14 #4 type] 
Type domain.Pertsona is not enhanced.

[2021-02-26 10:39:14 #5 type] 
Type domain.Admin is not enhanced.

[2021-02-26 10:39:14 #6 type.registry] 
New type domain.Bezeroa

[2021-02-26 10:39:14 #7 type] 
Type domain.Bezeroa is not enhanced.

[2021-02-26 10:39:14 #8 type.registry] 
New type domain.Langilea

[2021-02-26 10:39:14 #9 type] 
Type domain.Langilea is not enhanced.

[2021-02-26 10:39:14 #10 type.registry] 
New type domain.Question

[2021-02-26 10:39:14 #11 type] 
Type domain.Question is not enhanced.

[2021-02-26 10:39:14 #12 type.registry] 
New type domain.Event

[2021-02-26 10:39:14 #13 type] 
Type domain.Event is not enhanced.

[2021-02-26 10:39:14 #14 type.registry] 
New type java.util.Vector<domain.Question>

[2021-02-26 10:39:14 #15 type.registry] 
New type java.util.Vector<java.lang.Object>

------------------------------------------------------------------------------------------------------------------------

[2021-02-26 10:40:45 #1 store] 
Database 'C:\Users\Josu\Desktop\Bets21-master\src\main\resources\bets.temp' is opened by 7068@DESKTOP-1B6RACQ

[2021-02-26 10:40:45 #2 type.registry] 
New type domain.Pertsona

[2021-02-26 10:40:45 #3 type.registry] 
New type domain.Admin

[2021-02-26 10:40:45 #4 type] 
Type domain.Pertsona is not enhanced.

[2021-02-26 10:40:45 #5 type] 
Type domain.Admin is not enhanced.

[2021-02-26 10:40:45 #6 type.registry] 
New type domain.Bezeroa

[2021-02-26 10:40:45 #7 type] 
Type domain.Bezeroa is not enhanced.

[2021-02-26 10:40:45 #8 type.registry] 
New type domain.Langilea

[2021-02-26 10:40:45 #9 type] 
Type domain.Langilea is not enhanced.

[2021-02-26 10:40:45 #10 type.registry] 
New type domain.Question

[2021-02-26 10:40:45 #11 type] 
Type domain.Question is not enhanced.

[2021-02-26 10:40:45 #12 type.registry] 
New type domain.Event

[2021-02-26 10:40:45 #13 type] 
Type domain.Event is not enhanced.

[2021-02-26 10:40:45 #14 type.registry] 
New type java.util.Vector<domain.Question>

[2021-02-26 10:40:45 #15 type.registry] 
New type java.util.Vector<java.lang.Object>

------------------------------------------------------------------------------------------------------------------------

[2021-02-26 10:43:19 #1 store] 
Database 'C:\Users\Josu\Desktop\Bets21-master\src\main\resources\bets.temp' is opened by 4980@DESKTOP-1B6RACQ

[2021-02-26 10:43:20 #2 type.registry] 
New type domain.Pertsona

[2021-02-26 10:43:20 #3 type.registry] 
New type domain.Admin

[2021-02-26 10:43:20 #4 type] 
Type domain.Pertsona is not enhanced.

[2021-02-26 10:43:20 #5 type] 
Type domain.Admin is not enhanced.

[2021-02-26 10:43:20 #6 type.registry] 
New type domain.Bezeroa

[2021-02-26 10:43:20 #7 type] 
Type domain.Bezeroa is not enhanced.

[2021-02-26 10:43:20 #8 type.registry] 
New type domain.Langilea

[2021-02-26 10:43:20 #9 type] 
Type domain.Langilea is not enhanced.

[2021-02-26 10:43:20 #10 type.registry] 
New type domain.Question

[2021-02-26 10:43:20 #11 type] 
Type domain.Question is not enhanced.

[2021-02-26 10:43:20 #12 type.registry] 
New type domain.Event

[2021-02-26 10:43:20 #13 type] 
Type domain.Event is not enhanced.

[2021-02-26 10:43:20 #14 type.registry] 
New type java.util.Vector<domain.Question>

[2021-02-26 10:43:20 #15 type.registry] 
New type java.util.Vector<java.lang.Object>

------------------------------------------------------------------------------------------------------------------------

[2021-02-26 10:44:11 #1 store] 
Database 'C:\Users\Josu\Desktop\Bets21-master\src\main\resources\bets.temp' is opened by 6088@DESKTOP-1B6RACQ

[2021-02-26 10:44:11 #2 type.registry] 
New type domain.Pertsona

[2021-02-26 10:44:11 #3 type.registry] 
New type domain.Admin

[2021-02-26 10:44:11 #4 type] 
Type domain.Pertsona is not enhanced.

[2021-02-26 10:44:11 #5 type] 
Type domain.Admin is not enhanced.

[2021-02-26 10:44:11 #6 type.registry] 
New type domain.Bezeroa

[2021-02-26 10:44:11 #7 type] 
Type domain.Bezeroa is not enhanced.

[2021-02-26 10:44:11 #8 type.registry] 
New type domain.Langilea

[2021-02-26 10:44:11 #9 type] 
Type domain.Langilea is not enhanced.

[2021-02-26 10:44:11 #10 type.registry] 
New type domain.Question

[2021-02-26 10:44:11 #11 type] 
Type domain.Question is not enhanced.

[2021-02-26 10:44:12 #12 type.registry] 
New type domain.Event

[2021-02-26 10:44:12 #13 type] 
Type domain.Event is not enhanced.

[2021-02-26 10:44:12 #14 type.registry] 
New type java.util.Vector<domain.Question>

[2021-02-26 10:44:12 #15 type.registry] 
New type java.util.Vector<java.lang.Object>

------------------------------------------------------------------------------------------------------------------------

[2021-02-26 10:46:31 #1 store] 
Database 'C:\Users\Josu\Desktop\Bets21-master\src\main\resources\bets.temp' is opened by 11284@DESKTOP-1B6RACQ

[2021-02-26 10:46:31 #2 type.registry] 
New type domain.Pertsona

[2021-02-26 10:46:31 #3 type.registry] 
New type domain.Admin

[2021-02-26 10:46:31 #4 type] 
Type domain.Pertsona is not enhanced.

[2021-02-26 10:46:31 #5 type] 
Type domain.Admin is not enhanced.

[2021-02-26 10:46:31 #6 type.registry] 
New type domain.Bezeroa

[2021-02-26 10:46:31 #7 type] 
Type domain.Bezeroa is not enhanced.

[2021-02-26 10:46:31 #8 type.registry] 
New type domain.Langilea

[2021-02-26 10:46:31 #9 type] 
Type domain.Langilea is not enhanced.

[2021-02-26 10:46:31 #10 type.registry] 
New type domain.Question

[2021-02-26 10:46:31 #11 type] 
Type domain.Question is not enhanced.

[2021-02-26 10:46:31 #12 type.registry] 
New type domain.Event

[2021-02-26 10:46:31 #13 type] 
Type domain.Event is not enhanced.

[2021-02-26 10:46:31 #14 type.registry] 
New type java.util.Vector<domain.Question>

[2021-02-26 10:46:31 #15 type.registry] 
New type java.util.Vector<java.lang.Object>

------------------------------------------------------------------------------------------------------------------------

[2021-02-26 10:47:26 #1 store] 
Database 'C:\Users\Josu\Desktop\Bets21-master\src\main\resources\bets.temp' is opened by 7108@DESKTOP-1B6RACQ

[2021-02-26 10:47:26 #2 type.registry] 
New type domain.Pertsona

[2021-02-26 10:47:26 #3 type.registry] 
New type domain.Admin

[2021-02-26 10:47:26 #4 type] 
Type domain.Pertsona is not enhanced.

[2021-02-26 10:47:26 #5 type] 
Type domain.Admin is not enhanced.

[2021-02-26 10:47:26 #6 type.registry] 
New type domain.Bezeroa

[2021-02-26 10:47:26 #7 type] 
Type domain.Bezeroa is not enhanced.

[2021-02-26 10:47:26 #8 type.registry] 
New type domain.Langilea

[2021-02-26 10:47:26 #9 type] 
Type domain.Langilea is not enhanced.

[2021-02-26 10:47:26 #10 type.registry] 
New type domain.Question

[2021-02-26 10:47:26 #11 type] 
Type domain.Question is not enhanced.

[2021-02-26 10:47:26 #12 type.registry] 
New type domain.Event

[2021-02-26 10:47:26 #13 type] 
Type domain.Event is not enhanced.

[2021-02-26 10:47:26 #14 type.registry] 
New type java.util.Vector<domain.Question>

[2021-02-26 10:47:26 #15 type.registry] 
New type java.util.Vector<java.lang.Object>

------------------------------------------------------------------------------------------------------------------------

[2021-02-26 10:50:54 #1 store] 
Database 'C:\Users\Josu\Desktop\Bets21-master\src\main\resources\bets.temp' is opened by 11892@DESKTOP-1B6RACQ

[2021-02-26 10:50:54 #2 type.registry] 
New type domain.Pertsona

[2021-02-26 10:50:54 #3 type.registry] 
New type domain.Admin

[2021-02-26 10:50:54 #4 type] 
Type domain.Pertsona is not enhanced.

[2021-02-26 10:50:54 #5 type] 
Type domain.Admin is not enhanced.

[2021-02-26 10:50:54 #6 type.registry] 
New type domain.Bezeroa

[2021-02-26 10:50:54 #7 type] 
Type domain.Bezeroa is not enhanced.

[2021-02-26 10:50:54 #8 type.registry] 
New type domain.Langilea

[2021-02-26 10:50:54 #9 type] 
Type domain.Langilea is not enhanced.

[2021-02-26 10:50:54 #10 type.registry] 
New type domain.Question

[2021-02-26 10:50:54 #11 type] 
Type domain.Question is not enhanced.

[2021-02-26 10:50:54 #12 type.registry] 
New type domain.Event

[2021-02-26 10:50:54 #13 type] 
Type domain.Event is not enhanced.

[2021-02-26 10:50:54 #14 type.registry] 
New type java.util.Vector<domain.Question>

[2021-02-26 10:50:54 #15 type.registry] 
New type java.util.Vector<java.lang.Object>

------------------------------------------------------------------------------------------------------------------------

[2021-02-26 10:53:47 #1 store] 
Database 'C:\Users\Josu\Desktop\Bets21-master\src\main\resources\bets.temp' is opened by 12268@DESKTOP-1B6RACQ

[2021-02-26 10:53:47 #2 type.registry] 
New type domain.Pertsona

[2021-02-26 10:53:47 #3 type.registry] 
New type domain.Admin

[2021-02-26 10:53:47 #4 type] 
Type domain.Pertsona is not enhanced.

[2021-02-26 10:53:47 #5 type] 
Type domain.Admin is not enhanced.

[2021-02-26 10:53:48 #6 type.registry] 
New type domain.Bezeroa

[2021-02-26 10:53:48 #7 type] 
Type domain.Bezeroa is not enhanced.

[2021-02-26 10:53:48 #8 type.registry] 
New type domain.Langilea

[2021-02-26 10:53:48 #9 type] 
Type domain.Langilea is not enhanced.

[2021-02-26 10:53:48 #10 type.registry] 
New type domain.Question

[2021-02-26 10:53:48 #11 type] 
Type domain.Question is not enhanced.

[2021-02-26 10:53:48 #12 type.registry] 
New type domain.Event

[2021-02-26 10:53:48 #13 type] 
Type domain.Event is not enhanced.

[2021-02-26 10:53:48 #14 type.registry] 
New type java.util.Vector<domain.Question>

[2021-02-26 10:53:48 #15 type.registry] 
New type java.util.Vector<java.lang.Object>

------------------------------------------------------------------------------------------------------------------------

[2021-02-26 10:54:02 #1 store] 
Database 'C:\Users\Josu\Desktop\Bets21-master\src\main\resources\bets.temp' is opened by 10864@DESKTOP-1B6RACQ

[2021-02-26 10:54:02 #2 type.registry] 
New type domain.Pertsona

[2021-02-26 10:54:02 #3 type.registry] 
New type domain.Admin

[2021-02-26 10:54:02 #4 type] 
Type domain.Pertsona is not enhanced.

[2021-02-26 10:54:02 #5 type] 
Type domain.Admin is not enhanced.

[2021-02-26 10:54:02 #6 type.registry] 
New type domain.Bezeroa

[2021-02-26 10:54:02 #7 type] 
Type domain.Bezeroa is not enhanced.

[2021-02-26 10:54:02 #8 type.registry] 
New type domain.Langilea

[2021-02-26 10:54:02 #9 type] 
Type domain.Langilea is not enhanced.

[2021-02-26 10:54:03 #10 type.registry] 
New type domain.Question

[2021-02-26 10:54:03 #11 type] 
Type domain.Question is not enhanced.

[2021-02-26 10:54:03 #12 type.registry] 
New type domain.Event

[2021-02-26 10:54:03 #13 type] 
Type domain.Event is not enhanced.

[2021-02-26 10:54:03 #14 type.registry] 
New type java.util.Vector<domain.Question>

[2021-02-26 10:54:03 #15 type.registry] 
New type java.util.Vector<java.lang.Object>

------------------------------------------------------------------------------------------------------------------------

[2021-02-26 10:57:18 #1 store] 
Database 'C:\Users\Josu\Desktop\Bets21-master\src\main\resources\bets.temp' is opened by 1732@DESKTOP-1B6RACQ

[2021-02-26 10:57:18 #2 type.registry] 
New type domain.Pertsona

[2021-02-26 10:57:18 #3 type.registry] 
New type domain.Admin

[2021-02-26 10:57:18 #4 type] 
Type domain.Pertsona is not enhanced.

[2021-02-26 10:57:18 #5 type] 
Type domain.Admin is not enhanced.

[2021-02-26 10:57:18 #6 type.registry] 
New type domain.Bezeroa

[2021-02-26 10:57:18 #7 type] 
Type domain.Bezeroa is not enhanced.

[2021-02-26 10:57:18 #8 type.registry] 
New type domain.Langilea

[2021-02-26 10:57:18 #9 type] 
Type domain.Langilea is not enhanced.

[2021-02-26 10:57:18 #10 type.registry] 
New type domain.Question

[2021-02-26 10:57:18 #11 type] 
Type domain.Question is not enhanced.

[2021-02-26 10:57:18 #12 type.registry] 
New type domain.Event

[2021-02-26 10:57:18 #13 type] 
Type domain.Event is not enhanced.

[2021-02-26 10:57:18 #14 type.registry] 
New type java.util.Vector<domain.Question>

[2021-02-26 10:57:18 #15 type.registry] 
New type java.util.Vector<java.lang.Object>

------------------------------------------------------------------------------------------------------------------------

[2021-02-26 10:59:34 #1 store] 
Database 'C:\Users\Josu\Desktop\Bets21-master\src\main\resources\bets.temp' is opened by 5580@DESKTOP-1B6RACQ

[2021-02-26 10:59:34 #2 type.registry] 
New type domain.Pertsona

[2021-02-26 10:59:34 #3 type.registry] 
New type domain.Admin

[2021-02-26 10:59:34 #4 type] 
Type domain.Pertsona is not enhanced.

[2021-02-26 10:59:34 #5 type] 
Type domain.Admin is not enhanced.

[2021-02-26 10:59:34 #6 type.registry] 
New type domain.Bezeroa

[2021-02-26 10:59:34 #7 type] 
Type domain.Bezeroa is not enhanced.

[2021-02-26 10:59:34 #8 type.registry] 
New type domain.Langilea

[2021-02-26 10:59:34 #9 type] 
Type domain.Langilea is not enhanced.

[2021-02-26 10:59:34 #10 type.registry] 
New type domain.Question

[2021-02-26 10:59:34 #11 type] 
Type domain.Question is not enhanced.

[2021-02-26 10:59:34 #12 type.registry] 
New type domain.Event

[2021-02-26 10:59:34 #13 type] 
Type domain.Event is not enhanced.

[2021-02-26 10:59:34 #14 type.registry] 
New type java.util.Vector<domain.Question>

[2021-02-26 10:59:34 #15 type.registry] 
New type java.util.Vector<java.lang.Object>

------------------------------------------------------------------------------------------------------------------------

[2021-02-26 11:01:49 #1 store] 
Database 'C:\Users\Josu\Desktop\Bets21-master\src\main\resources\bets.temp' is opened by 9652@DESKTOP-1B6RACQ

[2021-02-26 11:01:49 #2 type.registry] 
New type domain.Pertsona

[2021-02-26 11:01:49 #3 type.registry] 
New type domain.Admin

[2021-02-26 11:01:49 #4 type] 
Type domain.Pertsona is not enhanced.

[2021-02-26 11:01:49 #5 type] 
Type domain.Admin is not enhanced.

[2021-02-26 11:01:49 #6 type.registry] 
New type domain.Bezeroa

[2021-02-26 11:01:49 #7 type] 
Type domain.Bezeroa is not enhanced.

[2021-02-26 11:01:49 #8 type.registry] 
New type domain.Langilea

[2021-02-26 11:01:49 #9 type] 
Type domain.Langilea is not enhanced.

[2021-02-26 11:01:49 #10 type.registry] 
New type domain.Question

[2021-02-26 11:01:49 #11 type] 
Type domain.Question is not enhanced.

[2021-02-26 11:01:49 #12 type.registry] 
New type domain.Event

[2021-02-26 11:01:49 #13 type] 
Type domain.Event is not enhanced.

[2021-02-26 11:01:49 #14 type.registry] 
New type java.util.Vector<domain.Question>

[2021-02-26 11:01:49 #15 type.registry] 
New type java.util.Vector<java.lang.Object>

------------------------------------------------------------------------------------------------------------------------

[2021-02-26 11:11:04 #1 store] 
Database 'C:\Users\Josu\Desktop\Bets21-master\src\main\resources\bets.temp' is opened by 8876@DESKTOP-1B6RACQ

[2021-02-26 11:11:04 #2 type.registry] 
New type domain.Pertsona

[2021-02-26 11:11:04 #3 type.registry] 
New type domain.Admin

[2021-02-26 11:11:04 #4 type] 
Type domain.Pertsona is not enhanced.

[2021-02-26 11:11:04 #5 type] 
Type domain.Admin is not enhanced.

[2021-02-26 11:11:04 #6 type.registry] 
New type domain.Bezeroa

[2021-02-26 11:11:04 #7 type] 
Type domain.Bezeroa is not enhanced.

[2021-02-26 11:11:04 #8 type.registry] 
New type domain.Langilea

[2021-02-26 11:11:04 #9 type] 
Type domain.Langilea is not enhanced.

[2021-02-26 11:11:04 #10 type.registry] 
New type domain.Question

[2021-02-26 11:11:04 #11 type] 
Type domain.Question is not enhanced.

[2021-02-26 11:11:04 #12 type.registry] 
New type domain.Event

[2021-02-26 11:11:04 #13 type] 
Type domain.Event is not enhanced.

[2021-02-26 11:11:04 #14 type.registry] 
New type java.util.Vector<domain.Question>

[2021-02-26 11:11:04 #15 type.registry] 
New type java.util.Vector<java.lang.Object>

------------------------------------------------------------------------------------------------------------------------

[2021-02-26 13:39:22 #1 store] 
Database 'C:\Users\Josu\Desktop\Bets21-master\src\main\resources\bets.temp' is opened by 11968@DESKTOP-1B6RACQ

[2021-02-26 13:39:23 #2 type.registry] 
New type domain.Pertsona

[2021-02-26 13:39:23 #3 type.registry] 
New type domain.Admin

[2021-02-26 13:39:23 #4 type] 
Type domain.Pertsona is not enhanced.

[2021-02-26 13:39:23 #5 type] 
Type domain.Admin is not enhanced.

[2021-02-26 13:39:23 #6 type.registry] 
New type domain.Bezeroa

[2021-02-26 13:39:23 #7 type] 
Type domain.Bezeroa is not enhanced.

[2021-02-26 13:39:23 #8 type.registry] 
New type domain.Langilea

[2021-02-26 13:39:23 #9 type] 
Type domain.Langilea is not enhanced.

[2021-02-26 13:39:23 #10 type.registry] 
New type domain.Question

[2021-02-26 13:39:23 #11 type] 
Type domain.Question is not enhanced.

[2021-02-26 13:39:23 #12 type.registry] 
New type domain.Event

[2021-02-26 13:39:23 #13 type] 
Type domain.Event is not enhanced.

[2021-02-26 13:39:23 #14 type.registry] 
New type java.util.Vector<domain.Question>

[2021-02-26 13:39:23 #15 type.registry] 
New type java.util.Vector<java.lang.Object>

------------------------------------------------------------------------------------------------------------------------

[2021-02-26 13:42:38 #1 store] 
Database 'C:\Users\Josu\Desktop\Bets21-master\src\main\resources\bets.temp' is opened by 10800@DESKTOP-1B6RACQ

[2021-02-26 13:42:38 #2 type.registry] 
New type domain.Pertsona

[2021-02-26 13:42:38 #3 type.registry] 
New type domain.Admin

[2021-02-26 13:42:38 #4 type] 
Type domain.Pertsona is not enhanced.

[2021-02-26 13:42:38 #5 type] 
Type domain.Admin is not enhanced.

[2021-02-26 13:42:38 #6 type.registry] 
New type domain.Bezeroa

[2021-02-26 13:42:38 #7 type] 
Type domain.Bezeroa is not enhanced.

[2021-02-26 13:42:38 #8 type.registry] 
New type domain.Langilea

[2021-02-26 13:42:38 #9 type] 
Type domain.Langilea is not enhanced.

[2021-02-26 13:42:38 #10 type.registry] 
New type domain.Question

[2021-02-26 13:42:38 #11 type] 
Type domain.Question is not enhanced.

[2021-02-26 13:42:38 #12 type.registry] 
New type domain.Event

[2021-02-26 13:42:38 #13 type] 
Type domain.Event is not enhanced.

[2021-02-26 13:42:38 #14 type.registry] 
New type java.util.Vector<domain.Question>

[2021-02-26 13:42:38 #15 type.registry] 
New type java.util.Vector<java.lang.Object>

------------------------------------------------------------------------------------------------------------------------

[2021-02-26 13:46:39 #1 store] 
Database 'C:\Users\Josu\Desktop\Bets21-master\src\main\resources\bets.temp' has been recovered (tr. 1-8)

[2021-02-26 13:46:39 #2 store] 
Database 'C:\Users\Josu\Desktop\Bets21-master\src\main\resources\bets.temp' is opened by 7352@DESKTOP-1B6RACQ

[2021-02-26 13:46:39 #3 type] 
Type domain.Pertsona is not enhanced.

[2021-02-26 13:46:39 #4 type] 
Type domain.Admin is not enhanced.

[2021-02-26 13:46:39 #5 type] 
Type domain.Bezeroa is not enhanced.

[2021-02-26 13:46:39 #6 type] 
Type domain.Langilea is not enhanced.

[2021-02-26 13:46:39 #7 type] 
Type domain.Question is not enhanced.

[2021-02-26 13:46:39 #8 type] 
Type domain.Event is not enhanced.

------------------------------------------------------------------------------------------------------------------------

[2021-02-26 13:48:38 #1 store] 
Database 'C:\Users\Josu\Desktop\Bets21-master\src\main\resources\bets.temp' has been recovered (tr. 9-9)

[2021-02-26 13:48:38 #2 store] 
Database 'C:\Users\Josu\Desktop\Bets21-master\src\main\resources\bets.temp' is opened by 11420@DESKTOP-1B6RACQ

[2021-02-26 13:48:38 #3 type] 
Type domain.Pertsona is not enhanced.

[2021-02-26 13:48:38 #4 type] 
Type domain.Admin is not enhanced.

[2021-02-26 13:48:38 #5 type] 
Type domain.Bezeroa is not enhanced.

[2021-02-26 13:48:38 #6 type] 
Type domain.Langilea is not enhanced.

[2021-02-26 13:48:38 #7 type] 
Type domain.Question is not enhanced.

[2021-02-26 13:48:38 #8 type] 
Type domain.Event is not enhanced.

------------------------------------------------------------------------------------------------------------------------

[2021-02-26 13:50:59 #1 store] 
Database 'C:\Users\Josu\Desktop\Bets21-master\src\main\resources\bets.temp' is opened by 5596@DESKTOP-1B6RACQ

[2021-02-26 13:50:59 #2 type] 
Type domain.Pertsona is not enhanced.

[2021-02-26 13:50:59 #3 type] 
Type domain.Admin is not enhanced.

[2021-02-26 13:50:59 #4 type] 
Type domain.Bezeroa is not enhanced.

[2021-02-26 13:50:59 #5 type] 
Type domain.Langilea is not enhanced.

[2021-02-26 13:50:59 #6 type] 
Type domain.Question is not enhanced.

[2021-02-26 13:50:59 #7 type] 
Type domain.Event is not enhanced.

------------------------------------------------------------------------------------------------------------------------

[2021-02-26 14:46:05 #1 store] 
Database 'C:\Users\Josu\Desktop\Bets21-master\src\main\resources\bets.temp' is opened by 7120@DESKTOP-1B6RACQ

[2021-02-26 14:46:05 #2 type] 
Type domain.Pertsona is not enhanced.

[2021-02-26 14:46:05 #3 type] 
Type domain.Admin is not enhanced.

[2021-02-26 14:46:05 #4 type] 
Type domain.Bezeroa is not enhanced.

[2021-02-26 14:46:05 #5 type] 
Type domain.Langilea is not enhanced.

[2021-02-26 14:46:05 #6 type] 
Type domain.Question is not enhanced.

[2021-02-26 14:46:05 #7 type] 
Type domain.Event is not enhanced.

------------------------------------------------------------------------------------------------------------------------

[2021-02-26 16:43:30 #1 store] 
Database 'C:\Users\Josu\Desktop\Bets21-master\src\main\resources\bets.temp' is opened by 7124@DESKTOP-1B6RACQ

[2021-02-26 16:43:30 #2 type] 
Type domain.Pertsona is not enhanced.

[2021-02-26 16:43:30 #3 type] 
Type domain.Admin is not enhanced.

[2021-02-26 16:43:30 #4 type] 
Type domain.Bezeroa is not enhanced.

[2021-02-26 16:43:30 #5 type] 
Type domain.Langilea is not enhanced.

[2021-02-26 16:43:30 #6 type] 
Type domain.Question is not enhanced.

[2021-02-26 16:43:30 #7 type] 
Type domain.Event is not enhanced.

------------------------------------------------------------------------------------------------------------------------

[2021-02-26 16:47:25 #1 store] 
Database 'C:\Users\Josu\Desktop\Bets21-master\src\main\resources\bets.temp' is opened by 6112@DESKTOP-1B6RACQ

[2021-02-26 16:47:25 #2 type] 
Type domain.Pertsona is not enhanced.

[2021-02-26 16:47:25 #3 type] 
Type domain.Admin is not enhanced.

[2021-02-26 16:47:25 #4 type] 
Type domain.Bezeroa is not enhanced.

[2021-02-26 16:47:25 #5 type] 
Type domain.Langilea is not enhanced.

[2021-02-26 16:47:25 #6 type] 
Type domain.Question is not enhanced.

[2021-02-26 16:47:25 #7 type] 
Type domain.Event is not enhanced.

------------------------------------------------------------------------------------------------------------------------

[2021-02-26 17:11:13 #1 store] 
Database 'C:\Users\Josu\Desktop\Bets21-master\src\main\resources\bets.temp' is opened by 8188@DESKTOP-1B6RACQ

[2021-02-26 17:11:13 #2 type] 
Type domain.Pertsona is not enhanced.

[2021-02-26 17:11:13 #3 type] 
Type domain.Admin is not enhanced.

[2021-02-26 17:11:13 #4 type] 
Type domain.Bezeroa is not enhanced.

[2021-02-26 17:11:13 #5 type] 
Type domain.Langilea is not enhanced.

[2021-02-26 17:11:13 #6 type] 
Type domain.Question is not enhanced.

[2021-02-26 17:11:13 #7 type] 
Type domain.Event is not enhanced.

------------------------------------------------------------------------------------------------------------------------

[2021-02-26 17:19:25 #1 store] 
Database 'C:\Users\Josu\Desktop\Bets21-master\src\main\resources\bets.temp' is opened by 5340@DESKTOP-1B6RACQ

[2021-02-26 17:19:25 #2 type] 
Type domain.Pertsona is not enhanced.

[2021-02-26 17:19:25 #3 type] 
Type domain.Admin is not enhanced.

[2021-02-26 17:19:25 #4 type] 
Type domain.Bezeroa is not enhanced.

[2021-02-26 17:19:25 #5 type] 
Type domain.Langilea is not enhanced.

[2021-02-26 17:19:25 #6 type] 
Type domain.Question is not enhanced.

[2021-02-26 17:19:26 #7 type] 
Type domain.Event is not enhanced.

------------------------------------------------------------------------------------------------------------------------

[2021-02-26 17:21:23 #1 store] 
Database 'C:\Users\Josu\Desktop\Bets21-master\src\main\resources\bets.temp' is opened by 11504@DESKTOP-1B6RACQ

[2021-02-26 17:21:23 #2 type] 
Type domain.Pertsona is not enhanced.

[2021-02-26 17:21:23 #3 type] 
Type domain.Admin is not enhanced.

[2021-02-26 17:21:23 #4 type] 
Type domain.Bezeroa is not enhanced.

[2021-02-26 17:21:23 #5 type] 
Type domain.Langilea is not enhanced.

[2021-02-26 17:21:24 #6 type] 
Type domain.Question is not enhanced.

[2021-02-26 17:21:24 #7 type] 
Type domain.Event is not enhanced.

------------------------------------------------------------------------------------------------------------------------

[2021-02-26 17:25:09 #1 store] 
Database 'C:\Users\Josu\Desktop\Bets21-master\src\main\resources\bets.temp' is opened by 10528@DESKTOP-1B6RACQ

[2021-02-26 17:25:09 #2 type] 
Type domain.Pertsona is not enhanced.

[2021-02-26 17:25:09 #3 type] 
Type domain.Admin is not enhanced.

[2021-02-26 17:25:09 #4 type] 
Type domain.Bezeroa is not enhanced.

[2021-02-26 17:25:09 #5 type] 
Type domain.Langilea is not enhanced.

[2021-02-26 17:25:09 #6 type] 
Type domain.Question is not enhanced.

[2021-02-26 17:25:09 #7 type] 
Type domain.Event is not enhanced.

------------------------------------------------------------------------------------------------------------------------

[2021-02-26 17:27:01 #1 store] 
Database 'C:\Users\Josu\Desktop\Bets21-master\src\main\resources\bets.temp' is opened by 7672@DESKTOP-1B6RACQ

[2021-02-26 17:27:01 #2 type] 
Type domain.Pertsona is not enhanced.

[2021-02-26 17:27:01 #3 type] 
Type domain.Admin is not enhanced.

[2021-02-26 17:27:01 #4 type] 
Type domain.Bezeroa is not enhanced.

[2021-02-26 17:27:01 #5 type] 
Type domain.Langilea is not enhanced.

[2021-02-26 17:27:01 #6 type] 
Type domain.Question is not enhanced.

[2021-02-26 17:27:01 #7 type] 
Type domain.Event is not enhanced.

------------------------------------------------------------------------------------------------------------------------

[2021-02-26 17:30:05 #1 store] 
Database 'C:\Users\Josu\Desktop\Bets21-master\src\main\resources\bets.temp' is opened by 9608@DESKTOP-1B6RACQ

[2021-02-26 17:30:05 #2 type] 
Type domain.Pertsona is not enhanced.

[2021-02-26 17:30:05 #3 type] 
Type domain.Admin is not enhanced.

[2021-02-26 17:30:05 #4 type] 
Type domain.Bezeroa is not enhanced.

[2021-02-26 17:30:05 #5 type] 
Type domain.Langilea is not enhanced.

[2021-02-26 17:30:05 #6 type] 
Type domain.Question is not enhanced.

[2021-02-26 17:30:05 #7 type] 
Type domain.Event is not enhanced.

------------------------------------------------------------------------------------------------------------------------

[2021-02-26 17:33:50 #1 store] 
Database 'C:\Users\Josu\Desktop\Bets21-master\src\main\resources\bets.temp' is opened by 10180@DESKTOP-1B6RACQ

[2021-02-26 17:33:50 #2 type] 
Type domain.Pertsona is not enhanced.

[2021-02-26 17:33:50 #3 type] 
Type domain.Admin is not enhanced.

[2021-02-26 17:33:50 #4 type] 
Type domain.Bezeroa is not enhanced.

[2021-02-26 17:33:50 #5 type] 
Type domain.Langilea is not enhanced.

[2021-02-26 17:33:50 #6 type] 
Type domain.Question is not enhanced.

[2021-02-26 17:33:50 #7 type] 
Type domain.Event is not enhanced.

------------------------------------------------------------------------------------------------------------------------

[2021-02-26 17:34:47 #1 store] 
Database 'C:\Users\Josu\Desktop\Bets21-master\src\main\resources\bets.temp' is opened by 12236@DESKTOP-1B6RACQ

[2021-02-26 17:34:47 #2 type] 
Type domain.Pertsona is not enhanced.

[2021-02-26 17:34:47 #3 type] 
Type domain.Admin is not enhanced.

[2021-02-26 17:34:47 #4 type] 
Type domain.Bezeroa is not enhanced.

[2021-02-26 17:34:47 #5 type] 
Type domain.Langilea is not enhanced.

[2021-02-26 17:34:47 #6 type] 
Type domain.Question is not enhanced.

[2021-02-26 17:34:47 #7 type] 
Type domain.Event is not enhanced.

------------------------------------------------------------------------------------------------------------------------

[2021-02-26 17:35:58 #1 store] 
Database 'C:\Users\Josu\Desktop\Bets21-master\src\main\resources\bets.temp' is opened by 4516@DESKTOP-1B6RACQ

[2021-02-26 17:35:58 #2 type.registry] 
New type domain.Pertsona

[2021-02-26 17:35:58 #3 type.registry] 
New type domain.Admin

[2021-02-26 17:35:58 #4 type] 
Type domain.Pertsona is not enhanced.

[2021-02-26 17:35:58 #5 type] 
Type domain.Admin is not enhanced.

[2021-02-26 17:35:58 #6 type.registry] 
New type domain.Bezeroa

[2021-02-26 17:35:58 #7 type] 
Type domain.Bezeroa is not enhanced.

[2021-02-26 17:35:58 #8 type.registry] 
New type domain.Langilea

[2021-02-26 17:35:58 #9 type] 
Type domain.Langilea is not enhanced.

[2021-02-26 17:35:58 #10 type.registry] 
New type domain.Question

[2021-02-26 17:35:58 #11 type] 
Type domain.Question is not enhanced.

[2021-02-26 17:35:58 #12 type.registry] 
New type domain.Event

[2021-02-26 17:35:58 #13 type] 
Type domain.Event is not enhanced.

[2021-02-26 17:35:58 #14 type.registry] 
New type java.util.Vector<domain.Question>

[2021-02-26 17:35:58 #15 type.registry] 
New type java.util.Vector<java.lang.Object>

------------------------------------------------------------------------------------------------------------------------

[2021-02-26 17:43:20 #1 store] 
Database 'C:\Users\Josu\Desktop\Bets21-master\src\main\resources\bets.temp' is opened by 11400@DESKTOP-1B6RACQ

[2021-02-26 17:43:20 #2 type.registry] 
New type domain.Pertsona

[2021-02-26 17:43:20 #3 type.registry] 
New type domain.Admin

[2021-02-26 17:43:20 #4 type] 
Type domain.Pertsona is not enhanced.

[2021-02-26 17:43:20 #5 type] 
Type domain.Admin is not enhanced.

[2021-02-26 17:43:20 #6 type.registry] 
New type domain.Bezeroa

[2021-02-26 17:43:20 #7 type] 
Type domain.Bezeroa is not enhanced.

[2021-02-26 17:43:20 #8 type.registry] 
New type domain.Langilea

[2021-02-26 17:43:20 #9 type] 
Type domain.Langilea is not enhanced.

[2021-02-26 17:43:20 #10 type.registry] 
New type domain.Question

[2021-02-26 17:43:20 #11 type] 
Type domain.Question is not enhanced.

[2021-02-26 17:43:20 #12 type.registry] 
New type domain.Event

[2021-02-26 17:43:20 #13 type] 
Type domain.Event is not enhanced.

[2021-02-26 17:43:20 #14 type.registry] 
New type java.util.Vector<domain.Question>

[2021-02-26 17:43:20 #15 type.registry] 
New type java.util.Vector<java.lang.Object>

------------------------------------------------------------------------------------------------------------------------

[2021-02-26 18:44:50 #1 store] 
Database 'C:\Users\Josu\Desktop\Bets21-master\src\main\resources\bets.temp' is opened by 11184@DESKTOP-1B6RACQ

[2021-02-26 18:44:50 #2 type.registry] 
New type domain.Pertsona

[2021-02-26 18:44:50 #3 type.registry] 
New type domain.Admin

[2021-02-26 18:44:50 #4 type] 
Type domain.Pertsona is not enhanced.

[2021-02-26 18:44:50 #5 type] 
Type domain.Admin is not enhanced.

[2021-02-26 18:44:50 #6 type.registry] 
New type domain.Bezeroa

[2021-02-26 18:44:50 #7 type] 
Type domain.Bezeroa is not enhanced.

[2021-02-26 18:44:50 #8 type.registry] 
New type domain.Langilea

[2021-02-26 18:44:50 #9 type] 
Type domain.Langilea is not enhanced.

[2021-02-26 18:44:50 #10 type.registry] 
New type domain.Question

[2021-02-26 18:44:50 #11 type] 
Type domain.Question is not enhanced.

[2021-02-26 18:44:50 #12 type.registry] 
New type domain.Event

[2021-02-26 18:44:50 #13 type] 
Type domain.Event is not enhanced.

[2021-02-26 18:44:50 #14 type.registry] 
New type java.util.Vector<domain.Question>

[2021-02-26 18:44:50 #15 type.registry] 
New type java.util.Vector<java.lang.Object>

------------------------------------------------------------------------------------------------------------------------

[2021-02-26 18:53:20 #1 store] 
Database 'C:\Users\Josu\Desktop\Bets21-master\src\main\resources\bets.temp' is opened by 9164@DESKTOP-1B6RACQ

[2021-02-26 18:53:20 #2 type.registry] 
New type domain.Pertsona

[2021-02-26 18:53:20 #3 type.registry] 
New type domain.Admin

[2021-02-26 18:53:20 #4 type] 
Type domain.Pertsona is not enhanced.

[2021-02-26 18:53:20 #5 type] 
Type domain.Admin is not enhanced.

[2021-02-26 18:53:20 #6 type.registry] 
New type domain.Langilea

[2021-02-26 18:53:20 #7 type] 
Type domain.Langilea is not enhanced.

[2021-02-26 18:53:20 #8 type.registry] 
New type domain.Question

[2021-02-26 18:53:20 #9 type] 
Type domain.Question is not enhanced.

[2021-02-26 18:53:20 #10 type.registry] 
New type domain.Event

[2021-02-26 18:53:20 #11 type] 
Type domain.Event is not enhanced.

[2021-02-26 18:53:20 #12 type.registry] 
New type java.util.Vector<domain.Question>

[2021-02-26 18:53:20 #13 type.registry] 
New type java.util.Vector<java.lang.Object>

------------------------------------------------------------------------------------------------------------------------

[2021-02-26 18:55:32 #1 store] 
Database 'C:\Users\Josu\Desktop\Bets21-master\src\main\resources\bets.temp' is opened by 8460@DESKTOP-1B6RACQ

[2021-02-26 18:55:32 #2 type.registry] 
New type domain.Pertsona

[2021-02-26 18:55:32 #3 type.registry] 
New type domain.Admin

[2021-02-26 18:55:32 #4 type] 
Type domain.Pertsona is not enhanced.

[2021-02-26 18:55:32 #5 type] 
Type domain.Admin is not enhanced.

[2021-02-26 18:55:32 #6 type.registry] 
New type domain.Langilea

[2021-02-26 18:55:32 #7 type] 
Type domain.Langilea is not enhanced.

[2021-02-26 18:55:32 #8 type.registry] 
New type domain.Question

[2021-02-26 18:55:32 #9 type] 
Type domain.Question is not enhanced.

[2021-02-26 18:55:32 #10 type.registry] 
New type domain.Event

[2021-02-26 18:55:32 #11 type] 
Type domain.Event is not enhanced.

[2021-02-26 18:55:32 #12 type.registry] 
New type java.util.Vector<domain.Question>

[2021-02-26 18:55:32 #13 type.registry] 
New type java.util.Vector<java.lang.Object>

------------------------------------------------------------------------------------------------------------------------

[2021-02-26 18:59:44 #1 store] 
Database 'C:\Users\Josu\Desktop\Bets21-master\src\main\resources\bets.temp' has been recovered (tr. 1-7)

[2021-02-26 18:59:44 #2 store] 
Database 'C:\Users\Josu\Desktop\Bets21-master\src\main\resources\bets.temp' is opened by 7052@DESKTOP-1B6RACQ

[2021-02-26 18:59:44 #3 type] 
Type domain.Pertsona is not enhanced.

[2021-02-26 18:59:44 #4 type] 
Type domain.Admin is not enhanced.

[2021-02-26 18:59:44 #5 type] 
Type domain.Langilea is not enhanced.

[2021-02-26 18:59:44 #6 type] 
Type domain.Question is not enhanced.

[2021-02-26 18:59:44 #7 type] 
Type domain.Event is not enhanced.

------------------------------------------------------------------------------------------------------------------------

[2021-02-26 19:04:19 #1 store] 
Database 'C:\Users\Josu\Desktop\Bets21-master\src\main\resources\bets.temp' is opened by 9976@DESKTOP-1B6RACQ

[2021-02-26 19:04:19 #2 type] 
Type domain.Pertsona is not enhanced.

[2021-02-26 19:04:19 #3 type] 
Type domain.Admin is not enhanced.

[2021-02-26 19:04:19 #4 type] 
Type domain.Langilea is not enhanced.

[2021-02-26 19:04:19 #5 type] 
Type domain.Question is not enhanced.

[2021-02-26 19:04:19 #6 type] 
Type domain.Event is not enhanced.

------------------------------------------------------------------------------------------------------------------------

[2021-02-26 19:04:40 #1 store] 
Database 'C:\Users\Josu\Desktop\Bets21-master\src\main\resources\bets.temp' is opened by 11892@DESKTOP-1B6RACQ

[2021-02-26 19:04:40 #2 type] 
Type domain.Pertsona is not enhanced.

[2021-02-26 19:04:40 #3 type] 
Type domain.Admin is not enhanced.

[2021-02-26 19:04:40 #4 type] 
Type domain.Langilea is not enhanced.

[2021-02-26 19:04:40 #5 type] 
Type domain.Question is not enhanced.

[2021-02-26 19:04:40 #6 type] 
Type domain.Event is not enhanced.

------------------------------------------------------------------------------------------------------------------------

[2021-02-26 19:04:59 #1 store] 
Database 'C:\Users\Josu\Desktop\Bets21-master\src\main\resources\bets.temp' is opened by 1540@DESKTOP-1B6RACQ

[2021-02-26 19:04:59 #2 type] 
Type domain.Pertsona is not enhanced.

[2021-02-26 19:04:59 #3 type] 
Type domain.Admin is not enhanced.

[2021-02-26 19:04:59 #4 type] 
Type domain.Langilea is not enhanced.

[2021-02-26 19:04:59 #5 type] 
Type domain.Question is not enhanced.

[2021-02-26 19:04:59 #6 type] 
Type domain.Event is not enhanced.

------------------------------------------------------------------------------------------------------------------------

[2021-02-26 19:06:11 #1 store] 
Database 'C:\Users\Josu\Desktop\Bets21-master\src\main\resources\bets.temp' is opened by 1988@DESKTOP-1B6RACQ

[2021-02-26 19:06:11 #2 type] 
Type domain.Pertsona is not enhanced.

[2021-02-26 19:06:11 #3 type] 
Type domain.Admin is not enhanced.

[2021-02-26 19:06:11 #4 type] 
Type domain.Langilea is not enhanced.

[2021-02-26 19:06:11 #5 type] 
Type domain.Question is not enhanced.

[2021-02-26 19:06:11 #6 type] 
Type domain.Event is not enhanced.

------------------------------------------------------------------------------------------------------------------------

[2021-02-26 19:06:16 #1 store] 
Database 'C:\Users\Josu\Desktop\Bets21-master\src\main\resources\bets.temp' is opened by 11488@DESKTOP-1B6RACQ

[2021-02-26 19:06:16 #2 type] 
Type domain.Pertsona is not enhanced.

[2021-02-26 19:06:16 #3 type] 
Type domain.Admin is not enhanced.

[2021-02-26 19:06:16 #4 type] 
Type domain.Langilea is not enhanced.

[2021-02-26 19:06:16 #5 type] 
Type domain.Question is not enhanced.

[2021-02-26 19:06:16 #6 type] 
Type domain.Event is not enhanced.

------------------------------------------------------------------------------------------------------------------------

[2021-02-26 19:06:34 #1 store] 
Database 'C:\Users\Josu\Desktop\Bets21-master\src\main\resources\bets.temp' is opened by 5760@DESKTOP-1B6RACQ

[2021-02-26 19:06:34 #2 type] 
Type domain.Pertsona is not enhanced.

[2021-02-26 19:06:34 #3 type] 
Type domain.Admin is not enhanced.

[2021-02-26 19:06:34 #4 type] 
Type domain.Langilea is not enhanced.

[2021-02-26 19:06:34 #5 type] 
Type domain.Question is not enhanced.

[2021-02-26 19:06:34 #6 type] 
Type domain.Event is not enhanced.

------------------------------------------------------------------------------------------------------------------------

[2021-02-26 19:08:08 #1 store] 
Database 'C:\Users\Josu\Desktop\Bets21-master\src\main\resources\bets.temp' is opened by 11568@DESKTOP-1B6RACQ

[2021-02-26 19:08:08 #2 type] 
Type domain.Pertsona is not enhanced.

[2021-02-26 19:08:08 #3 type] 
Type domain.Admin is not enhanced.

[2021-02-26 19:08:08 #4 type] 
Type domain.Langilea is not enhanced.

[2021-02-26 19:08:08 #5 type] 
Type domain.Question is not enhanced.

[2021-02-26 19:08:08 #6 type] 
Type domain.Event is not enhanced.

[2021-02-26 19:11:49 #7 type.registry] 
New type domain.Bezeroa

[2021-02-26 19:11:49 #8 type] 
Type domain.Bezeroa is not enhanced.

------------------------------------------------------------------------------------------------------------------------

[2021-02-26 19:12:30 #1 store] 
Database 'C:\Users\Josu\Desktop\Bets21-master\src\main\resources\bets.temp' is opened by 5960@DESKTOP-1B6RACQ

[2021-02-26 19:12:30 #2 type.registry] 
New type domain.Pertsona

[2021-02-26 19:12:30 #3 type.registry] 
New type domain.Admin

[2021-02-26 19:12:30 #4 type] 
Type domain.Pertsona is not enhanced.

[2021-02-26 19:12:30 #5 type] 
Type domain.Admin is not enhanced.

[2021-02-26 19:12:30 #6 type.registry] 
New type domain.Langilea

[2021-02-26 19:12:30 #7 type] 
Type domain.Langilea is not enhanced.

[2021-02-26 19:12:30 #8 type.registry] 
New type domain.Question

[2021-02-26 19:12:30 #9 type] 
Type domain.Question is not enhanced.

[2021-02-26 19:12:30 #10 type.registry] 
New type domain.Event

[2021-02-26 19:12:30 #11 type] 
Type domain.Event is not enhanced.

[2021-02-26 19:12:30 #12 type.registry] 
New type java.util.Vector<domain.Question>

[2021-02-26 19:12:30 #13 type.registry] 
New type java.util.Vector<java.lang.Object>

------------------------------------------------------------------------------------------------------------------------

[2021-02-26 19:13:11 #1 store] 
Database 'C:\Users\Josu\Desktop\Bets21-master\src\main\resources\bets.temp' has been recovered (tr. 1-7)

[2021-02-26 19:13:11 #2 store] 
Database 'C:\Users\Josu\Desktop\Bets21-master\src\main\resources\bets.temp' is opened by 10260@DESKTOP-1B6RACQ

[2021-02-26 19:13:11 #3 type] 
Type domain.Pertsona is not enhanced.

[2021-02-26 19:13:11 #4 type] 
Type domain.Admin is not enhanced.

[2021-02-26 19:13:11 #5 type] 
Type domain.Langilea is not enhanced.

[2021-02-26 19:13:11 #6 type] 
Type domain.Question is not enhanced.

[2021-02-26 19:13:11 #7 type] 
Type domain.Event is not enhanced.

[2021-02-26 19:15:54 #8 type.registry] 
New type domain.Bezeroa

[2021-02-26 19:15:54 #9 type] 
Type domain.Bezeroa is not enhanced.

------------------------------------------------------------------------------------------------------------------------

[2021-02-26 19:23:36 #1 store] 
Database 'C:\Users\Josu\Desktop\Bets21-master\src\main\resources\bets.temp' is opened by 12104@DESKTOP-1B6RACQ

[2021-02-26 19:23:36 #2 type] 
Type domain.Pertsona is not enhanced.

[2021-02-26 19:23:36 #3 type] 
Type domain.Admin is not enhanced.

[2021-02-26 19:23:36 #4 type] 
Type domain.Langilea is not enhanced.

[2021-02-26 19:23:36 #5 type] 
Type domain.Question is not enhanced.

[2021-02-26 19:23:36 #6 type] 
Type domain.Event is not enhanced.

[2021-02-26 19:23:36 #7 type] 
Type domain.Bezeroa is not enhanced.

------------------------------------------------------------------------------------------------------------------------

[2021-02-26 19:24:56 #1 store] 
Database 'C:\Users\Josu\Desktop\Bets21-master\src\main\resources\bets.temp' is opened by 10564@DESKTOP-1B6RACQ

[2021-02-26 19:24:56 #2 type] 
Type domain.Pertsona is not enhanced.

[2021-02-26 19:24:56 #3 type] 
Type domain.Admin is not enhanced.

[2021-02-26 19:24:56 #4 type] 
Type domain.Langilea is not enhanced.

[2021-02-26 19:24:56 #5 type] 
Type domain.Question is not enhanced.

[2021-02-26 19:24:56 #6 type] 
Type domain.Event is not enhanced.

[2021-02-26 19:24:56 #7 type] 
Type domain.Bezeroa is not enhanced.

------------------------------------------------------------------------------------------------------------------------

[2021-02-26 19:25:52 #1 store] 
Database 'C:\Users\Josu\Desktop\Bets21-master\src\main\resources\bets.temp' is opened by 320@DESKTOP-1B6RACQ

[2021-02-26 19:25:52 #2 type] 
Type domain.Pertsona is not enhanced.

[2021-02-26 19:25:52 #3 type] 
Type domain.Admin is not enhanced.

[2021-02-26 19:25:52 #4 type] 
Type domain.Langilea is not enhanced.

[2021-02-26 19:25:52 #5 type] 
Type domain.Question is not enhanced.

[2021-02-26 19:25:52 #6 type] 
Type domain.Event is not enhanced.

[2021-02-26 19:25:52 #7 type] 
Type domain.Bezeroa is not enhanced.

------------------------------------------------------------------------------------------------------------------------

[2021-02-26 19:28:04 #1 store] 
Database 'C:\Users\Josu\Desktop\Bets21-master\src\main\resources\bets.temp' has been recovered (tr. 11-11)

[2021-02-26 19:28:04 #2 store] 
Database 'C:\Users\Josu\Desktop\Bets21-master\src\main\resources\bets.temp' is opened by 9832@DESKTOP-1B6RACQ

[2021-02-26 19:28:04 #3 type] 
Type domain.Pertsona is not enhanced.

[2021-02-26 19:28:04 #4 type] 
Type domain.Admin is not enhanced.

[2021-02-26 19:28:04 #5 type] 
Type domain.Langilea is not enhanced.

[2021-02-26 19:28:04 #6 type] 
Type domain.Question is not enhanced.

[2021-02-26 19:28:04 #7 type] 
Type domain.Event is not enhanced.

[2021-02-26 19:28:04 #8 type] 
Type domain.Bezeroa is not enhanced.

------------------------------------------------------------------------------------------------------------------------

[2021-02-26 19:30:33 #1 store] 
Database 'C:\Users\Josu\Desktop\Bets21-master\src\main\resources\bets.temp' is opened by 8140@DESKTOP-1B6RACQ

[2021-02-26 19:30:33 #2 type.registry] 
New type domain.Pertsona

[2021-02-26 19:30:33 #3 type.registry] 
New type domain.Admin

[2021-02-26 19:30:33 #4 type] 
Type domain.Pertsona is not enhanced.

[2021-02-26 19:30:33 #5 type] 
Type domain.Admin is not enhanced.

[2021-02-26 19:30:33 #6 type.registry] 
New type domain.Langilea

[2021-02-26 19:30:33 #7 type] 
Type domain.Langilea is not enhanced.

[2021-02-26 19:30:33 #8 type.registry] 
New type domain.Question

[2021-02-26 19:30:33 #9 type] 
Type domain.Question is not enhanced.

[2021-02-26 19:30:33 #10 type.registry] 
New type domain.Event

[2021-02-26 19:30:33 #11 type] 
Type domain.Event is not enhanced.

[2021-02-26 19:30:33 #12 type.registry] 
New type java.util.Vector<domain.Question>

[2021-02-26 19:30:33 #13 type.registry] 
New type java.util.Vector<java.lang.Object>

------------------------------------------------------------------------------------------------------------------------

[2021-02-26 19:31:16 #1 store] 
Database 'C:\Users\Josu\Desktop\Bets21-master\src\main\resources\bets.temp' has been recovered (tr. 1-7)

[2021-02-26 19:31:16 #2 store] 
Database 'C:\Users\Josu\Desktop\Bets21-master\src\main\resources\bets.temp' is opened by 11340@DESKTOP-1B6RACQ

[2021-02-26 19:31:16 #3 type] 
Type domain.Pertsona is not enhanced.

[2021-02-26 19:31:16 #4 type] 
Type domain.Admin is not enhanced.

[2021-02-26 19:31:16 #5 type] 
Type domain.Langilea is not enhanced.

[2021-02-26 19:31:16 #6 type] 
Type domain.Question is not enhanced.

[2021-02-26 19:31:16 #7 type] 
Type domain.Event is not enhanced.

[2021-02-26 19:33:53 #8 type.registry] 
New type domain.Bezeroa

[2021-02-26 19:33:53 #9 type] 
Type domain.Bezeroa is not enhanced.

------------------------------------------------------------------------------------------------------------------------

[2021-02-26 19:39:35 #1 store] 
Database 'C:\Users\Josu\Desktop\Bets21-master\src\main\resources\bets.temp' has been recovered (tr. 8-11)

[2021-02-26 19:39:35 #2 store] 
Database 'C:\Users\Josu\Desktop\Bets21-master\src\main\resources\bets.temp' is opened by 10564@DESKTOP-1B6RACQ

[2021-02-26 19:39:35 #3 type] 
Type domain.Pertsona is not enhanced.

[2021-02-26 19:39:35 #4 type] 
Type domain.Admin is not enhanced.

[2021-02-26 19:39:35 #5 type] 
Type domain.Langilea is not enhanced.

[2021-02-26 19:39:35 #6 type] 
Type domain.Question is not enhanced.

[2021-02-26 19:39:35 #7 type] 
Type domain.Event is not enhanced.

[2021-02-26 19:39:35 #8 type] 
Type domain.Bezeroa is not enhanced.

