------------------------------------------------------------------------------------------------------------------------

[2021-02-19 15:38:47 #1 store] 
Database 'C:\Users\Josu\Desktop\Bets21-master\src\main\resources\bets.temp' is opened by 676@DESKTOP-1B6RACQ

[2021-02-19 15:38:47 #2 type.registry] 
New type domain.Pertsona

[2021-02-19 15:38:47 #3 type.registry] 
New type domain.Admin

[2021-02-19 15:38:47 #4 type] 
Type domain.Pertsona is not enhanced.

[2021-02-19 15:38:47 #5 type] 
Type domain.Admin is not enhanced.

[2021-02-19 15:38:47 #6 type.registry] 
New type domain.Bezeroa

[2021-02-19 15:38:47 #7 type] 
Type domain.Bezeroa is not enhanced.

[2021-02-19 15:38:47 #8 type.registry] 
New type domain.Langilea

[2021-02-19 15:38:47 #9 type] 
Type domain.Langilea is not enhanced.

[2021-02-19 15:38:47 #10 type.registry] 
New type domain.Question

[2021-02-19 15:38:47 #11 type] 
Type domain.Question is not enhanced.

[2021-02-19 15:38:47 #12 type.registry] 
New type domain.Event

[2021-02-19 15:38:47 #13 type] 
Type domain.Event is not enhanced.

[2021-02-19 15:38:47 #14 type.registry] 
New type java.util.Vector<domain.Question>

[2021-02-19 15:38:47 #15 type.registry] 
New type java.util.Vector<java.lang.Object>

------------------------------------------------------------------------------------------------------------------------

[2021-02-19 15:40:58 #1 store] 
Database 'C:\Users\Josu\Desktop\Bets21-master\src\main\resources\bets.temp' is opened by 7764@DESKTOP-1B6RACQ

[2021-02-19 15:40:58 #2 type.registry] 
New type domain.Pertsona

[2021-02-19 15:40:58 #3 type.registry] 
New type domain.Admin

[2021-02-19 15:40:58 #4 type] 
Type domain.Pertsona is not enhanced.

[2021-02-19 15:40:58 #5 type] 
Type domain.Admin is not enhanced.

[2021-02-19 15:40:58 #6 type.registry] 
New type domain.Bezeroa

[2021-02-19 15:40:58 #7 type] 
Type domain.Bezeroa is not enhanced.

[2021-02-19 15:40:58 #8 type.registry] 
New type domain.Langilea

[2021-02-19 15:40:58 #9 type] 
Type domain.Langilea is not enhanced.

[2021-02-19 15:40:58 #10 type.registry] 
New type domain.Question

[2021-02-19 15:40:58 #11 type] 
Type domain.Question is not enhanced.

[2021-02-19 15:40:58 #12 type.registry] 
New type domain.Event

[2021-02-19 15:40:58 #13 type] 
Type domain.Event is not enhanced.

[2021-02-19 15:40:58 #14 type.registry] 
New type java.util.Vector<domain.Question>

[2021-02-19 15:40:58 #15 type.registry] 
New type java.util.Vector<java.lang.Object>

------------------------------------------------------------------------------------------------------------------------

[2021-02-19 16:17:09 #1 store] 
Database 'C:\Users\Josu\Desktop\Bets21-master\src\main\resources\bets.temp' is opened by 7556@DESKTOP-1B6RACQ

[2021-02-19 16:17:10 #2 type.registry] 
New type domain.Pertsona

[2021-02-19 16:17:10 #3 type.registry] 
New type domain.Admin

[2021-02-19 16:17:10 #4 type] 
Type domain.Pertsona is not enhanced.

[2021-02-19 16:17:10 #5 type] 
Type domain.Admin is not enhanced.

[2021-02-19 16:17:10 #6 type.registry] 
New type domain.Bezeroa

[2021-02-19 16:17:10 #7 type] 
Type domain.Bezeroa is not enhanced.

[2021-02-19 16:17:10 #8 type.registry] 
New type domain.Langilea

[2021-02-19 16:17:10 #9 type] 
Type domain.Langilea is not enhanced.

[2021-02-19 16:17:10 #10 type.registry] 
New type domain.Question

[2021-02-19 16:17:10 #11 type] 
Type domain.Question is not enhanced.

[2021-02-19 16:17:10 #12 type.registry] 
New type domain.Event

[2021-02-19 16:17:10 #13 type] 
Type domain.Event is not enhanced.

[2021-02-19 16:17:10 #14 type.registry] 
New type java.util.Vector<domain.Question>

[2021-02-19 16:17:10 #15 type.registry] 
New type java.util.Vector<java.lang.Object>

------------------------------------------------------------------------------------------------------------------------

[2021-02-19 16:17:45 #1 store] 
Database 'C:\Users\Josu\Desktop\Bets21-master\src\main\resources\bets.temp' is opened by 7564@DESKTOP-1B6RACQ

[2021-02-19 16:17:45 #2 type.registry] 
New type domain.Pertsona

[2021-02-19 16:17:45 #3 type.registry] 
New type domain.Admin

[2021-02-19 16:17:45 #4 type] 
Type domain.Pertsona is not enhanced.

[2021-02-19 16:17:45 #5 type] 
Type domain.Admin is not enhanced.

[2021-02-19 16:17:45 #6 type.registry] 
New type domain.Bezeroa

[2021-02-19 16:17:45 #7 type] 
Type domain.Bezeroa is not enhanced.

[2021-02-19 16:17:45 #8 type.registry] 
New type domain.Langilea

[2021-02-19 16:17:45 #9 type] 
Type domain.Langilea is not enhanced.

[2021-02-19 16:17:45 #10 type.registry] 
New type domain.Question

[2021-02-19 16:17:45 #11 type] 
Type domain.Question is not enhanced.

[2021-02-19 16:17:45 #12 type.registry] 
New type domain.Event

[2021-02-19 16:17:45 #13 type] 
Type domain.Event is not enhanced.

[2021-02-19 16:17:45 #14 type.registry] 
New type java.util.Vector<domain.Question>

[2021-02-19 16:17:45 #15 type.registry] 
New type java.util.Vector<java.lang.Object>

------------------------------------------------------------------------------------------------------------------------

[2021-02-19 16:21:47 #1 store] 
Database 'C:\Users\Josu\Desktop\Bets21-master\src\main\resources\bets.temp' is opened by 8392@DESKTOP-1B6RACQ

[2021-02-19 16:21:47 #2 type.registry] 
New type domain.Pertsona

[2021-02-19 16:21:47 #3 type.registry] 
New type domain.Admin

[2021-02-19 16:21:47 #4 type] 
Type domain.Pertsona is not enhanced.

[2021-02-19 16:21:47 #5 type] 
Type domain.Admin is not enhanced.

[2021-02-19 16:21:47 #6 type.registry] 
New type domain.Bezeroa

[2021-02-19 16:21:47 #7 type] 
Type domain.Bezeroa is not enhanced.

[2021-02-19 16:21:47 #8 type.registry] 
New type domain.Langilea

[2021-02-19 16:21:47 #9 type] 
Type domain.Langilea is not enhanced.

[2021-02-19 16:21:47 #10 type.registry] 
New type domain.Question

[2021-02-19 16:21:47 #11 type] 
Type domain.Question is not enhanced.

[2021-02-19 16:21:47 #12 type.registry] 
New type domain.Event

[2021-02-19 16:21:47 #13 type] 
Type domain.Event is not enhanced.

[2021-02-19 16:21:47 #14 type.registry] 
New type java.util.Vector<domain.Question>

[2021-02-19 16:21:47 #15 type.registry] 
New type java.util.Vector<java.lang.Object>

